#! /home1/c/cis5710/tools/bin/vvp
:ivl_version "11.0 (stable)" "(v11_0)";
:ivl_delay_selection "TYPICAL";
:vpi_time_precision - 12;
:vpi_module "/home1/c/cis5710/tools/lib/ivl/system.vpi";
:vpi_module "/home1/c/cis5710/tools/lib/ivl/vhdl_sys.vpi";
:vpi_module "/home1/c/cis5710/tools/lib/ivl/vhdl_textio.vpi";
:vpi_module "/home1/c/cis5710/tools/lib/ivl/v2005_math.vpi";
:vpi_module "/home1/c/cis5710/tools/lib/ivl/va_math.vpi";
S_0x2274990 .scope module, "test_regfile" "test_regfile" 2 16;
 .timescale -9 -12;
v0x22b4d80_0 .var "clk", 0 0;
v0x22b4e40_0 .var/i "errors", 31 0;
v0x22b4f20_0 .var "expectedValue1", 15 0;
v0x22b5010_0 .var "expectedValue2", 15 0;
v0x22b50f0_0 .var "gwe", 0 0;
v0x22b5190_0 .var/i "input_file", 31 0;
v0x22b5270_0 .var/i "output_file", 31 0;
v0x22b5350_0 .var "rd", 2 0;
v0x22b5410_0 .var "rs", 2 0;
v0x22b54e0_0 .net "rs_data", 15 0, L_0x22ca1f0;  1 drivers
v0x22b55b0_0 .var "rst", 0 0;
v0x22b5650_0 .var "rt", 2 0;
v0x22b5720_0 .net "rt_data", 15 0, L_0x22cba90;  1 drivers
v0x22b57f0_0 .var/i "tests", 31 0;
v0x22b58b0_0 .var "wdata", 15 0;
v0x22b5970_0 .var "wen", 0 0;
S_0x22723b0 .scope task, "printPoints" "printPoints" 3 1, 3 1 0, S_0x2274990;
 .timescale -9 -12;
v0x22731a0_0 .var "actual", 31 0;
v0x2270bc0_0 .var "possible", 31 0;
TD_test_regfile.printPoints ;
    %vpi_call 3 4 "$display", "<scorePossible>%d</scorePossible>", v0x2270bc0_0 {0 0 0};
    %vpi_call 3 5 "$display", "<scoreActual>%d</scoreActual>", v0x22731a0_0 {0 0 0};
    %end;
S_0x22a9660 .scope module, "regfile" "lc4_regfile" 2 41, 4 14 0, S_0x2274990;
 .timescale -9 -12;
    .port_info 0 /INPUT 1 "clk";
    .port_info 1 /INPUT 1 "gwe";
    .port_info 2 /INPUT 1 "rst";
    .port_info 3 /INPUT 3 "i_rs";
    .port_info 4 /OUTPUT 16 "o_rs_data";
    .port_info 5 /INPUT 3 "i_rt";
    .port_info 6 /OUTPUT 16 "o_rt_data";
    .port_info 7 /INPUT 3 "i_rd";
    .port_info 8 /INPUT 16 "i_wdata";
    .port_info 9 /INPUT 1 "i_rd_we";
P_0x22a9860 .param/l "n" 0 4 14, +C4<00000000000000000000000000010000>;
L_0x226e4c0 .functor AND 1, L_0x22b5c20, L_0x22c5f30, C4<1>, C4<1>;
L_0x22506a0 .functor AND 1, L_0x22c6230, L_0x22c6490, C4<1>, C4<1>;
L_0x2289570 .functor AND 1, L_0x22c67a0, L_0x22c6930, C4<1>, C4<1>;
L_0x22c6f80 .functor AND 1, L_0x22c6bb0, L_0x22c6da0, C4<1>, C4<1>;
L_0x22c6f10 .functor AND 1, L_0x22c7220, L_0x22c7480, C4<1>, C4<1>;
L_0x22c7c70 .functor AND 1, L_0x22c77f0, L_0x22c7a60, C4<1>, C4<1>;
L_0x22c8470 .functor AND 1, L_0x22c8030, L_0x22c7bd0, C4<1>, C4<1>;
L_0x22c8cd0 .functor AND 1, L_0x22c87f0, L_0x22c8a90, C4<1>, C4<1>;
L_0x7fa2fc6d4018 .functor BUFT 1, C4<000>, C4<0>, C4<0>, C4<0>;
v0x22aec00_0 .net/2u *"_ivl_0", 2 0, L_0x7fa2fc6d4018;  1 drivers
v0x22aed00_0 .net *"_ivl_10", 0 0, L_0x22c5f30;  1 drivers
v0x22aedc0_0 .net *"_ivl_100", 0 0, L_0x22c87f0;  1 drivers
v0x22aee60_0 .net *"_ivl_102", 31 0, L_0x22c89a0;  1 drivers
L_0x7fa2fc6d4648 .functor BUFT 1, C4<0000000000000000000000000000000>, C4<0>, C4<0>, C4<0>;
v0x22aef40_0 .net *"_ivl_105", 30 0, L_0x7fa2fc6d4648;  1 drivers
L_0x7fa2fc6d4690 .functor BUFT 1, C4<00000000000000000000000000000001>, C4<0>, C4<0>, C4<0>;
v0x22af070_0 .net/2u *"_ivl_106", 31 0, L_0x7fa2fc6d4690;  1 drivers
v0x22af150_0 .net *"_ivl_108", 0 0, L_0x22c8a90;  1 drivers
L_0x7fa2fc6d46d8 .functor BUFT 1, C4<000>, C4<0>, C4<0>, C4<0>;
v0x22af210_0 .net/2u *"_ivl_112", 2 0, L_0x7fa2fc6d46d8;  1 drivers
v0x22af2f0_0 .net *"_ivl_114", 0 0, L_0x22c8e30;  1 drivers
L_0x7fa2fc6d4720 .functor BUFT 1, C4<001>, C4<0>, C4<0>, C4<0>;
v0x22af3b0_0 .net/2u *"_ivl_116", 2 0, L_0x7fa2fc6d4720;  1 drivers
v0x22af490_0 .net *"_ivl_118", 0 0, L_0x22c8f70;  1 drivers
L_0x7fa2fc6d4768 .functor BUFT 1, C4<010>, C4<0>, C4<0>, C4<0>;
v0x22af550_0 .net/2u *"_ivl_120", 2 0, L_0x7fa2fc6d4768;  1 drivers
v0x22af630_0 .net *"_ivl_122", 0 0, L_0x22c9140;  1 drivers
L_0x7fa2fc6d47b0 .functor BUFT 1, C4<011>, C4<0>, C4<0>, C4<0>;
v0x22af6f0_0 .net/2u *"_ivl_124", 2 0, L_0x7fa2fc6d47b0;  1 drivers
v0x22af7d0_0 .net *"_ivl_126", 0 0, L_0x22c91e0;  1 drivers
L_0x7fa2fc6d47f8 .functor BUFT 1, C4<100>, C4<0>, C4<0>, C4<0>;
v0x22af890_0 .net/2u *"_ivl_128", 2 0, L_0x7fa2fc6d47f8;  1 drivers
v0x22af970_0 .net *"_ivl_130", 0 0, L_0x22c93f0;  1 drivers
L_0x7fa2fc6d4840 .functor BUFT 1, C4<101>, C4<0>, C4<0>, C4<0>;
v0x22afa30_0 .net/2u *"_ivl_132", 2 0, L_0x7fa2fc6d4840;  1 drivers
v0x22afb10_0 .net *"_ivl_134", 0 0, L_0x22c9510;  1 drivers
L_0x7fa2fc6d4888 .functor BUFT 1, C4<110>, C4<0>, C4<0>, C4<0>;
v0x22afbd0_0 .net/2u *"_ivl_136", 2 0, L_0x7fa2fc6d4888;  1 drivers
v0x22afcb0_0 .net *"_ivl_138", 0 0, L_0x22c9730;  1 drivers
L_0x7fa2fc6d40f0 .functor BUFT 1, C4<001>, C4<0>, C4<0>, C4<0>;
v0x22afd70_0 .net/2u *"_ivl_14", 2 0, L_0x7fa2fc6d40f0;  1 drivers
v0x22afe50_0 .net *"_ivl_140", 15 0, L_0x22c9850;  1 drivers
v0x22aff30_0 .net *"_ivl_142", 15 0, L_0x22c9a50;  1 drivers
v0x22b0010_0 .net *"_ivl_144", 15 0, L_0x22c9b90;  1 drivers
v0x22b00f0_0 .net *"_ivl_146", 15 0, L_0x22c9df0;  1 drivers
v0x22b01d0_0 .net *"_ivl_148", 15 0, L_0x22c9f30;  1 drivers
v0x22b02b0_0 .net *"_ivl_150", 15 0, L_0x22ca100;  1 drivers
L_0x7fa2fc6d48d0 .functor BUFT 1, C4<000>, C4<0>, C4<0>, C4<0>;
v0x22b0390_0 .net/2u *"_ivl_154", 2 0, L_0x7fa2fc6d48d0;  1 drivers
v0x22b0470_0 .net *"_ivl_156", 0 0, L_0x22ca4c0;  1 drivers
L_0x7fa2fc6d4918 .functor BUFT 1, C4<001>, C4<0>, C4<0>, C4<0>;
v0x22b0530_0 .net/2u *"_ivl_158", 2 0, L_0x7fa2fc6d4918;  1 drivers
v0x22b0610_0 .net *"_ivl_16", 0 0, L_0x22c6230;  1 drivers
v0x22b06d0_0 .net *"_ivl_160", 0 0, L_0x22ca600;  1 drivers
L_0x7fa2fc6d4960 .functor BUFT 1, C4<010>, C4<0>, C4<0>, C4<0>;
v0x22b09a0_0 .net/2u *"_ivl_162", 2 0, L_0x7fa2fc6d4960;  1 drivers
v0x22b0a80_0 .net *"_ivl_164", 0 0, L_0x22ca840;  1 drivers
L_0x7fa2fc6d49a8 .functor BUFT 1, C4<011>, C4<0>, C4<0>, C4<0>;
v0x22b0b40_0 .net/2u *"_ivl_166", 2 0, L_0x7fa2fc6d49a8;  1 drivers
v0x22b0c20_0 .net *"_ivl_168", 0 0, L_0x22ca8e0;  1 drivers
L_0x7fa2fc6d49f0 .functor BUFT 1, C4<100>, C4<0>, C4<0>, C4<0>;
v0x22b0ce0_0 .net/2u *"_ivl_170", 2 0, L_0x7fa2fc6d49f0;  1 drivers
v0x22b0dc0_0 .net *"_ivl_172", 0 0, L_0x22cab30;  1 drivers
L_0x7fa2fc6d4a38 .functor BUFT 1, C4<101>, C4<0>, C4<0>, C4<0>;
v0x22b0e80_0 .net/2u *"_ivl_174", 2 0, L_0x7fa2fc6d4a38;  1 drivers
v0x22b0f60_0 .net *"_ivl_176", 0 0, L_0x22cac20;  1 drivers
L_0x7fa2fc6d4a80 .functor BUFT 1, C4<110>, C4<0>, C4<0>, C4<0>;
v0x22b1020_0 .net/2u *"_ivl_178", 2 0, L_0x7fa2fc6d4a80;  1 drivers
v0x22b1100_0 .net *"_ivl_18", 31 0, L_0x22c6350;  1 drivers
v0x22b11e0_0 .net *"_ivl_180", 0 0, L_0x22cae80;  1 drivers
v0x22b12a0_0 .net *"_ivl_182", 15 0, L_0x22caf70;  1 drivers
v0x22b1380_0 .net *"_ivl_184", 15 0, L_0x22cb1e0;  1 drivers
v0x22b1460_0 .net *"_ivl_186", 15 0, L_0x22cb280;  1 drivers
v0x22b1540_0 .net *"_ivl_188", 15 0, L_0x22cb500;  1 drivers
v0x22b1620_0 .net *"_ivl_190", 15 0, L_0x22cb5f0;  1 drivers
v0x22b1700_0 .net *"_ivl_192", 15 0, L_0x22cb910;  1 drivers
v0x22b17e0_0 .net *"_ivl_2", 0 0, L_0x22b5c20;  1 drivers
L_0x7fa2fc6d4138 .functor BUFT 1, C4<0000000000000000000000000000000>, C4<0>, C4<0>, C4<0>;
v0x22b18a0_0 .net *"_ivl_21", 30 0, L_0x7fa2fc6d4138;  1 drivers
L_0x7fa2fc6d4180 .functor BUFT 1, C4<00000000000000000000000000000001>, C4<0>, C4<0>, C4<0>;
v0x22b1980_0 .net/2u *"_ivl_22", 31 0, L_0x7fa2fc6d4180;  1 drivers
v0x22b1a60_0 .net *"_ivl_24", 0 0, L_0x22c6490;  1 drivers
L_0x7fa2fc6d41c8 .functor BUFT 1, C4<010>, C4<0>, C4<0>, C4<0>;
v0x22b1b20_0 .net/2u *"_ivl_28", 2 0, L_0x7fa2fc6d41c8;  1 drivers
v0x22b1c00_0 .net *"_ivl_30", 0 0, L_0x22c67a0;  1 drivers
v0x22b1cc0_0 .net *"_ivl_32", 31 0, L_0x22c6840;  1 drivers
L_0x7fa2fc6d4210 .functor BUFT 1, C4<0000000000000000000000000000000>, C4<0>, C4<0>, C4<0>;
v0x22b1da0_0 .net *"_ivl_35", 30 0, L_0x7fa2fc6d4210;  1 drivers
L_0x7fa2fc6d4258 .functor BUFT 1, C4<00000000000000000000000000000001>, C4<0>, C4<0>, C4<0>;
v0x22b1e80_0 .net/2u *"_ivl_36", 31 0, L_0x7fa2fc6d4258;  1 drivers
v0x22b1f60_0 .net *"_ivl_38", 0 0, L_0x22c6930;  1 drivers
v0x22b2020_0 .net *"_ivl_4", 31 0, L_0x22b5d90;  1 drivers
L_0x7fa2fc6d42a0 .functor BUFT 1, C4<011>, C4<0>, C4<0>, C4<0>;
v0x22b2100_0 .net/2u *"_ivl_42", 2 0, L_0x7fa2fc6d42a0;  1 drivers
v0x22b21e0_0 .net *"_ivl_44", 0 0, L_0x22c6bb0;  1 drivers
v0x22b22a0_0 .net *"_ivl_46", 31 0, L_0x22c6d00;  1 drivers
L_0x7fa2fc6d42e8 .functor BUFT 1, C4<0000000000000000000000000000000>, C4<0>, C4<0>, C4<0>;
v0x22b2380_0 .net *"_ivl_49", 30 0, L_0x7fa2fc6d42e8;  1 drivers
L_0x7fa2fc6d4330 .functor BUFT 1, C4<00000000000000000000000000000001>, C4<0>, C4<0>, C4<0>;
v0x22b2870_0 .net/2u *"_ivl_50", 31 0, L_0x7fa2fc6d4330;  1 drivers
v0x22b2950_0 .net *"_ivl_52", 0 0, L_0x22c6da0;  1 drivers
L_0x7fa2fc6d4378 .functor BUFT 1, C4<100>, C4<0>, C4<0>, C4<0>;
v0x22b2a10_0 .net/2u *"_ivl_56", 2 0, L_0x7fa2fc6d4378;  1 drivers
v0x22b2af0_0 .net *"_ivl_58", 0 0, L_0x22c7220;  1 drivers
v0x22b2bb0_0 .net *"_ivl_60", 31 0, L_0x22c7310;  1 drivers
L_0x7fa2fc6d43c0 .functor BUFT 1, C4<0000000000000000000000000000000>, C4<0>, C4<0>, C4<0>;
v0x22b2c90_0 .net *"_ivl_63", 30 0, L_0x7fa2fc6d43c0;  1 drivers
L_0x7fa2fc6d4408 .functor BUFT 1, C4<00000000000000000000000000000001>, C4<0>, C4<0>, C4<0>;
v0x22b2d70_0 .net/2u *"_ivl_64", 31 0, L_0x7fa2fc6d4408;  1 drivers
v0x22b2e50_0 .net *"_ivl_66", 0 0, L_0x22c7480;  1 drivers
L_0x7fa2fc6d4060 .functor BUFT 1, C4<0000000000000000000000000000000>, C4<0>, C4<0>, C4<0>;
v0x22b2f10_0 .net *"_ivl_7", 30 0, L_0x7fa2fc6d4060;  1 drivers
L_0x7fa2fc6d4450 .functor BUFT 1, C4<101>, C4<0>, C4<0>, C4<0>;
v0x22b2ff0_0 .net/2u *"_ivl_70", 2 0, L_0x7fa2fc6d4450;  1 drivers
v0x22b30d0_0 .net *"_ivl_72", 0 0, L_0x22c77f0;  1 drivers
v0x22b3190_0 .net *"_ivl_74", 31 0, L_0x22c7970;  1 drivers
L_0x7fa2fc6d4498 .functor BUFT 1, C4<0000000000000000000000000000000>, C4<0>, C4<0>, C4<0>;
v0x22b3270_0 .net *"_ivl_77", 30 0, L_0x7fa2fc6d4498;  1 drivers
L_0x7fa2fc6d44e0 .functor BUFT 1, C4<00000000000000000000000000000001>, C4<0>, C4<0>, C4<0>;
v0x22b3350_0 .net/2u *"_ivl_78", 31 0, L_0x7fa2fc6d44e0;  1 drivers
L_0x7fa2fc6d40a8 .functor BUFT 1, C4<00000000000000000000000000000001>, C4<0>, C4<0>, C4<0>;
v0x22b3430_0 .net/2u *"_ivl_8", 31 0, L_0x7fa2fc6d40a8;  1 drivers
v0x22b3510_0 .net *"_ivl_80", 0 0, L_0x22c7a60;  1 drivers
L_0x7fa2fc6d4528 .functor BUFT 1, C4<110>, C4<0>, C4<0>, C4<0>;
v0x22b35d0_0 .net/2u *"_ivl_84", 2 0, L_0x7fa2fc6d4528;  1 drivers
v0x22b36b0_0 .net *"_ivl_86", 0 0, L_0x22c8030;  1 drivers
v0x22b3770_0 .net *"_ivl_88", 31 0, L_0x22c8120;  1 drivers
L_0x7fa2fc6d4570 .functor BUFT 1, C4<0000000000000000000000000000000>, C4<0>, C4<0>, C4<0>;
v0x22b3850_0 .net *"_ivl_91", 30 0, L_0x7fa2fc6d4570;  1 drivers
L_0x7fa2fc6d45b8 .functor BUFT 1, C4<00000000000000000000000000000001>, C4<0>, C4<0>, C4<0>;
v0x22b3930_0 .net/2u *"_ivl_92", 31 0, L_0x7fa2fc6d45b8;  1 drivers
v0x22b3a10_0 .net *"_ivl_94", 0 0, L_0x22c7bd0;  1 drivers
L_0x7fa2fc6d4600 .functor BUFT 1, C4<111>, C4<0>, C4<0>, C4<0>;
v0x22b3ad0_0 .net/2u *"_ivl_98", 2 0, L_0x7fa2fc6d4600;  1 drivers
v0x22b3bb0_0 .net "clk", 0 0, v0x22b4d80_0;  1 drivers
v0x22b3c50_0 .net "gwe", 0 0, v0x22b50f0_0;  1 drivers
v0x22b3cf0_0 .net "i_rd", 2 0, v0x22b5350_0;  1 drivers
v0x22b3dd0_0 .net "i_rd_we", 0 0, v0x22b5970_0;  1 drivers
v0x22b3e90_0 .net "i_rs", 2 0, v0x22b5410_0;  1 drivers
v0x22b3f70_0 .net "i_rt", 2 0, v0x22b5650_0;  1 drivers
v0x22b4050_0 .net "i_wdata", 15 0, v0x22b58b0_0;  1 drivers
v0x22b4220_0 .net "o_rs_data", 15 0, L_0x22ca1f0;  alias, 1 drivers
v0x22b4300_0 .net "o_rt_data", 15 0, L_0x22cba90;  alias, 1 drivers
v0x22b43e0_0 .net "r0v", 15 0, L_0x2270aa0;  1 drivers
v0x22b44a0_0 .net "r1v", 15 0, L_0x226bee0;  1 drivers
v0x22b4570_0 .net "r2v", 15 0, L_0x2289370;  1 drivers
v0x22b4640_0 .net "r3v", 15 0, L_0x22895e0;  1 drivers
v0x22b4710_0 .net "r4v", 15 0, L_0x22c70c0;  1 drivers
v0x22b47e0_0 .net "r5v", 15 0, L_0x22c7690;  1 drivers
v0x22b48b0_0 .net "r6v", 15 0, L_0x22c7dc0;  1 drivers
v0x22b4980_0 .net "r7v", 15 0, L_0x22c8580;  1 drivers
v0x22b4a50_0 .net "rst", 0 0, v0x22b55b0_0;  1 drivers
L_0x22b5c20 .cmp/eq 3, v0x22b5350_0, L_0x7fa2fc6d4018;
L_0x22b5d90 .concat [ 1 31 0 0], v0x22b5970_0, L_0x7fa2fc6d4060;
L_0x22c5f30 .cmp/eq 32, L_0x22b5d90, L_0x7fa2fc6d40a8;
L_0x22c6230 .cmp/eq 3, v0x22b5350_0, L_0x7fa2fc6d40f0;
L_0x22c6350 .concat [ 1 31 0 0], v0x22b5970_0, L_0x7fa2fc6d4138;
L_0x22c6490 .cmp/eq 32, L_0x22c6350, L_0x7fa2fc6d4180;
L_0x22c67a0 .cmp/eq 3, v0x22b5350_0, L_0x7fa2fc6d41c8;
L_0x22c6840 .concat [ 1 31 0 0], v0x22b5970_0, L_0x7fa2fc6d4210;
L_0x22c6930 .cmp/eq 32, L_0x22c6840, L_0x7fa2fc6d4258;
L_0x22c6bb0 .cmp/eq 3, v0x22b5350_0, L_0x7fa2fc6d42a0;
L_0x22c6d00 .concat [ 1 31 0 0], v0x22b5970_0, L_0x7fa2fc6d42e8;
L_0x22c6da0 .cmp/eq 32, L_0x22c6d00, L_0x7fa2fc6d4330;
L_0x22c7220 .cmp/eq 3, v0x22b5350_0, L_0x7fa2fc6d4378;
L_0x22c7310 .concat [ 1 31 0 0], v0x22b5970_0, L_0x7fa2fc6d43c0;
L_0x22c7480 .cmp/eq 32, L_0x22c7310, L_0x7fa2fc6d4408;
L_0x22c77f0 .cmp/eq 3, v0x22b5350_0, L_0x7fa2fc6d4450;
L_0x22c7970 .concat [ 1 31 0 0], v0x22b5970_0, L_0x7fa2fc6d4498;
L_0x22c7a60 .cmp/eq 32, L_0x22c7970, L_0x7fa2fc6d44e0;
L_0x22c8030 .cmp/eq 3, v0x22b5350_0, L_0x7fa2fc6d4528;
L_0x22c8120 .concat [ 1 31 0 0], v0x22b5970_0, L_0x7fa2fc6d4570;
L_0x22c7bd0 .cmp/eq 32, L_0x22c8120, L_0x7fa2fc6d45b8;
L_0x22c87f0 .cmp/eq 3, v0x22b5350_0, L_0x7fa2fc6d4600;
L_0x22c89a0 .concat [ 1 31 0 0], v0x22b5970_0, L_0x7fa2fc6d4648;
L_0x22c8a90 .cmp/eq 32, L_0x22c89a0, L_0x7fa2fc6d4690;
L_0x22c8e30 .cmp/eq 3, v0x22b5410_0, L_0x7fa2fc6d46d8;
L_0x22c8f70 .cmp/eq 3, v0x22b5410_0, L_0x7fa2fc6d4720;
L_0x22c9140 .cmp/eq 3, v0x22b5410_0, L_0x7fa2fc6d4768;
L_0x22c91e0 .cmp/eq 3, v0x22b5410_0, L_0x7fa2fc6d47b0;
L_0x22c93f0 .cmp/eq 3, v0x22b5410_0, L_0x7fa2fc6d47f8;
L_0x22c9510 .cmp/eq 3, v0x22b5410_0, L_0x7fa2fc6d4840;
L_0x22c9730 .cmp/eq 3, v0x22b5410_0, L_0x7fa2fc6d4888;
L_0x22c9850 .functor MUXZ 16, L_0x22c8580, L_0x22c7dc0, L_0x22c9730, C4<>;
L_0x22c9a50 .functor MUXZ 16, L_0x22c9850, L_0x22c7690, L_0x22c9510, C4<>;
L_0x22c9b90 .functor MUXZ 16, L_0x22c9a50, L_0x22c70c0, L_0x22c93f0, C4<>;
L_0x22c9df0 .functor MUXZ 16, L_0x22c9b90, L_0x22895e0, L_0x22c91e0, C4<>;
L_0x22c9f30 .functor MUXZ 16, L_0x22c9df0, L_0x2289370, L_0x22c9140, C4<>;
L_0x22ca100 .functor MUXZ 16, L_0x22c9f30, L_0x226bee0, L_0x22c8f70, C4<>;
L_0x22ca1f0 .functor MUXZ 16, L_0x22ca100, L_0x2270aa0, L_0x22c8e30, C4<>;
L_0x22ca4c0 .cmp/eq 3, v0x22b5650_0, L_0x7fa2fc6d48d0;
L_0x22ca600 .cmp/eq 3, v0x22b5650_0, L_0x7fa2fc6d4918;
L_0x22ca840 .cmp/eq 3, v0x22b5650_0, L_0x7fa2fc6d4960;
L_0x22ca8e0 .cmp/eq 3, v0x22b5650_0, L_0x7fa2fc6d49a8;
L_0x22cab30 .cmp/eq 3, v0x22b5650_0, L_0x7fa2fc6d49f0;
L_0x22cac20 .cmp/eq 3, v0x22b5650_0, L_0x7fa2fc6d4a38;
L_0x22cae80 .cmp/eq 3, v0x22b5650_0, L_0x7fa2fc6d4a80;
L_0x22caf70 .functor MUXZ 16, L_0x22c8580, L_0x22c7dc0, L_0x22cae80, C4<>;
L_0x22cb1e0 .functor MUXZ 16, L_0x22caf70, L_0x22c7690, L_0x22cac20, C4<>;
L_0x22cb280 .functor MUXZ 16, L_0x22cb1e0, L_0x22c70c0, L_0x22cab30, C4<>;
L_0x22cb500 .functor MUXZ 16, L_0x22cb280, L_0x22895e0, L_0x22ca8e0, C4<>;
L_0x22cb5f0 .functor MUXZ 16, L_0x22cb500, L_0x2289370, L_0x22ca840, C4<>;
L_0x22cb910 .functor MUXZ 16, L_0x22cb5f0, L_0x226bee0, L_0x22ca600, C4<>;
L_0x22cba90 .functor MUXZ 16, L_0x22cb910, L_0x2270aa0, L_0x22ca4c0, C4<>;
S_0x22a9a00 .scope module, "r0" "Nbit_reg" 4 42, 5 14 0, S_0x22a9660;
 .timescale -9 -12;
    .port_info 0 /INPUT 16 "in";
    .port_info 1 /OUTPUT 16 "out";
    .port_info 2 /INPUT 1 "clk";
    .port_info 3 /INPUT 1 "we";
    .port_info 4 /INPUT 1 "gwe";
    .port_info 5 /INPUT 1 "rst";
P_0x22842a0 .param/l "n" 0 5 14, +C4<00000000000000000000000000010000>;
P_0x22842e0 .param/l "r" 0 5 14, +C4<00000000000000000000000000000000>;
L_0x2270aa0/d .functor BUFZ 16, v0x22a9f20_0, C4<0000000000000000>, C4<0000000000000000>, C4<0000000000000000>;
L_0x2270aa0 .delay 16 (1000,1000,1000) L_0x2270aa0/d;
v0x226c000_0 .net "clk", 0 0, v0x22b4d80_0;  alias, 1 drivers
v0x22507c0_0 .net "gwe", 0 0, v0x22b50f0_0;  alias, 1 drivers
v0x22897e0_0 .net "in", 15 0, v0x22b58b0_0;  alias, 1 drivers
v0x2289880_0 .net "out", 15 0, L_0x2270aa0;  alias, 1 drivers
v0x22a9e10_0 .net "rst", 0 0, v0x22b55b0_0;  alias, 1 drivers
v0x22a9f20_0 .var "state", 15 0;
v0x22aa000_0 .net "we", 0 0, L_0x226e4c0;  1 drivers
E_0x225d670 .event posedge, v0x226c000_0;
S_0x22aa180 .scope module, "r1" "Nbit_reg" 4 43, 5 14 0, S_0x22a9660;
 .timescale -9 -12;
    .port_info 0 /INPUT 16 "in";
    .port_info 1 /OUTPUT 16 "out";
    .port_info 2 /INPUT 1 "clk";
    .port_info 3 /INPUT 1 "we";
    .port_info 4 /INPUT 1 "gwe";
    .port_info 5 /INPUT 1 "rst";
P_0x22a9c30 .param/l "n" 0 5 14, +C4<00000000000000000000000000010000>;
P_0x22a9c70 .param/l "r" 0 5 14, +C4<00000000000000000000000000000000>;
L_0x226bee0/d .functor BUFZ 16, v0x22aa980_0, C4<0000000000000000>, C4<0000000000000000>, C4<0000000000000000>;
L_0x226bee0 .delay 16 (1000,1000,1000) L_0x226bee0/d;
v0x22aa550_0 .net "clk", 0 0, v0x22b4d80_0;  alias, 1 drivers
v0x22aa620_0 .net "gwe", 0 0, v0x22b50f0_0;  alias, 1 drivers
v0x22aa6f0_0 .net "in", 15 0, v0x22b58b0_0;  alias, 1 drivers
v0x22aa7f0_0 .net "out", 15 0, L_0x226bee0;  alias, 1 drivers
v0x22aa890_0 .net "rst", 0 0, v0x22b55b0_0;  alias, 1 drivers
v0x22aa980_0 .var "state", 15 0;
v0x22aaa20_0 .net "we", 0 0, L_0x22506a0;  1 drivers
S_0x22aaba0 .scope module, "r2" "Nbit_reg" 4 44, 5 14 0, S_0x22a9660;
 .timescale -9 -12;
    .port_info 0 /INPUT 16 "in";
    .port_info 1 /OUTPUT 16 "out";
    .port_info 2 /INPUT 1 "clk";
    .port_info 3 /INPUT 1 "we";
    .port_info 4 /INPUT 1 "gwe";
    .port_info 5 /INPUT 1 "rst";
P_0x22aa3d0 .param/l "n" 0 5 14, +C4<00000000000000000000000000010000>;
P_0x22aa410 .param/l "r" 0 5 14, +C4<00000000000000000000000000000000>;
L_0x2289370/d .functor BUFZ 16, v0x22ab4d0_0, C4<0000000000000000>, C4<0000000000000000>, C4<0000000000000000>;
L_0x2289370 .delay 16 (1000,1000,1000) L_0x2289370/d;
v0x22aafe0_0 .net "clk", 0 0, v0x22b4d80_0;  alias, 1 drivers
v0x22ab0d0_0 .net "gwe", 0 0, v0x22b50f0_0;  alias, 1 drivers
v0x22ab1e0_0 .net "in", 15 0, v0x22b58b0_0;  alias, 1 drivers
v0x22ab2d0_0 .net "out", 15 0, L_0x2289370;  alias, 1 drivers
v0x22ab390_0 .net "rst", 0 0, v0x22b55b0_0;  alias, 1 drivers
v0x22ab4d0_0 .var "state", 15 0;
v0x22ab5b0_0 .net "we", 0 0, L_0x2289570;  1 drivers
S_0x22ab730 .scope module, "r3" "Nbit_reg" 4 45, 5 14 0, S_0x22a9660;
 .timescale -9 -12;
    .port_info 0 /INPUT 16 "in";
    .port_info 1 /OUTPUT 16 "out";
    .port_info 2 /INPUT 1 "clk";
    .port_info 3 /INPUT 1 "we";
    .port_info 4 /INPUT 1 "gwe";
    .port_info 5 /INPUT 1 "rst";
P_0x22aae00 .param/l "n" 0 5 14, +C4<00000000000000000000000000010000>;
P_0x22aae40 .param/l "r" 0 5 14, +C4<00000000000000000000000000000000>;
L_0x22895e0/d .functor BUFZ 16, v0x22abeb0_0, C4<0000000000000000>, C4<0000000000000000>, C4<0000000000000000>;
L_0x22895e0 .delay 16 (1000,1000,1000) L_0x22895e0/d;
v0x22abae0_0 .net "clk", 0 0, v0x22b4d80_0;  alias, 1 drivers
v0x22abba0_0 .net "gwe", 0 0, v0x22b50f0_0;  alias, 1 drivers
v0x22abc60_0 .net "in", 15 0, v0x22b58b0_0;  alias, 1 drivers
v0x22abd00_0 .net "out", 15 0, L_0x22895e0;  alias, 1 drivers
v0x22abdc0_0 .net "rst", 0 0, v0x22b55b0_0;  alias, 1 drivers
v0x22abeb0_0 .var "state", 15 0;
v0x22abf90_0 .net "we", 0 0, L_0x22c6f80;  1 drivers
S_0x22ac110 .scope module, "r4" "Nbit_reg" 4 46, 5 14 0, S_0x22a9660;
 .timescale -9 -12;
    .port_info 0 /INPUT 16 "in";
    .port_info 1 /OUTPUT 16 "out";
    .port_info 2 /INPUT 1 "clk";
    .port_info 3 /INPUT 1 "we";
    .port_info 4 /INPUT 1 "gwe";
    .port_info 5 /INPUT 1 "rst";
P_0x22ab960 .param/l "n" 0 5 14, +C4<00000000000000000000000000010000>;
P_0x22ab9a0 .param/l "r" 0 5 14, +C4<00000000000000000000000000000000>;
L_0x22c70c0/d .functor BUFZ 16, v0x22aca40_0, C4<0000000000000000>, C4<0000000000000000>, C4<0000000000000000>;
L_0x22c70c0 .delay 16 (1000,1000,1000) L_0x22c70c0/d;
v0x22ac510_0 .net "clk", 0 0, v0x22b4d80_0;  alias, 1 drivers
v0x22ac5d0_0 .net "gwe", 0 0, v0x22b50f0_0;  alias, 1 drivers
v0x22ac720_0 .net "in", 15 0, v0x22b58b0_0;  alias, 1 drivers
v0x22ac850_0 .net "out", 15 0, L_0x22c70c0;  alias, 1 drivers
v0x22ac910_0 .net "rst", 0 0, v0x22b55b0_0;  alias, 1 drivers
v0x22aca40_0 .var "state", 15 0;
v0x22acb20_0 .net "we", 0 0, L_0x22c6f10;  1 drivers
S_0x22acce0 .scope module, "r5" "Nbit_reg" 4 47, 5 14 0, S_0x22a9660;
 .timescale -9 -12;
    .port_info 0 /INPUT 16 "in";
    .port_info 1 /OUTPUT 16 "out";
    .port_info 2 /INPUT 1 "clk";
    .port_info 3 /INPUT 1 "we";
    .port_info 4 /INPUT 1 "gwe";
    .port_info 5 /INPUT 1 "rst";
P_0x22ace70 .param/l "n" 0 5 14, +C4<00000000000000000000000000010000>;
P_0x22aceb0 .param/l "r" 0 5 14, +C4<00000000000000000000000000000000>;
L_0x22c7690/d .functor BUFZ 16, v0x22ad4b0_0, C4<0000000000000000>, C4<0000000000000000>, C4<0000000000000000>;
L_0x22c7690 .delay 16 (1000,1000,1000) L_0x22c7690/d;
v0x22ad100_0 .net "clk", 0 0, v0x22b4d80_0;  alias, 1 drivers
v0x22ad1c0_0 .net "gwe", 0 0, v0x22b50f0_0;  alias, 1 drivers
v0x22ad280_0 .net "in", 15 0, v0x22b58b0_0;  alias, 1 drivers
v0x22ad350_0 .net "out", 15 0, L_0x22c7690;  alias, 1 drivers
v0x22ad410_0 .net "rst", 0 0, v0x22b55b0_0;  alias, 1 drivers
v0x22ad4b0_0 .var "state", 15 0;
v0x22ad590_0 .net "we", 0 0, L_0x22c7c70;  1 drivers
S_0x22ad750 .scope module, "r6" "Nbit_reg" 4 48, 5 14 0, S_0x22a9660;
 .timescale -9 -12;
    .port_info 0 /INPUT 16 "in";
    .port_info 1 /OUTPUT 16 "out";
    .port_info 2 /INPUT 1 "clk";
    .port_info 3 /INPUT 1 "we";
    .port_info 4 /INPUT 1 "gwe";
    .port_info 5 /INPUT 1 "rst";
P_0x22acf50 .param/l "n" 0 5 14, +C4<00000000000000000000000000010000>;
P_0x22acf90 .param/l "r" 0 5 14, +C4<00000000000000000000000000000000>;
L_0x22c7dc0/d .functor BUFZ 16, v0x22adee0_0, C4<0000000000000000>, C4<0000000000000000>, C4<0000000000000000>;
L_0x22c7dc0 .delay 16 (1000,1000,1000) L_0x22c7dc0/d;
v0x22adae0_0 .net "clk", 0 0, v0x22b4d80_0;  alias, 1 drivers
v0x22adba0_0 .net "gwe", 0 0, v0x22b50f0_0;  alias, 1 drivers
v0x22adc60_0 .net "in", 15 0, v0x22b58b0_0;  alias, 1 drivers
v0x22add30_0 .net "out", 15 0, L_0x22c7dc0;  alias, 1 drivers
v0x22addf0_0 .net "rst", 0 0, v0x22b55b0_0;  alias, 1 drivers
v0x22adee0_0 .var "state", 15 0;
v0x22adfc0_0 .net "we", 0 0, L_0x22c8470;  1 drivers
S_0x22ae180 .scope module, "r7" "Nbit_reg" 4 49, 5 14 0, S_0x22a9660;
 .timescale -9 -12;
    .port_info 0 /INPUT 16 "in";
    .port_info 1 /OUTPUT 16 "out";
    .port_info 2 /INPUT 1 "clk";
    .port_info 3 /INPUT 1 "we";
    .port_info 4 /INPUT 1 "gwe";
    .port_info 5 /INPUT 1 "rst";
P_0x22ad930 .param/l "n" 0 5 14, +C4<00000000000000000000000000010000>;
P_0x22ad970 .param/l "r" 0 5 14, +C4<00000000000000000000000000000000>;
L_0x22c8580/d .functor BUFZ 16, v0x22ae960_0, C4<0000000000000000>, C4<0000000000000000>, C4<0000000000000000>;
L_0x22c8580 .delay 16 (1000,1000,1000) L_0x22c8580/d;
v0x22ae560_0 .net "clk", 0 0, v0x22b4d80_0;  alias, 1 drivers
v0x22ae620_0 .net "gwe", 0 0, v0x22b50f0_0;  alias, 1 drivers
v0x22ae6e0_0 .net "in", 15 0, v0x22b58b0_0;  alias, 1 drivers
v0x22ae7b0_0 .net "out", 15 0, L_0x22c8580;  alias, 1 drivers
v0x22ae870_0 .net "rst", 0 0, v0x22b55b0_0;  alias, 1 drivers
v0x22ae960_0 .var "state", 15 0;
v0x22aea40_0 .net "we", 0 0, L_0x22c8cd0;  1 drivers
    .scope S_0x22a9a00;
T_1 ;
    %wait E_0x225d670;
    %load/vec4 v0x22507c0_0;
    %load/vec4 v0x22a9e10_0;
    %and;
    %flag_set/vec4 8;
    %jmp/0xz  T_1.0, 8;
    %pushi/vec4 0, 0, 16;
    %store/vec4 v0x22a9f20_0, 0, 16;
    %jmp T_1.1;
T_1.0 ;
    %load/vec4 v0x22507c0_0;
    %load/vec4 v0x22aa000_0;
    %and;
    %flag_set/vec4 8;
    %jmp/0xz  T_1.2, 8;
    %load/vec4 v0x22897e0_0;
    %store/vec4 v0x22a9f20_0, 0, 16;
T_1.2 ;
T_1.1 ;
    %jmp T_1;
    .thread T_1;
    .scope S_0x22aa180;
T_2 ;
    %wait E_0x225d670;
    %load/vec4 v0x22aa620_0;
    %load/vec4 v0x22aa890_0;
    %and;
    %flag_set/vec4 8;
    %jmp/0xz  T_2.0, 8;
    %pushi/vec4 0, 0, 16;
    %store/vec4 v0x22aa980_0, 0, 16;
    %jmp T_2.1;
T_2.0 ;
    %load/vec4 v0x22aa620_0;
    %load/vec4 v0x22aaa20_0;
    %and;
    %flag_set/vec4 8;
    %jmp/0xz  T_2.2, 8;
    %load/vec4 v0x22aa6f0_0;
    %store/vec4 v0x22aa980_0, 0, 16;
T_2.2 ;
T_2.1 ;
    %jmp T_2;
    .thread T_2;
    .scope S_0x22aaba0;
T_3 ;
    %wait E_0x225d670;
    %load/vec4 v0x22ab0d0_0;
    %load/vec4 v0x22ab390_0;
    %and;
    %flag_set/vec4 8;
    %jmp/0xz  T_3.0, 8;
    %pushi/vec4 0, 0, 16;
    %store/vec4 v0x22ab4d0_0, 0, 16;
    %jmp T_3.1;
T_3.0 ;
    %load/vec4 v0x22ab0d0_0;
    %load/vec4 v0x22ab5b0_0;
    %and;
    %flag_set/vec4 8;
    %jmp/0xz  T_3.2, 8;
    %load/vec4 v0x22ab1e0_0;
    %store/vec4 v0x22ab4d0_0, 0, 16;
T_3.2 ;
T_3.1 ;
    %jmp T_3;
    .thread T_3;
    .scope S_0x22ab730;
T_4 ;
    %wait E_0x225d670;
    %load/vec4 v0x22abba0_0;
    %load/vec4 v0x22abdc0_0;
    %and;
    %flag_set/vec4 8;
    %jmp/0xz  T_4.0, 8;
    %pushi/vec4 0, 0, 16;
    %store/vec4 v0x22abeb0_0, 0, 16;
    %jmp T_4.1;
T_4.0 ;
    %load/vec4 v0x22abba0_0;
    %load/vec4 v0x22abf90_0;
    %and;
    %flag_set/vec4 8;
    %jmp/0xz  T_4.2, 8;
    %load/vec4 v0x22abc60_0;
    %store/vec4 v0x22abeb0_0, 0, 16;
T_4.2 ;
T_4.1 ;
    %jmp T_4;
    .thread T_4;
    .scope S_0x22ac110;
T_5 ;
    %wait E_0x225d670;
    %load/vec4 v0x22ac5d0_0;
    %load/vec4 v0x22ac910_0;
    %and;
    %flag_set/vec4 8;
    %jmp/0xz  T_5.0, 8;
    %pushi/vec4 0, 0, 16;
    %store/vec4 v0x22aca40_0, 0, 16;
    %jmp T_5.1;
T_5.0 ;
    %load/vec4 v0x22ac5d0_0;
    %load/vec4 v0x22acb20_0;
    %and;
    %flag_set/vec4 8;
    %jmp/0xz  T_5.2, 8;
    %load/vec4 v0x22ac720_0;
    %store/vec4 v0x22aca40_0, 0, 16;
T_5.2 ;
T_5.1 ;
    %jmp T_5;
    .thread T_5;
    .scope S_0x22acce0;
T_6 ;
    %wait E_0x225d670;
    %load/vec4 v0x22ad1c0_0;
    %load/vec4 v0x22ad410_0;
    %and;
    %flag_set/vec4 8;
    %jmp/0xz  T_6.0, 8;
    %pushi/vec4 0, 0, 16;
    %store/vec4 v0x22ad4b0_0, 0, 16;
    %jmp T_6.1;
T_6.0 ;
    %load/vec4 v0x22ad1c0_0;
    %load/vec4 v0x22ad590_0;
    %and;
    %flag_set/vec4 8;
    %jmp/0xz  T_6.2, 8;
    %load/vec4 v0x22ad280_0;
    %store/vec4 v0x22ad4b0_0, 0, 16;
T_6.2 ;
T_6.1 ;
    %jmp T_6;
    .thread T_6;
    .scope S_0x22ad750;
T_7 ;
    %wait E_0x225d670;
    %load/vec4 v0x22adba0_0;
    %load/vec4 v0x22addf0_0;
    %and;
    %flag_set/vec4 8;
    %jmp/0xz  T_7.0, 8;
    %pushi/vec4 0, 0, 16;
    %store/vec4 v0x22adee0_0, 0, 16;
    %jmp T_7.1;
T_7.0 ;
    %load/vec4 v0x22adba0_0;
    %load/vec4 v0x22adfc0_0;
    %and;
    %flag_set/vec4 8;
    %jmp/0xz  T_7.2, 8;
    %load/vec4 v0x22adc60_0;
    %store/vec4 v0x22adee0_0, 0, 16;
T_7.2 ;
T_7.1 ;
    %jmp T_7;
    .thread T_7;
    .scope S_0x22ae180;
T_8 ;
    %wait E_0x225d670;
    %load/vec4 v0x22ae620_0;
    %load/vec4 v0x22ae870_0;
    %and;
    %flag_set/vec4 8;
    %jmp/0xz  T_8.0, 8;
    %pushi/vec4 0, 0, 16;
    %store/vec4 v0x22ae960_0, 0, 16;
    %jmp T_8.1;
T_8.0 ;
    %load/vec4 v0x22ae620_0;
    %load/vec4 v0x22aea40_0;
    %and;
    %flag_set/vec4 8;
    %jmp/0xz  T_8.2, 8;
    %load/vec4 v0x22ae6e0_0;
    %store/vec4 v0x22ae960_0, 0, 16;
T_8.2 ;
T_8.1 ;
    %jmp T_8;
    .thread T_8;
    .scope S_0x2274990;
T_9 ;
    %delay 5000, 0;
    %load/vec4 v0x22b4d80_0;
    %inv;
    %assign/vec4 v0x22b4d80_0, 0;
    %jmp T_9;
    .thread T_9;
    .scope S_0x2274990;
T_10 ;
    %pushi/vec4 0, 0, 3;
    %store/vec4 v0x22b5410_0, 0, 3;
    %pushi/vec4 0, 0, 3;
    %store/vec4 v0x22b5650_0, 0, 3;
    %pushi/vec4 0, 0, 3;
    %store/vec4 v0x22b5350_0, 0, 3;
    %pushi/vec4 0, 0, 1;
    %store/vec4 v0x22b5970_0, 0, 1;
    %pushi/vec4 1, 0, 1;
    %store/vec4 v0x22b55b0_0, 0, 1;
    %pushi/vec4 0, 0, 16;
    %store/vec4 v0x22b58b0_0, 0, 16;
    %pushi/vec4 0, 0, 1;
    %store/vec4 v0x22b4d80_0, 0, 1;
    %pushi/vec4 1, 0, 1;
    %store/vec4 v0x22b50f0_0, 0, 1;
    %pushi/vec4 0, 0, 32;
    %store/vec4 v0x22b4e40_0, 0, 32;
    %pushi/vec4 0, 0, 32;
    %store/vec4 v0x22b57f0_0, 0, 32;
    %pushi/vec4 0, 0, 32;
    %store/vec4 v0x22b5270_0, 0, 32;
    %vpi_func 2 75 "$fopen" 32, "test_lc4_regfile.input", "r" {0 0 0};
    %store/vec4 v0x22b5190_0, 0, 32;
    %load/vec4 v0x22b5190_0;
    %cmpi/e 0, 0, 32;
    %jmp/0xz  T_10.0, 4;
    %vpi_call 2 77 "$display", "Error opening file: ", "test_lc4_regfile.input" {0 0 0};
    %vpi_call 2 78 "$finish" {0 0 0};
T_10.0 ;
    %vpi_func 2 83 "$fopen" 32, "regfile_test.output.txt", "w" {0 0 0};
    %store/vec4 v0x22b5270_0, 0, 32;
    %load/vec4 v0x22b5270_0;
    %cmpi/e 0, 0, 32;
    %jmp/0xz  T_10.2, 4;
    %vpi_call 2 85 "$display", "Error opening file: ", "regfile_test.output.txt" {0 0 0};
    %vpi_call 2 86 "$finish" {0 0 0};
T_10.2 ;
    %delay 100000, 0;
    %delay 5000, 0;
    %pushi/vec4 0, 0, 1;
    %store/vec4 v0x22b55b0_0, 0, 1;
    %delay 2000, 0;
T_10.4 ;
    %vpi_func 2 97 "$fscanf" 32, v0x22b5190_0, "%d %d %d %b %h %h %h", v0x22b5410_0, v0x22b5650_0, v0x22b5350_0, v0x22b5970_0, v0x22b58b0_0, v0x22b4f20_0, v0x22b5010_0 {0 0 0};
    %cmpi/e 7, 0, 32;
    %jmp/0xz T_10.5, 4;
    %delay 8000, 0;
    %load/vec4 v0x22b57f0_0;
    %addi 2, 0, 32;
    %store/vec4 v0x22b57f0_0, 0, 32;
    %load/vec4 v0x22b5270_0;
    %cmpi/ne 0, 0, 32;
    %jmp/0xz  T_10.6, 4;
    %vpi_call 2 106 "$fdisplay", v0x22b5270_0, "%d %d %d %b %h %h %h", v0x22b5410_0, v0x22b5650_0, v0x22b5350_0, v0x22b5970_0, v0x22b58b0_0, v0x22b54e0_0, v0x22b5720_0 {0 0 0};
T_10.6 ;
    %load/vec4 v0x22b54e0_0;
    %load/vec4 v0x22b4f20_0;
    %cmp/ne;
    %jmp/0xz  T_10.8, 6;
    %vpi_call 2 110 "$display", "Error at test %d: Value of register %d on output 1 should have been %h, but was %h instead", v0x22b57f0_0, v0x22b5410_0, v0x22b4f20_0, v0x22b54e0_0 {0 0 0};
    %load/vec4 v0x22b4e40_0;
    %addi 1, 0, 32;
    %store/vec4 v0x22b4e40_0, 0, 32;
T_10.8 ;
    %load/vec4 v0x22b5720_0;
    %load/vec4 v0x22b5010_0;
    %cmp/ne;
    %jmp/0xz  T_10.10, 6;
    %vpi_call 2 115 "$display", "Error at test %d: Value of register %d on output 2 should have been %h, but was %h instead", v0x22b57f0_0, v0x22b5650_0, v0x22b5010_0, v0x22b5720_0 {0 0 0};
    %load/vec4 v0x22b4e40_0;
    %addi 1, 0, 32;
    %store/vec4 v0x22b4e40_0, 0, 32;
T_10.10 ;
    %delay 2000, 0;
    %jmp T_10.4;
T_10.5 ;
    %load/vec4 v0x22b5190_0;
    %cmpi/ne 0, 0, 32;
    %jmp/0xz  T_10.12, 4;
    %vpi_call 2 123 "$fclose", v0x22b5190_0 {0 0 0};
T_10.12 ;
    %load/vec4 v0x22b5270_0;
    %cmpi/ne 0, 0, 32;
    %jmp/0xz  T_10.14, 4;
    %vpi_call 2 124 "$fclose", v0x22b5270_0 {0 0 0};
T_10.14 ;
    %vpi_call 2 125 "$display", "Simulation finished: %d test cases %d errors [%s]", v0x22b57f0_0, v0x22b4e40_0, "test_lc4_regfile.input" {0 0 0};
    %load/vec4 v0x22b57f0_0;
    %store/vec4 v0x2270bc0_0, 0, 32;
    %load/vec4 v0x22b57f0_0;
    %load/vec4 v0x22b4e40_0;
    %sub;
    %store/vec4 v0x22731a0_0, 0, 32;
    %fork TD_test_regfile.printPoints, S_0x22723b0;
    %join;
    %vpi_call 2 127 "$finish" {0 0 0};
    %end;
    .thread T_10;
# The file index is used to find the file name in the following table.
:file_names 6;
    "N/A";
    "<interactive>";
    "testbench_lc4_regfile.v";
    "./print_points.v";
    "lc4_regfile.v";
    "register.v";
