#! /home1/c/cis5710/tools/bin/vvp
:ivl_version "11.0 (stable)" "(v11_0)";
:ivl_delay_selection "TYPICAL";
:vpi_time_precision - 12;
:vpi_module "/home1/c/cis5710/tools/lib/ivl/system.vpi";
:vpi_module "/home1/c/cis5710/tools/lib/ivl/vhdl_sys.vpi";
:vpi_module "/home1/c/cis5710/tools/lib/ivl/vhdl_textio.vpi";
:vpi_module "/home1/c/cis5710/tools/lib/ivl/v2005_math.vpi";
:vpi_module "/home1/c/cis5710/tools/lib/ivl/va_math.vpi";
S_0x1aa9060 .scope module, "test_divider" "test_divider" 2 35;
 .timescale -9 -12;
v0x1ae4110_0 .var/i "__ignore", 31 0;
v0x1ae4210_0 .var/i "allTests", 31 0;
v0x1ae42f0_0 .var/i "divTests", 31 0;
v0x1ae43b0_0 .var/i "errors", 31 0;
v0x1ae4490_0 .var "exp_dividend", 15 0;
v0x1ae45c0_0 .var "exp_quotient", 15 0;
v0x1ae46a0_0 .var "exp_remainder", 15 0;
v0x1ae4780_0 .var "i_dividend", 15 0;
v0x1ae4840_0 .var "i_divisor", 15 0;
v0x1ae4900_0 .var "i_quotient", 15 0;
v0x1ae49c0_0 .var "i_remainder", 15 0;
v0x1ae4a60_0 .var/i "input_file", 31 0;
v0x1ae4b20_0 .net "o_1iter_dividend", 15 0, L_0x1b0fe60;  1 drivers
v0x1ae4be0_0 .net "o_1iter_quotient", 15 0, L_0x1b106c0;  1 drivers
v0x1ae4c80_0 .net "o_1iter_remainder", 15 0, L_0x1b0f9e0;  1 drivers
v0x1ae4d20_0 .net "o_div_quotient", 15 0, L_0x1b0ed70;  1 drivers
v0x1ae4dc0_0 .net "o_div_remainder", 15 0, L_0x1b0dab0;  1 drivers
v0x1ae4e60_0 .var/i "randomSeed", 31 0;
S_0x1aa91f0 .scope module, "div" "lc4_divider" 2 62, 3 6 0, S_0x1aa9060;
 .timescale -9 -12;
    .port_info 0 /INPUT 16 "i_dividend";
    .port_info 1 /INPUT 16 "i_divisor";
    .port_info 2 /INPUT 16 "i_remainder";
    .port_info 3 /INPUT 16 "i_quotient";
    .port_info 4 /OUTPUT 16 "o_dividend";
    .port_info 5 /OUTPUT 16 "o_remainder";
    .port_info 6 /OUTPUT 16 "o_quotient";
L_0x1b0dab0 .functor BUFZ 16, L_0x1b0c650, C4<0000000000000000>, C4<0000000000000000>, C4<0000000000000000>;
L_0x1b0ed70 .functor BUFZ 16, L_0x1b0d320, C4<0000000000000000>, C4<0000000000000000>, C4<0000000000000000>;
L_0x1b0ee30 .functor BUFZ 16, L_0x1b0cad0, C4<0000000000000000>, C4<0000000000000000>, C4<0000000000000000>;
v0x1adfec0 .array "dividend", 0 15;
v0x1adfec0_0 .net v0x1adfec0 0, 15 0, L_0x1b0e390; 1 drivers
v0x1adfec0_1 .net v0x1adfec0 1, 15 0, L_0x1af5d50; 1 drivers
v0x1adfec0_2 .net v0x1adfec0 2, 15 0, L_0x1af75b0; 1 drivers
v0x1adfec0_3 .net v0x1adfec0 3, 15 0, L_0x1af9190; 1 drivers
v0x1adfec0_4 .net v0x1adfec0 4, 15 0, L_0x1afaad0; 1 drivers
v0x1adfec0_5 .net v0x1adfec0 5, 15 0, L_0x1afc410; 1 drivers
v0x1adfec0_6 .net v0x1adfec0 6, 15 0, L_0x1afdd50; 1 drivers
v0x1adfec0_7 .net v0x1adfec0 7, 15 0, L_0x1affa50; 1 drivers
v0x1adfec0_8 .net v0x1adfec0 8, 15 0, L_0x1b01a40; 1 drivers
v0x1adfec0_9 .net v0x1adfec0 9, 15 0, L_0x1b03330; 1 drivers
v0x1adfec0_10 .net v0x1adfec0 10, 15 0, L_0x1b04b50; 1 drivers
v0x1adfec0_11 .net v0x1adfec0 11, 15 0, L_0x1b06370; 1 drivers
v0x1adfec0_12 .net v0x1adfec0 12, 15 0, L_0x1b07b90; 1 drivers
v0x1adfec0_13 .net v0x1adfec0 13, 15 0, L_0x1b093b0; 1 drivers
v0x1adfec0_14 .net v0x1adfec0 14, 15 0, L_0x1b0b260; 1 drivers
v0x1adfec0_15 .net v0x1adfec0 15, 15 0, L_0x1b0cad0; 1 drivers
v0x1ae0400_0 .net "i_dividend", 15 0, v0x1ae4780_0;  1 drivers
v0x1ae04a0_0 .net "i_divisor", 15 0, v0x1ae4840_0;  1 drivers
o0x7f5f5e8625d8 .functor BUFZ 16, C4<zzzzzzzzzzzzzzzz>; HiZ drive
v0x1ae0750_0 .net "i_quotient", 15 0, o0x7f5f5e8625d8;  0 drivers
o0x7f5f5e862608 .functor BUFZ 16, C4<zzzzzzzzzzzzzzzz>; HiZ drive
v0x1ae0810_0 .net "i_remainder", 15 0, o0x7f5f5e862608;  0 drivers
v0x1ae0940_0 .net "o_dividend", 15 0, L_0x1b0ee30;  1 drivers
v0x1ae0a20_0 .net "o_quotient", 15 0, L_0x1b0ed70;  alias, 1 drivers
v0x1ae0b00_0 .net "o_remainder", 15 0, L_0x1b0dab0;  alias, 1 drivers
v0x1ae0be0 .array "quotient", 0 15;
v0x1ae0be0_0 .net v0x1ae0be0 0, 15 0, L_0x1b0eb50; 1 drivers
v0x1ae0be0_1 .net v0x1ae0be0 1, 15 0, L_0x1af65d0; 1 drivers
v0x1ae0be0_2 .net v0x1ae0be0 2, 15 0, L_0x1af7da0; 1 drivers
v0x1ae0be0_3 .net v0x1ae0be0 3, 15 0, L_0x1af9a10; 1 drivers
v0x1ae0be0_4 .net v0x1ae0be0 4, 15 0, L_0x1afb350; 1 drivers
v0x1ae0be0_5 .net v0x1ae0be0 5, 15 0, L_0x1afcc90; 1 drivers
v0x1ae0be0_6 .net v0x1ae0be0 6, 15 0, L_0x1afe5d0; 1 drivers
v0x1ae0be0_7 .net v0x1ae0be0 7, 15 0, L_0x1b002d0; 1 drivers
v0x1ae0be0_8 .net v0x1ae0be0 8, 15 0, L_0x1b02240; 1 drivers
v0x1ae0be0_9 .net v0x1ae0be0 9, 15 0, L_0x1b03b30; 1 drivers
v0x1ae0be0_10 .net v0x1ae0be0 10, 15 0, L_0x1b05350; 1 drivers
v0x1ae0be0_11 .net v0x1ae0be0 11, 15 0, L_0x1b06b70; 1 drivers
v0x1ae0be0_12 .net v0x1ae0be0 12, 15 0, L_0x1b08390; 1 drivers
v0x1ae0be0_13 .net v0x1ae0be0 13, 15 0, L_0x1b0a230; 1 drivers
v0x1ae0be0_14 .net v0x1ae0be0 14, 15 0, L_0x1b0ba60; 1 drivers
v0x1ae0be0_15 .net v0x1ae0be0 15, 15 0, L_0x1b0d320; 1 drivers
v0x1ae1190 .array "remainder", 0 15;
v0x1ae1190_0 .net v0x1ae1190 0, 15 0, L_0x1b0df20; 1 drivers
v0x1ae1190_1 .net v0x1ae1190 1, 15 0, L_0x1af5880; 1 drivers
v0x1ae1190_2 .net v0x1ae1190 2, 15 0, L_0x1af7120; 1 drivers
v0x1ae1190_3 .net v0x1ae1190 3, 15 0, L_0x1af8d00; 1 drivers
v0x1ae1190_4 .net v0x1ae1190 4, 15 0, L_0x1afa640; 1 drivers
v0x1ae1190_5 .net v0x1ae1190 5, 15 0, L_0x1afbf80; 1 drivers
v0x1ae1190_6 .net v0x1ae1190 6, 15 0, L_0x1afd8c0; 1 drivers
v0x1ae1190_7 .net v0x1ae1190 7, 15 0, L_0x1aff5c0; 1 drivers
v0x1ae1190_8 .net v0x1ae1190 8, 15 0, L_0x1b00ec0; 1 drivers
v0x1ae1190_9 .net v0x1ae1190 9, 15 0, L_0x1b02ea0; 1 drivers
v0x1ae1190_10 .net v0x1ae1190 10, 15 0, L_0x1b04720; 1 drivers
v0x1ae1190_11 .net v0x1ae1190 11, 15 0, L_0x1b05f40; 1 drivers
v0x1ae1190_12 .net v0x1ae1190 12, 15 0, L_0x1b07760; 1 drivers
v0x1ae1190_13 .net v0x1ae1190 13, 15 0, L_0x1b08f80; 1 drivers
v0x1ae1190_14 .net v0x1ae1190 14, 15 0, L_0x1b0add0; 1 drivers
v0x1ae1190_15 .net v0x1ae1190 15, 15 0, L_0x1b0c650; 1 drivers
S_0x1a9ae60 .scope generate, "genblk1[0]" "genblk1[0]" 3 23, 3 23 0, S_0x1aa91f0;
 .timescale -9 -12;
P_0x1a7f120 .param/l "i" 0 3 23, +C4<00>;
S_0x1a99a40 .scope module, "lc4d" "lc4_divider_one_iter" 3 24, 3 56 0, S_0x1a9ae60;
 .timescale -9 -12;
    .port_info 0 /INPUT 16 "i_dividend";
    .port_info 1 /INPUT 16 "i_divisor";
    .port_info 2 /INPUT 16 "i_remainder";
    .port_info 3 /INPUT 16 "i_quotient";
    .port_info 4 /OUTPUT 16 "o_dividend";
    .port_info 5 /OUTPUT 16 "o_remainder";
    .port_info 6 /OUTPUT 16 "o_quotient";
L_0x7f5f5e8120f0 .functor BUFT 1, C4<0000000000000001>, C4<0>, C4<0>, C4<0>;
L_0x1a7edb0 .functor AND 16, L_0x1af5160, L_0x7f5f5e8120f0, C4<1111111111111111>, C4<1111111111111111>;
L_0x1a7f090 .functor OR 16, L_0x1af4fd0, L_0x1a7edb0, C4<0000000000000000>, C4<0000000000000000>;
L_0x7f5f5e812258 .functor BUFT 1, C4<0000000000000001>, C4<0>, C4<0>, C4<0>;
L_0x1af5ce0 .functor OR 16, L_0x1af5fb0, L_0x7f5f5e812258, C4<0000000000000000>, C4<0000000000000000>;
v0x1a9fcf0_0 .net *"_ivl_10", 0 0, L_0x1af50c0;  1 drivers
L_0x7f5f5e8120a8 .functor BUFT 1, C4<000000000000000>, C4<0>, C4<0>, C4<0>;
v0x1a9fd90_0 .net *"_ivl_12", 14 0, L_0x7f5f5e8120a8;  1 drivers
v0x1ab9870_0 .net/2u *"_ivl_14", 15 0, L_0x7f5f5e8120f0;  1 drivers
v0x1ab9930_0 .net *"_ivl_16", 15 0, L_0x1a7edb0;  1 drivers
v0x1ab9a10_0 .net *"_ivl_2", 15 0, L_0x1af4fd0;  1 drivers
L_0x7f5f5e812138 .functor BUFT 1, C4<0000000000000000>, C4<0>, C4<0>, C4<0>;
v0x1ab9b40_0 .net/2u *"_ivl_22", 15 0, L_0x7f5f5e812138;  1 drivers
v0x1ab9c20_0 .net *"_ivl_24", 0 0, L_0x1af5520;  1 drivers
v0x1ab9ce0_0 .net *"_ivl_26", 0 0, L_0x1af5650;  1 drivers
v0x1ab9da0_0 .net *"_ivl_28", 15 0, L_0x1af56f0;  1 drivers
L_0x7f5f5e812180 .functor BUFT 1, C4<0000000000000000>, C4<0>, C4<0>, C4<0>;
v0x1ab9e80_0 .net/2u *"_ivl_32", 15 0, L_0x7f5f5e812180;  1 drivers
v0x1ab9f60_0 .net *"_ivl_34", 0 0, L_0x1af59c0;  1 drivers
v0x1aba020_0 .net *"_ivl_36", 15 0, L_0x1af5c40;  1 drivers
v0x1aba100_0 .net *"_ivl_38", 14 0, L_0x1af5b10;  1 drivers
v0x1aba1e0_0 .net *"_ivl_4", 14 0, L_0x1af4f30;  1 drivers
L_0x7f5f5e8121c8 .functor BUFT 1, C4<0>, C4<0>, C4<0>, C4<0>;
v0x1aba2c0_0 .net *"_ivl_40", 0 0, L_0x7f5f5e8121c8;  1 drivers
v0x1aba3a0_0 .net *"_ivl_46", 14 0, L_0x1af5e90;  1 drivers
L_0x7f5f5e812210 .functor BUFT 1, C4<0>, C4<0>, C4<0>, C4<0>;
v0x1aba480_0 .net *"_ivl_48", 0 0, L_0x7f5f5e812210;  1 drivers
v0x1aba560_0 .net/2u *"_ivl_50", 15 0, L_0x7f5f5e812258;  1 drivers
L_0x7f5f5e8122a0 .functor BUFT 1, C4<0000000000000000>, C4<0>, C4<0>, C4<0>;
v0x1aba640_0 .net/2u *"_ivl_54", 15 0, L_0x7f5f5e8122a0;  1 drivers
v0x1aba720_0 .net *"_ivl_56", 0 0, L_0x1af61d0;  1 drivers
v0x1aba7e0_0 .net *"_ivl_58", 0 0, L_0x1af6350;  1 drivers
L_0x7f5f5e812060 .functor BUFT 1, C4<0>, C4<0>, C4<0>, C4<0>;
v0x1aba8a0_0 .net *"_ivl_6", 0 0, L_0x7f5f5e812060;  1 drivers
v0x1aba980_0 .net *"_ivl_60", 15 0, L_0x1af63f0;  1 drivers
v0x1abaa60_0 .net *"_ivl_8", 15 0, L_0x1af5160;  1 drivers
v0x1abab40_0 .net "i_dividend", 15 0, L_0x1b0e390;  alias, 1 drivers
v0x1abac20_0 .net "i_divisor", 15 0, v0x1ae4840_0;  alias, 1 drivers
v0x1abad00_0 .net "i_quotient", 15 0, L_0x1b0eb50;  alias, 1 drivers
v0x1abade0_0 .net "i_remainder", 15 0, L_0x1b0df20;  alias, 1 drivers
v0x1abaec0_0 .net "o_dividend", 15 0, L_0x1af5d50;  alias, 1 drivers
v0x1abafa0_0 .net "o_quotient", 15 0, L_0x1af65d0;  alias, 1 drivers
v0x1abb080_0 .net "o_remainder", 15 0, L_0x1af5880;  alias, 1 drivers
v0x1abb160_0 .net "p_quotient", 15 0, L_0x1af5ce0;  1 drivers
v0x1abb240_0 .net "p_reminder", 15 0, L_0x1af53e0;  1 drivers
v0x1abb320_0 .net "s_quotient", 15 0, L_0x1af5fb0;  1 drivers
v0x1abb400_0 .net "s_reminder", 15 0, L_0x1a7f090;  1 drivers
L_0x7f5f5e812018 .functor BUFT 1, C4<0000000000000000>, C4<0>, C4<0>, C4<0>;
v0x1abb4e0_0 .net "w", 15 0, L_0x7f5f5e812018;  1 drivers
L_0x1af4f30 .part L_0x1b0df20, 0, 15;
L_0x1af4fd0 .concat [ 1 15 0 0], L_0x7f5f5e812060, L_0x1af4f30;
L_0x1af50c0 .part L_0x1b0e390, 15, 1;
L_0x1af5160 .concat [ 1 15 0 0], L_0x1af50c0, L_0x7f5f5e8120a8;
L_0x1af53e0 .arith/sub 16, L_0x1a7f090, v0x1ae4840_0;
L_0x1af5520 .cmp/eq 16, v0x1ae4840_0, L_0x7f5f5e812138;
L_0x1af5650 .cmp/gt 16, v0x1ae4840_0, L_0x1a7f090;
L_0x1af56f0 .functor MUXZ 16, L_0x1af53e0, L_0x1a7f090, L_0x1af5650, C4<>;
L_0x1af5880 .functor MUXZ 16, L_0x1af56f0, L_0x7f5f5e812018, L_0x1af5520, C4<>;
L_0x1af59c0 .cmp/eq 16, v0x1ae4840_0, L_0x7f5f5e812180;
L_0x1af5b10 .part L_0x1b0e390, 0, 15;
L_0x1af5c40 .concat [ 1 15 0 0], L_0x7f5f5e8121c8, L_0x1af5b10;
L_0x1af5d50 .functor MUXZ 16, L_0x1af5c40, L_0x7f5f5e812018, L_0x1af59c0, C4<>;
L_0x1af5e90 .part L_0x1b0eb50, 0, 15;
L_0x1af5fb0 .concat [ 1 15 0 0], L_0x7f5f5e812210, L_0x1af5e90;
L_0x1af61d0 .cmp/eq 16, v0x1ae4840_0, L_0x7f5f5e8122a0;
L_0x1af6350 .cmp/gt 16, v0x1ae4840_0, L_0x1a7f090;
L_0x1af63f0 .functor MUXZ 16, L_0x1af5ce0, L_0x1af5fb0, L_0x1af6350, C4<>;
L_0x1af65d0 .functor MUXZ 16, L_0x1af63f0, L_0x7f5f5e812018, L_0x1af61d0, C4<>;
S_0x1abb6a0 .scope generate, "genblk1[1]" "genblk1[1]" 3 23, 3 23 0, S_0x1aa91f0;
 .timescale -9 -12;
P_0x1abb870 .param/l "i" 0 3 23, +C4<01>;
S_0x1abb930 .scope module, "lc4d" "lc4_divider_one_iter" 3 24, 3 56 0, S_0x1abb6a0;
 .timescale -9 -12;
    .port_info 0 /INPUT 16 "i_dividend";
    .port_info 1 /INPUT 16 "i_divisor";
    .port_info 2 /INPUT 16 "i_remainder";
    .port_info 3 /INPUT 16 "i_quotient";
    .port_info 4 /OUTPUT 16 "o_dividend";
    .port_info 5 /OUTPUT 16 "o_remainder";
    .port_info 6 /OUTPUT 16 "o_quotient";
L_0x7f5f5e8123c0 .functor BUFT 1, C4<0000000000000001>, C4<0>, C4<0>, C4<0>;
L_0x1a87f30 .functor AND 16, L_0x1af6a10, L_0x7f5f5e8123c0, C4<1111111111111111>, C4<1111111111111111>;
L_0x1a88210 .functor OR 16, L_0x1af6840, L_0x1a87f30, C4<0000000000000000>, C4<0000000000000000>;
L_0x7f5f5e812528 .functor BUFT 1, C4<0000000000000001>, C4<0>, C4<0>, C4<0>;
L_0x1af7540 .functor OR 16, L_0x1af7810, L_0x7f5f5e812528, C4<0000000000000000>, C4<0000000000000000>;
v0x1abbbc0_0 .net *"_ivl_10", 0 0, L_0x1af68e0;  1 drivers
L_0x7f5f5e812378 .functor BUFT 1, C4<000000000000000>, C4<0>, C4<0>, C4<0>;
v0x1abbcc0_0 .net *"_ivl_12", 14 0, L_0x7f5f5e812378;  1 drivers
v0x1abbda0_0 .net/2u *"_ivl_14", 15 0, L_0x7f5f5e8123c0;  1 drivers
v0x1abbe60_0 .net *"_ivl_16", 15 0, L_0x1a87f30;  1 drivers
v0x1abbf40_0 .net *"_ivl_2", 15 0, L_0x1af6840;  1 drivers
L_0x7f5f5e812408 .functor BUFT 1, C4<0000000000000000>, C4<0>, C4<0>, C4<0>;
v0x1abc070_0 .net/2u *"_ivl_22", 15 0, L_0x7f5f5e812408;  1 drivers
v0x1abc150_0 .net *"_ivl_24", 0 0, L_0x1af6d30;  1 drivers
v0x1abc210_0 .net *"_ivl_26", 0 0, L_0x1af6e60;  1 drivers
v0x1abc2d0_0 .net *"_ivl_28", 15 0, L_0x1af6f00;  1 drivers
L_0x7f5f5e812450 .functor BUFT 1, C4<0000000000000000>, C4<0>, C4<0>, C4<0>;
v0x1abc3b0_0 .net/2u *"_ivl_32", 15 0, L_0x7f5f5e812450;  1 drivers
v0x1abc490_0 .net *"_ivl_34", 0 0, L_0x1af7260;  1 drivers
v0x1abc550_0 .net *"_ivl_36", 15 0, L_0x1af7450;  1 drivers
v0x1abc630_0 .net *"_ivl_38", 14 0, L_0x1af73b0;  1 drivers
v0x1abc710_0 .net *"_ivl_4", 14 0, L_0x1af6710;  1 drivers
L_0x7f5f5e812498 .functor BUFT 1, C4<0>, C4<0>, C4<0>, C4<0>;
v0x1abc7f0_0 .net *"_ivl_40", 0 0, L_0x7f5f5e812498;  1 drivers
v0x1abc8d0_0 .net *"_ivl_46", 14 0, L_0x1af76f0;  1 drivers
L_0x7f5f5e8124e0 .functor BUFT 1, C4<0>, C4<0>, C4<0>, C4<0>;
v0x1abc9b0_0 .net *"_ivl_48", 0 0, L_0x7f5f5e8124e0;  1 drivers
v0x1abca90_0 .net/2u *"_ivl_50", 15 0, L_0x7f5f5e812528;  1 drivers
L_0x7f5f5e812570 .functor BUFT 1, C4<0000000000000000>, C4<0>, C4<0>, C4<0>;
v0x1abcb70_0 .net/2u *"_ivl_54", 15 0, L_0x7f5f5e812570;  1 drivers
v0x1abcc50_0 .net *"_ivl_56", 0 0, L_0x1af79a0;  1 drivers
v0x1abcd10_0 .net *"_ivl_58", 0 0, L_0x1af7b20;  1 drivers
L_0x7f5f5e812330 .functor BUFT 1, C4<0>, C4<0>, C4<0>, C4<0>;
v0x1abcdd0_0 .net *"_ivl_6", 0 0, L_0x7f5f5e812330;  1 drivers
v0x1abceb0_0 .net *"_ivl_60", 15 0, L_0x1af7bc0;  1 drivers
v0x1abcf90_0 .net *"_ivl_8", 15 0, L_0x1af6a10;  1 drivers
v0x1abd070_0 .net "i_dividend", 15 0, L_0x1af5d50;  alias, 1 drivers
v0x1abd130_0 .net "i_divisor", 15 0, v0x1ae4840_0;  alias, 1 drivers
v0x1abd1d0_0 .net "i_quotient", 15 0, L_0x1af65d0;  alias, 1 drivers
v0x1abd270_0 .net "i_remainder", 15 0, L_0x1af5880;  alias, 1 drivers
v0x1abd310_0 .net "o_dividend", 15 0, L_0x1af75b0;  alias, 1 drivers
v0x1abd3d0_0 .net "o_quotient", 15 0, L_0x1af7da0;  alias, 1 drivers
v0x1abd4b0_0 .net "o_remainder", 15 0, L_0x1af7120;  alias, 1 drivers
v0x1abd590_0 .net "p_quotient", 15 0, L_0x1af7540;  1 drivers
v0x1abd670_0 .net "p_reminder", 15 0, L_0x1af6c40;  1 drivers
v0x1abd960_0 .net "s_quotient", 15 0, L_0x1af7810;  1 drivers
v0x1abda40_0 .net "s_reminder", 15 0, L_0x1a88210;  1 drivers
L_0x7f5f5e8122e8 .functor BUFT 1, C4<0000000000000000>, C4<0>, C4<0>, C4<0>;
v0x1abdb20_0 .net "w", 15 0, L_0x7f5f5e8122e8;  1 drivers
L_0x1af6710 .part L_0x1af5880, 0, 15;
L_0x1af6840 .concat [ 1 15 0 0], L_0x7f5f5e812330, L_0x1af6710;
L_0x1af68e0 .part L_0x1af5d50, 15, 1;
L_0x1af6a10 .concat [ 1 15 0 0], L_0x1af68e0, L_0x7f5f5e812378;
L_0x1af6c40 .arith/sub 16, L_0x1a88210, v0x1ae4840_0;
L_0x1af6d30 .cmp/eq 16, v0x1ae4840_0, L_0x7f5f5e812408;
L_0x1af6e60 .cmp/gt 16, v0x1ae4840_0, L_0x1a88210;
L_0x1af6f00 .functor MUXZ 16, L_0x1af6c40, L_0x1a88210, L_0x1af6e60, C4<>;
L_0x1af7120 .functor MUXZ 16, L_0x1af6f00, L_0x7f5f5e8122e8, L_0x1af6d30, C4<>;
L_0x1af7260 .cmp/eq 16, v0x1ae4840_0, L_0x7f5f5e812450;
L_0x1af73b0 .part L_0x1af5d50, 0, 15;
L_0x1af7450 .concat [ 1 15 0 0], L_0x7f5f5e812498, L_0x1af73b0;
L_0x1af75b0 .functor MUXZ 16, L_0x1af7450, L_0x7f5f5e8122e8, L_0x1af7260, C4<>;
L_0x1af76f0 .part L_0x1af65d0, 0, 15;
L_0x1af7810 .concat [ 1 15 0 0], L_0x7f5f5e8124e0, L_0x1af76f0;
L_0x1af79a0 .cmp/eq 16, v0x1ae4840_0, L_0x7f5f5e812570;
L_0x1af7b20 .cmp/gt 16, v0x1ae4840_0, L_0x1a88210;
L_0x1af7bc0 .functor MUXZ 16, L_0x1af7540, L_0x1af7810, L_0x1af7b20, C4<>;
L_0x1af7da0 .functor MUXZ 16, L_0x1af7bc0, L_0x7f5f5e8122e8, L_0x1af79a0, C4<>;
S_0x1abdce0 .scope generate, "genblk1[2]" "genblk1[2]" 3 23, 3 23 0, S_0x1aa91f0;
 .timescale -9 -12;
P_0x1abde90 .param/l "i" 0 3 23, +C4<010>;
S_0x1abdf50 .scope module, "lc4d" "lc4_divider_one_iter" 3 24, 3 56 0, S_0x1abdce0;
 .timescale -9 -12;
    .port_info 0 /INPUT 16 "i_dividend";
    .port_info 1 /INPUT 16 "i_divisor";
    .port_info 2 /INPUT 16 "i_remainder";
    .port_info 3 /INPUT 16 "i_quotient";
    .port_info 4 /OUTPUT 16 "o_dividend";
    .port_info 5 /OUTPUT 16 "o_remainder";
    .port_info 6 /OUTPUT 16 "o_quotient";
L_0x7f5f5e812690 .functor BUFT 1, C4<0000000000000001>, C4<0>, C4<0>, C4<0>;
L_0x1a90b30 .functor AND 16, L_0x1af81e0, L_0x7f5f5e812690, C4<1111111111111111>, C4<1111111111111111>;
L_0x1aacca0 .functor OR 16, L_0x1af8010, L_0x1a90b30, C4<0000000000000000>, C4<0000000000000000>;
L_0x7f5f5e8127f8 .functor BUFT 1, C4<0000000000000001>, C4<0>, C4<0>, C4<0>;
L_0x1af9120 .functor OR 16, L_0x1af9480, L_0x7f5f5e8127f8, C4<0000000000000000>, C4<0000000000000000>;
v0x1abe1e0_0 .net *"_ivl_10", 0 0, L_0x1af80b0;  1 drivers
L_0x7f5f5e812648 .functor BUFT 1, C4<000000000000000>, C4<0>, C4<0>, C4<0>;
v0x1abe2e0_0 .net *"_ivl_12", 14 0, L_0x7f5f5e812648;  1 drivers
v0x1abe3c0_0 .net/2u *"_ivl_14", 15 0, L_0x7f5f5e812690;  1 drivers
v0x1abe4b0_0 .net *"_ivl_16", 15 0, L_0x1a90b30;  1 drivers
v0x1abe590_0 .net *"_ivl_2", 15 0, L_0x1af8010;  1 drivers
L_0x7f5f5e8126d8 .functor BUFT 1, C4<0000000000000000>, C4<0>, C4<0>, C4<0>;
v0x1abe6c0_0 .net/2u *"_ivl_22", 15 0, L_0x7f5f5e8126d8;  1 drivers
v0x1abe7a0_0 .net *"_ivl_24", 0 0, L_0x1af8500;  1 drivers
v0x1abe860_0 .net *"_ivl_26", 0 0, L_0x1af8a40;  1 drivers
v0x1abe920_0 .net *"_ivl_28", 15 0, L_0x1af8ae0;  1 drivers
L_0x7f5f5e812720 .functor BUFT 1, C4<0000000000000000>, C4<0>, C4<0>, C4<0>;
v0x1abea00_0 .net/2u *"_ivl_32", 15 0, L_0x7f5f5e812720;  1 drivers
v0x1abeae0_0 .net *"_ivl_34", 0 0, L_0x1af8e40;  1 drivers
v0x1abeba0_0 .net *"_ivl_36", 15 0, L_0x1af9030;  1 drivers
v0x1abec80_0 .net *"_ivl_38", 14 0, L_0x1af8f90;  1 drivers
v0x1abed60_0 .net *"_ivl_4", 14 0, L_0x1af7ee0;  1 drivers
L_0x7f5f5e812768 .functor BUFT 1, C4<0>, C4<0>, C4<0>, C4<0>;
v0x1abee40_0 .net *"_ivl_40", 0 0, L_0x7f5f5e812768;  1 drivers
v0x1abef20_0 .net *"_ivl_46", 14 0, L_0x1af92d0;  1 drivers
L_0x7f5f5e8127b0 .functor BUFT 1, C4<0>, C4<0>, C4<0>, C4<0>;
v0x1abf000_0 .net *"_ivl_48", 0 0, L_0x7f5f5e8127b0;  1 drivers
v0x1abf0e0_0 .net/2u *"_ivl_50", 15 0, L_0x7f5f5e8127f8;  1 drivers
L_0x7f5f5e812840 .functor BUFT 1, C4<0000000000000000>, C4<0>, C4<0>, C4<0>;
v0x1abf1c0_0 .net/2u *"_ivl_54", 15 0, L_0x7f5f5e812840;  1 drivers
v0x1abf2a0_0 .net *"_ivl_56", 0 0, L_0x1af9610;  1 drivers
v0x1abf360_0 .net *"_ivl_58", 0 0, L_0x1af9790;  1 drivers
L_0x7f5f5e812600 .functor BUFT 1, C4<0>, C4<0>, C4<0>, C4<0>;
v0x1abf420_0 .net *"_ivl_6", 0 0, L_0x7f5f5e812600;  1 drivers
v0x1abf500_0 .net *"_ivl_60", 15 0, L_0x1af9830;  1 drivers
v0x1abf5e0_0 .net *"_ivl_8", 15 0, L_0x1af81e0;  1 drivers
v0x1abf6c0_0 .net "i_dividend", 15 0, L_0x1af75b0;  alias, 1 drivers
v0x1abf780_0 .net "i_divisor", 15 0, v0x1ae4840_0;  alias, 1 drivers
v0x1abf820_0 .net "i_quotient", 15 0, L_0x1af7da0;  alias, 1 drivers
v0x1abf8e0_0 .net "i_remainder", 15 0, L_0x1af7120;  alias, 1 drivers
v0x1abf9b0_0 .net "o_dividend", 15 0, L_0x1af9190;  alias, 1 drivers
v0x1abfa70_0 .net "o_quotient", 15 0, L_0x1af9a10;  alias, 1 drivers
v0x1abfb50_0 .net "o_remainder", 15 0, L_0x1af8d00;  alias, 1 drivers
v0x1abfc30_0 .net "p_quotient", 15 0, L_0x1af9120;  1 drivers
v0x1abfd10_0 .net "p_reminder", 15 0, L_0x1af8410;  1 drivers
v0x1ac0000_0 .net "s_quotient", 15 0, L_0x1af9480;  1 drivers
v0x1ac00e0_0 .net "s_reminder", 15 0, L_0x1aacca0;  1 drivers
L_0x7f5f5e8125b8 .functor BUFT 1, C4<0000000000000000>, C4<0>, C4<0>, C4<0>;
v0x1ac01c0_0 .net "w", 15 0, L_0x7f5f5e8125b8;  1 drivers
L_0x1af7ee0 .part L_0x1af7120, 0, 15;
L_0x1af8010 .concat [ 1 15 0 0], L_0x7f5f5e812600, L_0x1af7ee0;
L_0x1af80b0 .part L_0x1af75b0, 15, 1;
L_0x1af81e0 .concat [ 1 15 0 0], L_0x1af80b0, L_0x7f5f5e812648;
L_0x1af8410 .arith/sub 16, L_0x1aacca0, v0x1ae4840_0;
L_0x1af8500 .cmp/eq 16, v0x1ae4840_0, L_0x7f5f5e8126d8;
L_0x1af8a40 .cmp/gt 16, v0x1ae4840_0, L_0x1aacca0;
L_0x1af8ae0 .functor MUXZ 16, L_0x1af8410, L_0x1aacca0, L_0x1af8a40, C4<>;
L_0x1af8d00 .functor MUXZ 16, L_0x1af8ae0, L_0x7f5f5e8125b8, L_0x1af8500, C4<>;
L_0x1af8e40 .cmp/eq 16, v0x1ae4840_0, L_0x7f5f5e812720;
L_0x1af8f90 .part L_0x1af75b0, 0, 15;
L_0x1af9030 .concat [ 1 15 0 0], L_0x7f5f5e812768, L_0x1af8f90;
L_0x1af9190 .functor MUXZ 16, L_0x1af9030, L_0x7f5f5e8125b8, L_0x1af8e40, C4<>;
L_0x1af92d0 .part L_0x1af7da0, 0, 15;
L_0x1af9480 .concat [ 1 15 0 0], L_0x7f5f5e8127b0, L_0x1af92d0;
L_0x1af9610 .cmp/eq 16, v0x1ae4840_0, L_0x7f5f5e812840;
L_0x1af9790 .cmp/gt 16, v0x1ae4840_0, L_0x1aacca0;
L_0x1af9830 .functor MUXZ 16, L_0x1af9120, L_0x1af9480, L_0x1af9790, C4<>;
L_0x1af9a10 .functor MUXZ 16, L_0x1af9830, L_0x7f5f5e8125b8, L_0x1af9610, C4<>;
S_0x1ac0380 .scope generate, "genblk1[3]" "genblk1[3]" 3 23, 3 23 0, S_0x1aa91f0;
 .timescale -9 -12;
P_0x1ac0580 .param/l "i" 0 3 23, +C4<011>;
S_0x1ac0660 .scope module, "lc4d" "lc4_divider_one_iter" 3 24, 3 56 0, S_0x1ac0380;
 .timescale -9 -12;
    .port_info 0 /INPUT 16 "i_dividend";
    .port_info 1 /INPUT 16 "i_divisor";
    .port_info 2 /INPUT 16 "i_remainder";
    .port_info 3 /INPUT 16 "i_quotient";
    .port_info 4 /OUTPUT 16 "o_dividend";
    .port_info 5 /OUTPUT 16 "o_remainder";
    .port_info 6 /OUTPUT 16 "o_quotient";
L_0x7f5f5e812960 .functor BUFT 1, C4<0000000000000001>, C4<0>, C4<0>, C4<0>;
L_0x1aacd10 .functor AND 16, L_0x1af9e50, L_0x7f5f5e812960, C4<1111111111111111>, C4<1111111111111111>;
L_0x1af9fe0 .functor OR 16, L_0x1af9c80, L_0x1aacd10, C4<0000000000000000>, C4<0000000000000000>;
L_0x7f5f5e812ac8 .functor BUFT 1, C4<0000000000000001>, C4<0>, C4<0>, C4<0>;
L_0x1afaa60 .functor OR 16, L_0x1afadc0, L_0x7f5f5e812ac8, C4<0000000000000000>, C4<0000000000000000>;
v0x1ac08f0_0 .net *"_ivl_10", 0 0, L_0x1af9d20;  1 drivers
L_0x7f5f5e812918 .functor BUFT 1, C4<000000000000000>, C4<0>, C4<0>, C4<0>;
v0x1ac09f0_0 .net *"_ivl_12", 14 0, L_0x7f5f5e812918;  1 drivers
v0x1ac0ad0_0 .net/2u *"_ivl_14", 15 0, L_0x7f5f5e812960;  1 drivers
v0x1ac0bc0_0 .net *"_ivl_16", 15 0, L_0x1aacd10;  1 drivers
v0x1ac0ca0_0 .net *"_ivl_2", 15 0, L_0x1af9c80;  1 drivers
L_0x7f5f5e8129a8 .functor BUFT 1, C4<0000000000000000>, C4<0>, C4<0>, C4<0>;
v0x1ac0dd0_0 .net/2u *"_ivl_22", 15 0, L_0x7f5f5e8129a8;  1 drivers
v0x1ac0eb0_0 .net *"_ivl_24", 0 0, L_0x1afa250;  1 drivers
v0x1ac0f70_0 .net *"_ivl_26", 0 0, L_0x1afa380;  1 drivers
v0x1ac1030_0 .net *"_ivl_28", 15 0, L_0x1afa420;  1 drivers
L_0x7f5f5e8129f0 .functor BUFT 1, C4<0000000000000000>, C4<0>, C4<0>, C4<0>;
v0x1ac1110_0 .net/2u *"_ivl_32", 15 0, L_0x7f5f5e8129f0;  1 drivers
v0x1ac11f0_0 .net *"_ivl_34", 0 0, L_0x1afa780;  1 drivers
v0x1ac12b0_0 .net *"_ivl_36", 15 0, L_0x1afa970;  1 drivers
v0x1ac1390_0 .net *"_ivl_38", 14 0, L_0x1afa8d0;  1 drivers
v0x1ac1470_0 .net *"_ivl_4", 14 0, L_0x1af9b50;  1 drivers
L_0x7f5f5e812a38 .functor BUFT 1, C4<0>, C4<0>, C4<0>, C4<0>;
v0x1ac1550_0 .net *"_ivl_40", 0 0, L_0x7f5f5e812a38;  1 drivers
v0x1ac1630_0 .net *"_ivl_46", 14 0, L_0x1afac10;  1 drivers
L_0x7f5f5e812a80 .functor BUFT 1, C4<0>, C4<0>, C4<0>, C4<0>;
v0x1ac1710_0 .net *"_ivl_48", 0 0, L_0x7f5f5e812a80;  1 drivers
v0x1ac17f0_0 .net/2u *"_ivl_50", 15 0, L_0x7f5f5e812ac8;  1 drivers
L_0x7f5f5e812b10 .functor BUFT 1, C4<0000000000000000>, C4<0>, C4<0>, C4<0>;
v0x1ac18d0_0 .net/2u *"_ivl_54", 15 0, L_0x7f5f5e812b10;  1 drivers
v0x1ac19b0_0 .net *"_ivl_56", 0 0, L_0x1afaf50;  1 drivers
v0x1ac1a70_0 .net *"_ivl_58", 0 0, L_0x1afb0d0;  1 drivers
L_0x7f5f5e8128d0 .functor BUFT 1, C4<0>, C4<0>, C4<0>, C4<0>;
v0x1ac1b30_0 .net *"_ivl_6", 0 0, L_0x7f5f5e8128d0;  1 drivers
v0x1ac1c10_0 .net *"_ivl_60", 15 0, L_0x1afb170;  1 drivers
v0x1ac1cf0_0 .net *"_ivl_8", 15 0, L_0x1af9e50;  1 drivers
v0x1ac1dd0_0 .net "i_dividend", 15 0, L_0x1af9190;  alias, 1 drivers
v0x1ac1e90_0 .net "i_divisor", 15 0, v0x1ae4840_0;  alias, 1 drivers
v0x1ac1f30_0 .net "i_quotient", 15 0, L_0x1af9a10;  alias, 1 drivers
v0x1ac2020_0 .net "i_remainder", 15 0, L_0x1af8d00;  alias, 1 drivers
v0x1ac20f0_0 .net "o_dividend", 15 0, L_0x1afaad0;  alias, 1 drivers
v0x1ac21b0_0 .net "o_quotient", 15 0, L_0x1afb350;  alias, 1 drivers
v0x1ac2290_0 .net "o_remainder", 15 0, L_0x1afa640;  alias, 1 drivers
v0x1ac2370_0 .net "p_quotient", 15 0, L_0x1afaa60;  1 drivers
v0x1ac2450_0 .net "p_reminder", 15 0, L_0x1afa0f0;  1 drivers
v0x1ac2740_0 .net "s_quotient", 15 0, L_0x1afadc0;  1 drivers
v0x1ac2820_0 .net "s_reminder", 15 0, L_0x1af9fe0;  1 drivers
L_0x7f5f5e812888 .functor BUFT 1, C4<0000000000000000>, C4<0>, C4<0>, C4<0>;
v0x1ac2900_0 .net "w", 15 0, L_0x7f5f5e812888;  1 drivers
L_0x1af9b50 .part L_0x1af8d00, 0, 15;
L_0x1af9c80 .concat [ 1 15 0 0], L_0x7f5f5e8128d0, L_0x1af9b50;
L_0x1af9d20 .part L_0x1af9190, 15, 1;
L_0x1af9e50 .concat [ 1 15 0 0], L_0x1af9d20, L_0x7f5f5e812918;
L_0x1afa0f0 .arith/sub 16, L_0x1af9fe0, v0x1ae4840_0;
L_0x1afa250 .cmp/eq 16, v0x1ae4840_0, L_0x7f5f5e8129a8;
L_0x1afa380 .cmp/gt 16, v0x1ae4840_0, L_0x1af9fe0;
L_0x1afa420 .functor MUXZ 16, L_0x1afa0f0, L_0x1af9fe0, L_0x1afa380, C4<>;
L_0x1afa640 .functor MUXZ 16, L_0x1afa420, L_0x7f5f5e812888, L_0x1afa250, C4<>;
L_0x1afa780 .cmp/eq 16, v0x1ae4840_0, L_0x7f5f5e8129f0;
L_0x1afa8d0 .part L_0x1af9190, 0, 15;
L_0x1afa970 .concat [ 1 15 0 0], L_0x7f5f5e812a38, L_0x1afa8d0;
L_0x1afaad0 .functor MUXZ 16, L_0x1afa970, L_0x7f5f5e812888, L_0x1afa780, C4<>;
L_0x1afac10 .part L_0x1af9a10, 0, 15;
L_0x1afadc0 .concat [ 1 15 0 0], L_0x7f5f5e812a80, L_0x1afac10;
L_0x1afaf50 .cmp/eq 16, v0x1ae4840_0, L_0x7f5f5e812b10;
L_0x1afb0d0 .cmp/gt 16, v0x1ae4840_0, L_0x1af9fe0;
L_0x1afb170 .functor MUXZ 16, L_0x1afaa60, L_0x1afadc0, L_0x1afb0d0, C4<>;
L_0x1afb350 .functor MUXZ 16, L_0x1afb170, L_0x7f5f5e812888, L_0x1afaf50, C4<>;
S_0x1ac2ac0 .scope generate, "genblk1[4]" "genblk1[4]" 3 23, 3 23 0, S_0x1aa91f0;
 .timescale -9 -12;
P_0x1ac2cc0 .param/l "i" 0 3 23, +C4<0100>;
S_0x1ac2da0 .scope module, "lc4d" "lc4_divider_one_iter" 3 24, 3 56 0, S_0x1ac2ac0;
 .timescale -9 -12;
    .port_info 0 /INPUT 16 "i_dividend";
    .port_info 1 /INPUT 16 "i_divisor";
    .port_info 2 /INPUT 16 "i_remainder";
    .port_info 3 /INPUT 16 "i_quotient";
    .port_info 4 /OUTPUT 16 "o_dividend";
    .port_info 5 /OUTPUT 16 "o_remainder";
    .port_info 6 /OUTPUT 16 "o_quotient";
L_0x7f5f5e812c30 .functor BUFT 1, C4<0000000000000001>, C4<0>, C4<0>, C4<0>;
L_0x1afa190 .functor AND 16, L_0x1afb790, L_0x7f5f5e812c30, C4<1111111111111111>, C4<1111111111111111>;
L_0x1afb920 .functor OR 16, L_0x1afb5c0, L_0x1afa190, C4<0000000000000000>, C4<0000000000000000>;
L_0x7f5f5e812d98 .functor BUFT 1, C4<0000000000000001>, C4<0>, C4<0>, C4<0>;
L_0x1afc3a0 .functor OR 16, L_0x1afc700, L_0x7f5f5e812d98, C4<0000000000000000>, C4<0000000000000000>;
v0x1ac3030_0 .net *"_ivl_10", 0 0, L_0x1afb660;  1 drivers
L_0x7f5f5e812be8 .functor BUFT 1, C4<000000000000000>, C4<0>, C4<0>, C4<0>;
v0x1ac3130_0 .net *"_ivl_12", 14 0, L_0x7f5f5e812be8;  1 drivers
v0x1ac3210_0 .net/2u *"_ivl_14", 15 0, L_0x7f5f5e812c30;  1 drivers
v0x1ac32d0_0 .net *"_ivl_16", 15 0, L_0x1afa190;  1 drivers
v0x1ac33b0_0 .net *"_ivl_2", 15 0, L_0x1afb5c0;  1 drivers
L_0x7f5f5e812c78 .functor BUFT 1, C4<0000000000000000>, C4<0>, C4<0>, C4<0>;
v0x1ac34e0_0 .net/2u *"_ivl_22", 15 0, L_0x7f5f5e812c78;  1 drivers
v0x1ac35c0_0 .net *"_ivl_24", 0 0, L_0x1afbb90;  1 drivers
v0x1ac3680_0 .net *"_ivl_26", 0 0, L_0x1afbcc0;  1 drivers
v0x1ac3740_0 .net *"_ivl_28", 15 0, L_0x1afbd60;  1 drivers
L_0x7f5f5e812cc0 .functor BUFT 1, C4<0000000000000000>, C4<0>, C4<0>, C4<0>;
v0x1ac3820_0 .net/2u *"_ivl_32", 15 0, L_0x7f5f5e812cc0;  1 drivers
v0x1ac3900_0 .net *"_ivl_34", 0 0, L_0x1afc0c0;  1 drivers
v0x1ac39c0_0 .net *"_ivl_36", 15 0, L_0x1afc2b0;  1 drivers
v0x1ac3aa0_0 .net *"_ivl_38", 14 0, L_0x1afc210;  1 drivers
v0x1ac3b80_0 .net *"_ivl_4", 14 0, L_0x1afb490;  1 drivers
L_0x7f5f5e812d08 .functor BUFT 1, C4<0>, C4<0>, C4<0>, C4<0>;
v0x1ac3c60_0 .net *"_ivl_40", 0 0, L_0x7f5f5e812d08;  1 drivers
v0x1ac3d40_0 .net *"_ivl_46", 14 0, L_0x1afc550;  1 drivers
L_0x7f5f5e812d50 .functor BUFT 1, C4<0>, C4<0>, C4<0>, C4<0>;
v0x1ac3e20_0 .net *"_ivl_48", 0 0, L_0x7f5f5e812d50;  1 drivers
v0x1ac3f00_0 .net/2u *"_ivl_50", 15 0, L_0x7f5f5e812d98;  1 drivers
L_0x7f5f5e812de0 .functor BUFT 1, C4<0000000000000000>, C4<0>, C4<0>, C4<0>;
v0x1ac3fe0_0 .net/2u *"_ivl_54", 15 0, L_0x7f5f5e812de0;  1 drivers
v0x1ac40c0_0 .net *"_ivl_56", 0 0, L_0x1afc890;  1 drivers
v0x1ac4180_0 .net *"_ivl_58", 0 0, L_0x1afca10;  1 drivers
L_0x7f5f5e812ba0 .functor BUFT 1, C4<0>, C4<0>, C4<0>, C4<0>;
v0x1ac4240_0 .net *"_ivl_6", 0 0, L_0x7f5f5e812ba0;  1 drivers
v0x1ac4320_0 .net *"_ivl_60", 15 0, L_0x1afcab0;  1 drivers
v0x1ac4400_0 .net *"_ivl_8", 15 0, L_0x1afb790;  1 drivers
v0x1ac44e0_0 .net "i_dividend", 15 0, L_0x1afaad0;  alias, 1 drivers
v0x1ac45a0_0 .net "i_divisor", 15 0, v0x1ae4840_0;  alias, 1 drivers
v0x1ac4640_0 .net "i_quotient", 15 0, L_0x1afb350;  alias, 1 drivers
v0x1ac4730_0 .net "i_remainder", 15 0, L_0x1afa640;  alias, 1 drivers
v0x1ac4800_0 .net "o_dividend", 15 0, L_0x1afc410;  alias, 1 drivers
v0x1ac48c0_0 .net "o_quotient", 15 0, L_0x1afcc90;  alias, 1 drivers
v0x1ac49a0_0 .net "o_remainder", 15 0, L_0x1afbf80;  alias, 1 drivers
v0x1ac4a80_0 .net "p_quotient", 15 0, L_0x1afc3a0;  1 drivers
v0x1ac4b60_0 .net "p_reminder", 15 0, L_0x1afba30;  1 drivers
v0x1ac4e50_0 .net "s_quotient", 15 0, L_0x1afc700;  1 drivers
v0x1ac4f30_0 .net "s_reminder", 15 0, L_0x1afb920;  1 drivers
L_0x7f5f5e812b58 .functor BUFT 1, C4<0000000000000000>, C4<0>, C4<0>, C4<0>;
v0x1ac5010_0 .net "w", 15 0, L_0x7f5f5e812b58;  1 drivers
L_0x1afb490 .part L_0x1afa640, 0, 15;
L_0x1afb5c0 .concat [ 1 15 0 0], L_0x7f5f5e812ba0, L_0x1afb490;
L_0x1afb660 .part L_0x1afaad0, 15, 1;
L_0x1afb790 .concat [ 1 15 0 0], L_0x1afb660, L_0x7f5f5e812be8;
L_0x1afba30 .arith/sub 16, L_0x1afb920, v0x1ae4840_0;
L_0x1afbb90 .cmp/eq 16, v0x1ae4840_0, L_0x7f5f5e812c78;
L_0x1afbcc0 .cmp/gt 16, v0x1ae4840_0, L_0x1afb920;
L_0x1afbd60 .functor MUXZ 16, L_0x1afba30, L_0x1afb920, L_0x1afbcc0, C4<>;
L_0x1afbf80 .functor MUXZ 16, L_0x1afbd60, L_0x7f5f5e812b58, L_0x1afbb90, C4<>;
L_0x1afc0c0 .cmp/eq 16, v0x1ae4840_0, L_0x7f5f5e812cc0;
L_0x1afc210 .part L_0x1afaad0, 0, 15;
L_0x1afc2b0 .concat [ 1 15 0 0], L_0x7f5f5e812d08, L_0x1afc210;
L_0x1afc410 .functor MUXZ 16, L_0x1afc2b0, L_0x7f5f5e812b58, L_0x1afc0c0, C4<>;
L_0x1afc550 .part L_0x1afb350, 0, 15;
L_0x1afc700 .concat [ 1 15 0 0], L_0x7f5f5e812d50, L_0x1afc550;
L_0x1afc890 .cmp/eq 16, v0x1ae4840_0, L_0x7f5f5e812de0;
L_0x1afca10 .cmp/gt 16, v0x1ae4840_0, L_0x1afb920;
L_0x1afcab0 .functor MUXZ 16, L_0x1afc3a0, L_0x1afc700, L_0x1afca10, C4<>;
L_0x1afcc90 .functor MUXZ 16, L_0x1afcab0, L_0x7f5f5e812b58, L_0x1afc890, C4<>;
S_0x1ac5210 .scope generate, "genblk1[5]" "genblk1[5]" 3 23, 3 23 0, S_0x1aa91f0;
 .timescale -9 -12;
P_0x1ac3450 .param/l "i" 0 3 23, +C4<0101>;
S_0x1ac5450 .scope module, "lc4d" "lc4_divider_one_iter" 3 24, 3 56 0, S_0x1ac5210;
 .timescale -9 -12;
    .port_info 0 /INPUT 16 "i_dividend";
    .port_info 1 /INPUT 16 "i_divisor";
    .port_info 2 /INPUT 16 "i_remainder";
    .port_info 3 /INPUT 16 "i_quotient";
    .port_info 4 /OUTPUT 16 "o_dividend";
    .port_info 5 /OUTPUT 16 "o_remainder";
    .port_info 6 /OUTPUT 16 "o_quotient";
L_0x7f5f5e812f00 .functor BUFT 1, C4<0000000000000001>, C4<0>, C4<0>, C4<0>;
L_0x1afbad0 .functor AND 16, L_0x1afd0d0, L_0x7f5f5e812f00, C4<1111111111111111>, C4<1111111111111111>;
L_0x1afd260 .functor OR 16, L_0x1afcf00, L_0x1afbad0, C4<0000000000000000>, C4<0000000000000000>;
L_0x7f5f5e813068 .functor BUFT 1, C4<0000000000000001>, C4<0>, C4<0>, C4<0>;
L_0x1afdce0 .functor OR 16, L_0x1afe040, L_0x7f5f5e813068, C4<0000000000000000>, C4<0000000000000000>;
v0x1ac56e0_0 .net *"_ivl_10", 0 0, L_0x1afcfa0;  1 drivers
L_0x7f5f5e812eb8 .functor BUFT 1, C4<000000000000000>, C4<0>, C4<0>, C4<0>;
v0x1ac57e0_0 .net *"_ivl_12", 14 0, L_0x7f5f5e812eb8;  1 drivers
v0x1ac58c0_0 .net/2u *"_ivl_14", 15 0, L_0x7f5f5e812f00;  1 drivers
v0x1ac59b0_0 .net *"_ivl_16", 15 0, L_0x1afbad0;  1 drivers
v0x1ac5a90_0 .net *"_ivl_2", 15 0, L_0x1afcf00;  1 drivers
L_0x7f5f5e812f48 .functor BUFT 1, C4<0000000000000000>, C4<0>, C4<0>, C4<0>;
v0x1ac5bc0_0 .net/2u *"_ivl_22", 15 0, L_0x7f5f5e812f48;  1 drivers
v0x1ac5ca0_0 .net *"_ivl_24", 0 0, L_0x1afd4d0;  1 drivers
v0x1ac5d60_0 .net *"_ivl_26", 0 0, L_0x1afd600;  1 drivers
v0x1ac5e20_0 .net *"_ivl_28", 15 0, L_0x1afd6a0;  1 drivers
L_0x7f5f5e812f90 .functor BUFT 1, C4<0000000000000000>, C4<0>, C4<0>, C4<0>;
v0x1ac5f90_0 .net/2u *"_ivl_32", 15 0, L_0x7f5f5e812f90;  1 drivers
v0x1ac6070_0 .net *"_ivl_34", 0 0, L_0x1afda00;  1 drivers
v0x1ac6130_0 .net *"_ivl_36", 15 0, L_0x1afdbf0;  1 drivers
v0x1ac6210_0 .net *"_ivl_38", 14 0, L_0x1afdb50;  1 drivers
v0x1ac62f0_0 .net *"_ivl_4", 14 0, L_0x1afcdd0;  1 drivers
L_0x7f5f5e812fd8 .functor BUFT 1, C4<0>, C4<0>, C4<0>, C4<0>;
v0x1ac63d0_0 .net *"_ivl_40", 0 0, L_0x7f5f5e812fd8;  1 drivers
v0x1ac64b0_0 .net *"_ivl_46", 14 0, L_0x1afde90;  1 drivers
L_0x7f5f5e813020 .functor BUFT 1, C4<0>, C4<0>, C4<0>, C4<0>;
v0x1ac6590_0 .net *"_ivl_48", 0 0, L_0x7f5f5e813020;  1 drivers
v0x1ac6670_0 .net/2u *"_ivl_50", 15 0, L_0x7f5f5e813068;  1 drivers
L_0x7f5f5e8130b0 .functor BUFT 1, C4<0000000000000000>, C4<0>, C4<0>, C4<0>;
v0x1ac6750_0 .net/2u *"_ivl_54", 15 0, L_0x7f5f5e8130b0;  1 drivers
v0x1ac6830_0 .net *"_ivl_56", 0 0, L_0x1afe1d0;  1 drivers
v0x1ac68f0_0 .net *"_ivl_58", 0 0, L_0x1afe350;  1 drivers
L_0x7f5f5e812e70 .functor BUFT 1, C4<0>, C4<0>, C4<0>, C4<0>;
v0x1ac69b0_0 .net *"_ivl_6", 0 0, L_0x7f5f5e812e70;  1 drivers
v0x1ac6a90_0 .net *"_ivl_60", 15 0, L_0x1afe3f0;  1 drivers
v0x1ac6b70_0 .net *"_ivl_8", 15 0, L_0x1afd0d0;  1 drivers
v0x1ac6c50_0 .net "i_dividend", 15 0, L_0x1afc410;  alias, 1 drivers
v0x1ac6d10_0 .net "i_divisor", 15 0, v0x1ae4840_0;  alias, 1 drivers
v0x1ac6db0_0 .net "i_quotient", 15 0, L_0x1afcc90;  alias, 1 drivers
v0x1ac6ea0_0 .net "i_remainder", 15 0, L_0x1afbf80;  alias, 1 drivers
v0x1ac6f70_0 .net "o_dividend", 15 0, L_0x1afdd50;  alias, 1 drivers
v0x1ac7030_0 .net "o_quotient", 15 0, L_0x1afe5d0;  alias, 1 drivers
v0x1ac7110_0 .net "o_remainder", 15 0, L_0x1afd8c0;  alias, 1 drivers
v0x1ac71f0_0 .net "p_quotient", 15 0, L_0x1afdce0;  1 drivers
v0x1ac72d0_0 .net "p_reminder", 15 0, L_0x1afd370;  1 drivers
v0x1ac75c0_0 .net "s_quotient", 15 0, L_0x1afe040;  1 drivers
v0x1ac76a0_0 .net "s_reminder", 15 0, L_0x1afd260;  1 drivers
L_0x7f5f5e812e28 .functor BUFT 1, C4<0000000000000000>, C4<0>, C4<0>, C4<0>;
v0x1ac7780_0 .net "w", 15 0, L_0x7f5f5e812e28;  1 drivers
L_0x1afcdd0 .part L_0x1afbf80, 0, 15;
L_0x1afcf00 .concat [ 1 15 0 0], L_0x7f5f5e812e70, L_0x1afcdd0;
L_0x1afcfa0 .part L_0x1afc410, 15, 1;
L_0x1afd0d0 .concat [ 1 15 0 0], L_0x1afcfa0, L_0x7f5f5e812eb8;
L_0x1afd370 .arith/sub 16, L_0x1afd260, v0x1ae4840_0;
L_0x1afd4d0 .cmp/eq 16, v0x1ae4840_0, L_0x7f5f5e812f48;
L_0x1afd600 .cmp/gt 16, v0x1ae4840_0, L_0x1afd260;
L_0x1afd6a0 .functor MUXZ 16, L_0x1afd370, L_0x1afd260, L_0x1afd600, C4<>;
L_0x1afd8c0 .functor MUXZ 16, L_0x1afd6a0, L_0x7f5f5e812e28, L_0x1afd4d0, C4<>;
L_0x1afda00 .cmp/eq 16, v0x1ae4840_0, L_0x7f5f5e812f90;
L_0x1afdb50 .part L_0x1afc410, 0, 15;
L_0x1afdbf0 .concat [ 1 15 0 0], L_0x7f5f5e812fd8, L_0x1afdb50;
L_0x1afdd50 .functor MUXZ 16, L_0x1afdbf0, L_0x7f5f5e812e28, L_0x1afda00, C4<>;
L_0x1afde90 .part L_0x1afcc90, 0, 15;
L_0x1afe040 .concat [ 1 15 0 0], L_0x7f5f5e813020, L_0x1afde90;
L_0x1afe1d0 .cmp/eq 16, v0x1ae4840_0, L_0x7f5f5e8130b0;
L_0x1afe350 .cmp/gt 16, v0x1ae4840_0, L_0x1afd260;
L_0x1afe3f0 .functor MUXZ 16, L_0x1afdce0, L_0x1afe040, L_0x1afe350, C4<>;
L_0x1afe5d0 .functor MUXZ 16, L_0x1afe3f0, L_0x7f5f5e812e28, L_0x1afe1d0, C4<>;
S_0x1ac7980 .scope generate, "genblk1[6]" "genblk1[6]" 3 23, 3 23 0, S_0x1aa91f0;
 .timescale -9 -12;
P_0x1ac7b30 .param/l "i" 0 3 23, +C4<0110>;
S_0x1ac7c10 .scope module, "lc4d" "lc4_divider_one_iter" 3 24, 3 56 0, S_0x1ac7980;
 .timescale -9 -12;
    .port_info 0 /INPUT 16 "i_dividend";
    .port_info 1 /INPUT 16 "i_divisor";
    .port_info 2 /INPUT 16 "i_remainder";
    .port_info 3 /INPUT 16 "i_quotient";
    .port_info 4 /OUTPUT 16 "o_dividend";
    .port_info 5 /OUTPUT 16 "o_remainder";
    .port_info 6 /OUTPUT 16 "o_quotient";
L_0x7f5f5e8131d0 .functor BUFT 1, C4<0000000000000001>, C4<0>, C4<0>, C4<0>;
L_0x1afd410 .functor AND 16, L_0x1afea10, L_0x7f5f5e8131d0, C4<1111111111111111>, C4<1111111111111111>;
L_0x1afeba0 .functor OR 16, L_0x1afe840, L_0x1afd410, C4<0000000000000000>, C4<0000000000000000>;
L_0x7f5f5e813338 .functor BUFT 1, C4<0000000000000001>, C4<0>, C4<0>, C4<0>;
L_0x1aff9e0 .functor OR 16, L_0x1affd40, L_0x7f5f5e813338, C4<0000000000000000>, C4<0000000000000000>;
v0x1ac7ea0_0 .net *"_ivl_10", 0 0, L_0x1afe8e0;  1 drivers
L_0x7f5f5e813188 .functor BUFT 1, C4<000000000000000>, C4<0>, C4<0>, C4<0>;
v0x1ac7fa0_0 .net *"_ivl_12", 14 0, L_0x7f5f5e813188;  1 drivers
v0x1ac8080_0 .net/2u *"_ivl_14", 15 0, L_0x7f5f5e8131d0;  1 drivers
v0x1ac8170_0 .net *"_ivl_16", 15 0, L_0x1afd410;  1 drivers
v0x1ac8250_0 .net *"_ivl_2", 15 0, L_0x1afe840;  1 drivers
L_0x7f5f5e813218 .functor BUFT 1, C4<0000000000000000>, C4<0>, C4<0>, C4<0>;
v0x1ac8380_0 .net/2u *"_ivl_22", 15 0, L_0x7f5f5e813218;  1 drivers
v0x1ac8460_0 .net *"_ivl_24", 0 0, L_0x1aff220;  1 drivers
v0x1ac8520_0 .net *"_ivl_26", 0 0, L_0x1aff300;  1 drivers
v0x1ac85e0_0 .net *"_ivl_28", 15 0, L_0x1aff3a0;  1 drivers
L_0x7f5f5e813260 .functor BUFT 1, C4<0000000000000000>, C4<0>, C4<0>, C4<0>;
v0x1ac86c0_0 .net/2u *"_ivl_32", 15 0, L_0x7f5f5e813260;  1 drivers
v0x1ac87a0_0 .net *"_ivl_34", 0 0, L_0x1aff700;  1 drivers
v0x1ac8860_0 .net *"_ivl_36", 15 0, L_0x1aff8f0;  1 drivers
v0x1ac8940_0 .net *"_ivl_38", 14 0, L_0x1aff850;  1 drivers
v0x1ac8a20_0 .net *"_ivl_4", 14 0, L_0x1afe710;  1 drivers
L_0x7f5f5e8132a8 .functor BUFT 1, C4<0>, C4<0>, C4<0>, C4<0>;
v0x1ac8b00_0 .net *"_ivl_40", 0 0, L_0x7f5f5e8132a8;  1 drivers
v0x1ac8be0_0 .net *"_ivl_46", 14 0, L_0x1affb90;  1 drivers
L_0x7f5f5e8132f0 .functor BUFT 1, C4<0>, C4<0>, C4<0>, C4<0>;
v0x1ac8cc0_0 .net *"_ivl_48", 0 0, L_0x7f5f5e8132f0;  1 drivers
v0x1ac8da0_0 .net/2u *"_ivl_50", 15 0, L_0x7f5f5e813338;  1 drivers
L_0x7f5f5e813380 .functor BUFT 1, C4<0000000000000000>, C4<0>, C4<0>, C4<0>;
v0x1ac8e80_0 .net/2u *"_ivl_54", 15 0, L_0x7f5f5e813380;  1 drivers
v0x1ac8f60_0 .net *"_ivl_56", 0 0, L_0x1affed0;  1 drivers
v0x1ac9020_0 .net *"_ivl_58", 0 0, L_0x1b00050;  1 drivers
L_0x7f5f5e813140 .functor BUFT 1, C4<0>, C4<0>, C4<0>, C4<0>;
v0x1ac90e0_0 .net *"_ivl_6", 0 0, L_0x7f5f5e813140;  1 drivers
v0x1ac91c0_0 .net *"_ivl_60", 15 0, L_0x1b000f0;  1 drivers
v0x1ac92a0_0 .net *"_ivl_8", 15 0, L_0x1afea10;  1 drivers
v0x1ac9380_0 .net "i_dividend", 15 0, L_0x1afdd50;  alias, 1 drivers
v0x1ac9440_0 .net "i_divisor", 15 0, v0x1ae4840_0;  alias, 1 drivers
v0x1ac94e0_0 .net "i_quotient", 15 0, L_0x1afe5d0;  alias, 1 drivers
v0x1ac95d0_0 .net "i_remainder", 15 0, L_0x1afd8c0;  alias, 1 drivers
v0x1ac96a0_0 .net "o_dividend", 15 0, L_0x1affa50;  alias, 1 drivers
v0x1ac9760_0 .net "o_quotient", 15 0, L_0x1b002d0;  alias, 1 drivers
v0x1ac9840_0 .net "o_remainder", 15 0, L_0x1aff5c0;  alias, 1 drivers
v0x1ac9920_0 .net "p_quotient", 15 0, L_0x1aff9e0;  1 drivers
v0x1ac9a00_0 .net "p_reminder", 15 0, L_0x1afecb0;  1 drivers
v0x1ac9cf0_0 .net "s_quotient", 15 0, L_0x1affd40;  1 drivers
v0x1ac9dd0_0 .net "s_reminder", 15 0, L_0x1afeba0;  1 drivers
L_0x7f5f5e8130f8 .functor BUFT 1, C4<0000000000000000>, C4<0>, C4<0>, C4<0>;
v0x1ac9eb0_0 .net "w", 15 0, L_0x7f5f5e8130f8;  1 drivers
L_0x1afe710 .part L_0x1afd8c0, 0, 15;
L_0x1afe840 .concat [ 1 15 0 0], L_0x7f5f5e813140, L_0x1afe710;
L_0x1afe8e0 .part L_0x1afdd50, 15, 1;
L_0x1afea10 .concat [ 1 15 0 0], L_0x1afe8e0, L_0x7f5f5e813188;
L_0x1afecb0 .arith/sub 16, L_0x1afeba0, v0x1ae4840_0;
L_0x1aff220 .cmp/eq 16, v0x1ae4840_0, L_0x7f5f5e813218;
L_0x1aff300 .cmp/gt 16, v0x1ae4840_0, L_0x1afeba0;
L_0x1aff3a0 .functor MUXZ 16, L_0x1afecb0, L_0x1afeba0, L_0x1aff300, C4<>;
L_0x1aff5c0 .functor MUXZ 16, L_0x1aff3a0, L_0x7f5f5e8130f8, L_0x1aff220, C4<>;
L_0x1aff700 .cmp/eq 16, v0x1ae4840_0, L_0x7f5f5e813260;
L_0x1aff850 .part L_0x1afdd50, 0, 15;
L_0x1aff8f0 .concat [ 1 15 0 0], L_0x7f5f5e8132a8, L_0x1aff850;
L_0x1affa50 .functor MUXZ 16, L_0x1aff8f0, L_0x7f5f5e8130f8, L_0x1aff700, C4<>;
L_0x1affb90 .part L_0x1afe5d0, 0, 15;
L_0x1affd40 .concat [ 1 15 0 0], L_0x7f5f5e8132f0, L_0x1affb90;
L_0x1affed0 .cmp/eq 16, v0x1ae4840_0, L_0x7f5f5e813380;
L_0x1b00050 .cmp/gt 16, v0x1ae4840_0, L_0x1afeba0;
L_0x1b000f0 .functor MUXZ 16, L_0x1aff9e0, L_0x1affd40, L_0x1b00050, C4<>;
L_0x1b002d0 .functor MUXZ 16, L_0x1b000f0, L_0x7f5f5e8130f8, L_0x1affed0, C4<>;
S_0x1aca0b0 .scope generate, "genblk1[7]" "genblk1[7]" 3 23, 3 23 0, S_0x1aa91f0;
 .timescale -9 -12;
P_0x1aca260 .param/l "i" 0 3 23, +C4<0111>;
S_0x1aca340 .scope module, "lc4d" "lc4_divider_one_iter" 3 24, 3 56 0, S_0x1aca0b0;
 .timescale -9 -12;
    .port_info 0 /INPUT 16 "i_dividend";
    .port_info 1 /INPUT 16 "i_divisor";
    .port_info 2 /INPUT 16 "i_remainder";
    .port_info 3 /INPUT 16 "i_quotient";
    .port_info 4 /OUTPUT 16 "o_dividend";
    .port_info 5 /OUTPUT 16 "o_remainder";
    .port_info 6 /OUTPUT 16 "o_quotient";
L_0x7f5f5e8134a0 .functor BUFT 1, C4<0000000000000001>, C4<0>, C4<0>, C4<0>;
L_0x1afed50 .functor AND 16, L_0x1b00710, L_0x7f5f5e8134a0, C4<1111111111111111>, C4<1111111111111111>;
L_0x1b008a0 .functor OR 16, L_0x1b00540, L_0x1afed50, C4<0000000000000000>, C4<0000000000000000>;
L_0x7f5f5e813608 .functor BUFT 1, C4<0000000000000001>, C4<0>, C4<0>, C4<0>;
L_0x1b00a50 .functor OR 16, L_0x1b01cb0, L_0x7f5f5e813608, C4<0000000000000000>, C4<0000000000000000>;
v0x1aca5d0_0 .net *"_ivl_10", 0 0, L_0x1b005e0;  1 drivers
L_0x7f5f5e813458 .functor BUFT 1, C4<000000000000000>, C4<0>, C4<0>, C4<0>;
v0x1aca6d0_0 .net *"_ivl_12", 14 0, L_0x7f5f5e813458;  1 drivers
v0x1aca7b0_0 .net/2u *"_ivl_14", 15 0, L_0x7f5f5e8134a0;  1 drivers
v0x1aca8a0_0 .net *"_ivl_16", 15 0, L_0x1afed50;  1 drivers
v0x1aca980_0 .net *"_ivl_2", 15 0, L_0x1b00540;  1 drivers
L_0x7f5f5e8134e8 .functor BUFT 1, C4<0000000000000000>, C4<0>, C4<0>, C4<0>;
v0x1acaab0_0 .net/2u *"_ivl_22", 15 0, L_0x7f5f5e8134e8;  1 drivers
v0x1acab90_0 .net *"_ivl_24", 0 0, L_0x1b00b10;  1 drivers
v0x1acac50_0 .net *"_ivl_26", 0 0, L_0x1b00c00;  1 drivers
v0x1acad10_0 .net *"_ivl_28", 15 0, L_0x1b00ca0;  1 drivers
L_0x7f5f5e813530 .functor BUFT 1, C4<0000000000000000>, C4<0>, C4<0>, C4<0>;
v0x1acadf0_0 .net/2u *"_ivl_32", 15 0, L_0x7f5f5e813530;  1 drivers
v0x1acaed0_0 .net *"_ivl_34", 0 0, L_0x1b01000;  1 drivers
v0x1acaf90_0 .net *"_ivl_36", 15 0, L_0x1b01950;  1 drivers
v0x1acb070_0 .net *"_ivl_38", 14 0, L_0x1b018b0;  1 drivers
v0x1acb150_0 .net *"_ivl_4", 14 0, L_0x1b00410;  1 drivers
L_0x7f5f5e813578 .functor BUFT 1, C4<0>, C4<0>, C4<0>, C4<0>;
v0x1acb230_0 .net *"_ivl_40", 0 0, L_0x7f5f5e813578;  1 drivers
v0x1acb310_0 .net *"_ivl_46", 14 0, L_0x1b01b80;  1 drivers
L_0x7f5f5e8135c0 .functor BUFT 1, C4<0>, C4<0>, C4<0>, C4<0>;
v0x1acb3f0_0 .net *"_ivl_48", 0 0, L_0x7f5f5e8135c0;  1 drivers
v0x1acb4d0_0 .net/2u *"_ivl_50", 15 0, L_0x7f5f5e813608;  1 drivers
L_0x7f5f5e813650 .functor BUFT 1, C4<0000000000000000>, C4<0>, C4<0>, C4<0>;
v0x1acb5b0_0 .net/2u *"_ivl_54", 15 0, L_0x7f5f5e813650;  1 drivers
v0x1acb690_0 .net *"_ivl_56", 0 0, L_0x1b01e40;  1 drivers
v0x1acb750_0 .net *"_ivl_58", 0 0, L_0x1b01fc0;  1 drivers
L_0x7f5f5e813410 .functor BUFT 1, C4<0>, C4<0>, C4<0>, C4<0>;
v0x1acb810_0 .net *"_ivl_6", 0 0, L_0x7f5f5e813410;  1 drivers
v0x1acb8f0_0 .net *"_ivl_60", 15 0, L_0x1b02060;  1 drivers
v0x1acb9d0_0 .net *"_ivl_8", 15 0, L_0x1b00710;  1 drivers
v0x1acbab0_0 .net "i_dividend", 15 0, L_0x1affa50;  alias, 1 drivers
v0x1acbb70_0 .net "i_divisor", 15 0, v0x1ae4840_0;  alias, 1 drivers
v0x1acbc10_0 .net "i_quotient", 15 0, L_0x1b002d0;  alias, 1 drivers
v0x1acbd00_0 .net "i_remainder", 15 0, L_0x1aff5c0;  alias, 1 drivers
v0x1acbdd0_0 .net "o_dividend", 15 0, L_0x1b01a40;  alias, 1 drivers
v0x1acbe90_0 .net "o_quotient", 15 0, L_0x1b02240;  alias, 1 drivers
v0x1acbf70_0 .net "o_remainder", 15 0, L_0x1b00ec0;  alias, 1 drivers
v0x1acc050_0 .net "p_quotient", 15 0, L_0x1b00a50;  1 drivers
v0x1acc130_0 .net "p_reminder", 15 0, L_0x1b009b0;  1 drivers
v0x1acc420_0 .net "s_quotient", 15 0, L_0x1b01cb0;  1 drivers
v0x1acc500_0 .net "s_reminder", 15 0, L_0x1b008a0;  1 drivers
L_0x7f5f5e8133c8 .functor BUFT 1, C4<0000000000000000>, C4<0>, C4<0>, C4<0>;
v0x1acc5e0_0 .net "w", 15 0, L_0x7f5f5e8133c8;  1 drivers
L_0x1b00410 .part L_0x1aff5c0, 0, 15;
L_0x1b00540 .concat [ 1 15 0 0], L_0x7f5f5e813410, L_0x1b00410;
L_0x1b005e0 .part L_0x1affa50, 15, 1;
L_0x1b00710 .concat [ 1 15 0 0], L_0x1b005e0, L_0x7f5f5e813458;
L_0x1b009b0 .arith/sub 16, L_0x1b008a0, v0x1ae4840_0;
L_0x1b00b10 .cmp/eq 16, v0x1ae4840_0, L_0x7f5f5e8134e8;
L_0x1b00c00 .cmp/gt 16, v0x1ae4840_0, L_0x1b008a0;
L_0x1b00ca0 .functor MUXZ 16, L_0x1b009b0, L_0x1b008a0, L_0x1b00c00, C4<>;
L_0x1b00ec0 .functor MUXZ 16, L_0x1b00ca0, L_0x7f5f5e8133c8, L_0x1b00b10, C4<>;
L_0x1b01000 .cmp/eq 16, v0x1ae4840_0, L_0x7f5f5e813530;
L_0x1b018b0 .part L_0x1affa50, 0, 15;
L_0x1b01950 .concat [ 1 15 0 0], L_0x7f5f5e813578, L_0x1b018b0;
L_0x1b01a40 .functor MUXZ 16, L_0x1b01950, L_0x7f5f5e8133c8, L_0x1b01000, C4<>;
L_0x1b01b80 .part L_0x1b002d0, 0, 15;
L_0x1b01cb0 .concat [ 1 15 0 0], L_0x7f5f5e8135c0, L_0x1b01b80;
L_0x1b01e40 .cmp/eq 16, v0x1ae4840_0, L_0x7f5f5e813650;
L_0x1b01fc0 .cmp/gt 16, v0x1ae4840_0, L_0x1b008a0;
L_0x1b02060 .functor MUXZ 16, L_0x1b00a50, L_0x1b01cb0, L_0x1b01fc0, C4<>;
L_0x1b02240 .functor MUXZ 16, L_0x1b02060, L_0x7f5f5e8133c8, L_0x1b01e40, C4<>;
S_0x1acc7e0 .scope generate, "genblk1[8]" "genblk1[8]" 3 23, 3 23 0, S_0x1aa91f0;
 .timescale -9 -12;
P_0x1ac2c70 .param/l "i" 0 3 23, +C4<01000>;
S_0x1acca20 .scope module, "lc4d" "lc4_divider_one_iter" 3 24, 3 56 0, S_0x1acc7e0;
 .timescale -9 -12;
    .port_info 0 /INPUT 16 "i_dividend";
    .port_info 1 /INPUT 16 "i_divisor";
    .port_info 2 /INPUT 16 "i_remainder";
    .port_info 3 /INPUT 16 "i_quotient";
    .port_info 4 /OUTPUT 16 "o_dividend";
    .port_info 5 /OUTPUT 16 "o_remainder";
    .port_info 6 /OUTPUT 16 "o_quotient";
L_0x7f5f5e813770 .functor BUFT 1, C4<0000000000000001>, C4<0>, C4<0>, C4<0>;
L_0x1b02770 .functor AND 16, L_0x1b02680, L_0x7f5f5e813770, C4<1111111111111111>, C4<1111111111111111>;
L_0x1b02880 .functor OR 16, L_0x1b024b0, L_0x1b02770, C4<0000000000000000>, C4<0000000000000000>;
L_0x7f5f5e8138d8 .functor BUFT 1, C4<0000000000000001>, C4<0>, C4<0>, C4<0>;
L_0x1b032c0 .functor OR 16, L_0x1b035a0, L_0x7f5f5e8138d8, C4<0000000000000000>, C4<0000000000000000>;
v0x1acccb0_0 .net *"_ivl_10", 0 0, L_0x1b02550;  1 drivers
L_0x7f5f5e813728 .functor BUFT 1, C4<000000000000000>, C4<0>, C4<0>, C4<0>;
v0x1accdb0_0 .net *"_ivl_12", 14 0, L_0x7f5f5e813728;  1 drivers
v0x1acce90_0 .net/2u *"_ivl_14", 15 0, L_0x7f5f5e813770;  1 drivers
v0x1accf80_0 .net *"_ivl_16", 15 0, L_0x1b02770;  1 drivers
v0x1acd060_0 .net *"_ivl_2", 15 0, L_0x1b024b0;  1 drivers
L_0x7f5f5e8137b8 .functor BUFT 1, C4<0000000000000000>, C4<0>, C4<0>, C4<0>;
v0x1acd190_0 .net/2u *"_ivl_22", 15 0, L_0x7f5f5e8137b8;  1 drivers
v0x1acd270_0 .net *"_ivl_24", 0 0, L_0x1b02af0;  1 drivers
v0x1acd330_0 .net *"_ivl_26", 0 0, L_0x1b02be0;  1 drivers
v0x1acd3f0_0 .net *"_ivl_28", 15 0, L_0x1b02c80;  1 drivers
L_0x7f5f5e813800 .functor BUFT 1, C4<0000000000000000>, C4<0>, C4<0>, C4<0>;
v0x1acd560_0 .net/2u *"_ivl_32", 15 0, L_0x7f5f5e813800;  1 drivers
v0x1acd640_0 .net *"_ivl_34", 0 0, L_0x1b02fe0;  1 drivers
v0x1acd700_0 .net *"_ivl_36", 15 0, L_0x1b031d0;  1 drivers
v0x1acd7e0_0 .net *"_ivl_38", 14 0, L_0x1b03130;  1 drivers
v0x1acd8c0_0 .net *"_ivl_4", 14 0, L_0x1b02380;  1 drivers
L_0x7f5f5e813848 .functor BUFT 1, C4<0>, C4<0>, C4<0>, C4<0>;
v0x1acd9a0_0 .net *"_ivl_40", 0 0, L_0x7f5f5e813848;  1 drivers
v0x1acda80_0 .net *"_ivl_46", 14 0, L_0x1b03470;  1 drivers
L_0x7f5f5e813890 .functor BUFT 1, C4<0>, C4<0>, C4<0>, C4<0>;
v0x1acdb60_0 .net *"_ivl_48", 0 0, L_0x7f5f5e813890;  1 drivers
v0x1acdc40_0 .net/2u *"_ivl_50", 15 0, L_0x7f5f5e8138d8;  1 drivers
L_0x7f5f5e813920 .functor BUFT 1, C4<0000000000000000>, C4<0>, C4<0>, C4<0>;
v0x1acdd20_0 .net/2u *"_ivl_54", 15 0, L_0x7f5f5e813920;  1 drivers
v0x1acde00_0 .net *"_ivl_56", 0 0, L_0x1b03730;  1 drivers
v0x1acdec0_0 .net *"_ivl_58", 0 0, L_0x1b038b0;  1 drivers
L_0x7f5f5e8136e0 .functor BUFT 1, C4<0>, C4<0>, C4<0>, C4<0>;
v0x1acdf80_0 .net *"_ivl_6", 0 0, L_0x7f5f5e8136e0;  1 drivers
v0x1ace060_0 .net *"_ivl_60", 15 0, L_0x1b03950;  1 drivers
v0x1ace140_0 .net *"_ivl_8", 15 0, L_0x1b02680;  1 drivers
v0x1ace220_0 .net "i_dividend", 15 0, L_0x1b01a40;  alias, 1 drivers
v0x1ace2e0_0 .net "i_divisor", 15 0, v0x1ae4840_0;  alias, 1 drivers
v0x1ace380_0 .net "i_quotient", 15 0, L_0x1b02240;  alias, 1 drivers
v0x1ace470_0 .net "i_remainder", 15 0, L_0x1b00ec0;  alias, 1 drivers
v0x1ace540_0 .net "o_dividend", 15 0, L_0x1b03330;  alias, 1 drivers
v0x1ace600_0 .net "o_quotient", 15 0, L_0x1b03b30;  alias, 1 drivers
v0x1ace6e0_0 .net "o_remainder", 15 0, L_0x1b02ea0;  alias, 1 drivers
v0x1ace7c0_0 .net "p_quotient", 15 0, L_0x1b032c0;  1 drivers
v0x1ace8a0_0 .net "p_reminder", 15 0, L_0x1b02990;  1 drivers
v0x1aceb90_0 .net "s_quotient", 15 0, L_0x1b035a0;  1 drivers
v0x1acec70_0 .net "s_reminder", 15 0, L_0x1b02880;  1 drivers
L_0x7f5f5e813698 .functor BUFT 1, C4<0000000000000000>, C4<0>, C4<0>, C4<0>;
v0x1aced50_0 .net "w", 15 0, L_0x7f5f5e813698;  1 drivers
L_0x1b02380 .part L_0x1b00ec0, 0, 15;
L_0x1b024b0 .concat [ 1 15 0 0], L_0x7f5f5e8136e0, L_0x1b02380;
L_0x1b02550 .part L_0x1b01a40, 15, 1;
L_0x1b02680 .concat [ 1 15 0 0], L_0x1b02550, L_0x7f5f5e813728;
L_0x1b02990 .arith/sub 16, L_0x1b02880, v0x1ae4840_0;
L_0x1b02af0 .cmp/eq 16, v0x1ae4840_0, L_0x7f5f5e8137b8;
L_0x1b02be0 .cmp/gt 16, v0x1ae4840_0, L_0x1b02880;
L_0x1b02c80 .functor MUXZ 16, L_0x1b02990, L_0x1b02880, L_0x1b02be0, C4<>;
L_0x1b02ea0 .functor MUXZ 16, L_0x1b02c80, L_0x7f5f5e813698, L_0x1b02af0, C4<>;
L_0x1b02fe0 .cmp/eq 16, v0x1ae4840_0, L_0x7f5f5e813800;
L_0x1b03130 .part L_0x1b01a40, 0, 15;
L_0x1b031d0 .concat [ 1 15 0 0], L_0x7f5f5e813848, L_0x1b03130;
L_0x1b03330 .functor MUXZ 16, L_0x1b031d0, L_0x7f5f5e813698, L_0x1b02fe0, C4<>;
L_0x1b03470 .part L_0x1b02240, 0, 15;
L_0x1b035a0 .concat [ 1 15 0 0], L_0x7f5f5e813890, L_0x1b03470;
L_0x1b03730 .cmp/eq 16, v0x1ae4840_0, L_0x7f5f5e813920;
L_0x1b038b0 .cmp/gt 16, v0x1ae4840_0, L_0x1b02880;
L_0x1b03950 .functor MUXZ 16, L_0x1b032c0, L_0x1b035a0, L_0x1b038b0, C4<>;
L_0x1b03b30 .functor MUXZ 16, L_0x1b03950, L_0x7f5f5e813698, L_0x1b03730, C4<>;
S_0x1acef50 .scope generate, "genblk1[9]" "genblk1[9]" 3 23, 3 23 0, S_0x1aa91f0;
 .timescale -9 -12;
P_0x1acf100 .param/l "i" 0 3 23, +C4<01001>;
S_0x1acf1e0 .scope module, "lc4d" "lc4_divider_one_iter" 3 24, 3 56 0, S_0x1acef50;
 .timescale -9 -12;
    .port_info 0 /INPUT 16 "i_dividend";
    .port_info 1 /INPUT 16 "i_divisor";
    .port_info 2 /INPUT 16 "i_remainder";
    .port_info 3 /INPUT 16 "i_quotient";
    .port_info 4 /OUTPUT 16 "o_dividend";
    .port_info 5 /OUTPUT 16 "o_remainder";
    .port_info 6 /OUTPUT 16 "o_quotient";
L_0x7f5f5e813a40 .functor BUFT 1, C4<0000000000000001>, C4<0>, C4<0>, C4<0>;
L_0x1b02a30 .functor AND 16, L_0x1b03f70, L_0x7f5f5e813a40, C4<1111111111111111>, C4<1111111111111111>;
L_0x1b04100 .functor OR 16, L_0x1b03da0, L_0x1b02a30, C4<0000000000000000>, C4<0000000000000000>;
L_0x7f5f5e813ba8 .functor BUFT 1, C4<0000000000000001>, C4<0>, C4<0>, C4<0>;
L_0x1b04ae0 .functor OR 16, L_0x1b04dc0, L_0x7f5f5e813ba8, C4<0000000000000000>, C4<0000000000000000>;
v0x1acf470_0 .net *"_ivl_10", 0 0, L_0x1b03e40;  1 drivers
L_0x7f5f5e8139f8 .functor BUFT 1, C4<000000000000000>, C4<0>, C4<0>, C4<0>;
v0x1acf570_0 .net *"_ivl_12", 14 0, L_0x7f5f5e8139f8;  1 drivers
v0x1acf650_0 .net/2u *"_ivl_14", 15 0, L_0x7f5f5e813a40;  1 drivers
v0x1acf740_0 .net *"_ivl_16", 15 0, L_0x1b02a30;  1 drivers
v0x1acf820_0 .net *"_ivl_2", 15 0, L_0x1b03da0;  1 drivers
L_0x7f5f5e813a88 .functor BUFT 1, C4<0000000000000000>, C4<0>, C4<0>, C4<0>;
v0x1acf950_0 .net/2u *"_ivl_22", 15 0, L_0x7f5f5e813a88;  1 drivers
v0x1acfa30_0 .net *"_ivl_24", 0 0, L_0x1b04370;  1 drivers
v0x1acfaf0_0 .net *"_ivl_26", 0 0, L_0x1b04460;  1 drivers
v0x1acfbb0_0 .net *"_ivl_28", 15 0, L_0x1b04500;  1 drivers
L_0x7f5f5e813ad0 .functor BUFT 1, C4<0000000000000000>, C4<0>, C4<0>, C4<0>;
v0x1acfc90_0 .net/2u *"_ivl_32", 15 0, L_0x7f5f5e813ad0;  1 drivers
v0x1acfd70_0 .net *"_ivl_34", 0 0, L_0x1b04860;  1 drivers
v0x1acfe30_0 .net *"_ivl_36", 15 0, L_0x1b049f0;  1 drivers
v0x1acff10_0 .net *"_ivl_38", 14 0, L_0x1b04950;  1 drivers
v0x1acfff0_0 .net *"_ivl_4", 14 0, L_0x1b03c70;  1 drivers
L_0x7f5f5e813b18 .functor BUFT 1, C4<0>, C4<0>, C4<0>, C4<0>;
v0x1ad00d0_0 .net *"_ivl_40", 0 0, L_0x7f5f5e813b18;  1 drivers
v0x1ad01b0_0 .net *"_ivl_46", 14 0, L_0x1b04c90;  1 drivers
L_0x7f5f5e813b60 .functor BUFT 1, C4<0>, C4<0>, C4<0>, C4<0>;
v0x1ad0290_0 .net *"_ivl_48", 0 0, L_0x7f5f5e813b60;  1 drivers
v0x1ad0370_0 .net/2u *"_ivl_50", 15 0, L_0x7f5f5e813ba8;  1 drivers
L_0x7f5f5e813bf0 .functor BUFT 1, C4<0000000000000000>, C4<0>, C4<0>, C4<0>;
v0x1ad0450_0 .net/2u *"_ivl_54", 15 0, L_0x7f5f5e813bf0;  1 drivers
v0x1ad0530_0 .net *"_ivl_56", 0 0, L_0x1b04f50;  1 drivers
v0x1ad05f0_0 .net *"_ivl_58", 0 0, L_0x1b050d0;  1 drivers
L_0x7f5f5e8139b0 .functor BUFT 1, C4<0>, C4<0>, C4<0>, C4<0>;
v0x1ad06b0_0 .net *"_ivl_6", 0 0, L_0x7f5f5e8139b0;  1 drivers
v0x1ad0790_0 .net *"_ivl_60", 15 0, L_0x1b05170;  1 drivers
v0x1ad0870_0 .net *"_ivl_8", 15 0, L_0x1b03f70;  1 drivers
v0x1ad0950_0 .net "i_dividend", 15 0, L_0x1b03330;  alias, 1 drivers
v0x1ad0a10_0 .net "i_divisor", 15 0, v0x1ae4840_0;  alias, 1 drivers
v0x1ad0ab0_0 .net "i_quotient", 15 0, L_0x1b03b30;  alias, 1 drivers
v0x1ad0ba0_0 .net "i_remainder", 15 0, L_0x1b02ea0;  alias, 1 drivers
v0x1ad0c70_0 .net "o_dividend", 15 0, L_0x1b04b50;  alias, 1 drivers
v0x1ad0d30_0 .net "o_quotient", 15 0, L_0x1b05350;  alias, 1 drivers
v0x1ad0e10_0 .net "o_remainder", 15 0, L_0x1b04720;  alias, 1 drivers
v0x1ad0ef0_0 .net "p_quotient", 15 0, L_0x1b04ae0;  1 drivers
v0x1ad0fd0_0 .net "p_reminder", 15 0, L_0x1b04210;  1 drivers
v0x1ad12c0_0 .net "s_quotient", 15 0, L_0x1b04dc0;  1 drivers
v0x1ad13a0_0 .net "s_reminder", 15 0, L_0x1b04100;  1 drivers
L_0x7f5f5e813968 .functor BUFT 1, C4<0000000000000000>, C4<0>, C4<0>, C4<0>;
v0x1ad1480_0 .net "w", 15 0, L_0x7f5f5e813968;  1 drivers
L_0x1b03c70 .part L_0x1b02ea0, 0, 15;
L_0x1b03da0 .concat [ 1 15 0 0], L_0x7f5f5e8139b0, L_0x1b03c70;
L_0x1b03e40 .part L_0x1b03330, 15, 1;
L_0x1b03f70 .concat [ 1 15 0 0], L_0x1b03e40, L_0x7f5f5e8139f8;
L_0x1b04210 .arith/sub 16, L_0x1b04100, v0x1ae4840_0;
L_0x1b04370 .cmp/eq 16, v0x1ae4840_0, L_0x7f5f5e813a88;
L_0x1b04460 .cmp/gt 16, v0x1ae4840_0, L_0x1b04100;
L_0x1b04500 .functor MUXZ 16, L_0x1b04210, L_0x1b04100, L_0x1b04460, C4<>;
L_0x1b04720 .functor MUXZ 16, L_0x1b04500, L_0x7f5f5e813968, L_0x1b04370, C4<>;
L_0x1b04860 .cmp/eq 16, v0x1ae4840_0, L_0x7f5f5e813ad0;
L_0x1b04950 .part L_0x1b03330, 0, 15;
L_0x1b049f0 .concat [ 1 15 0 0], L_0x7f5f5e813b18, L_0x1b04950;
L_0x1b04b50 .functor MUXZ 16, L_0x1b049f0, L_0x7f5f5e813968, L_0x1b04860, C4<>;
L_0x1b04c90 .part L_0x1b03b30, 0, 15;
L_0x1b04dc0 .concat [ 1 15 0 0], L_0x7f5f5e813b60, L_0x1b04c90;
L_0x1b04f50 .cmp/eq 16, v0x1ae4840_0, L_0x7f5f5e813bf0;
L_0x1b050d0 .cmp/gt 16, v0x1ae4840_0, L_0x1b04100;
L_0x1b05170 .functor MUXZ 16, L_0x1b04ae0, L_0x1b04dc0, L_0x1b050d0, C4<>;
L_0x1b05350 .functor MUXZ 16, L_0x1b05170, L_0x7f5f5e813968, L_0x1b04f50, C4<>;
S_0x1ad1680 .scope generate, "genblk1[10]" "genblk1[10]" 3 23, 3 23 0, S_0x1aa91f0;
 .timescale -9 -12;
P_0x1ad1830 .param/l "i" 0 3 23, +C4<01010>;
S_0x1ad1910 .scope module, "lc4d" "lc4_divider_one_iter" 3 24, 3 56 0, S_0x1ad1680;
 .timescale -9 -12;
    .port_info 0 /INPUT 16 "i_dividend";
    .port_info 1 /INPUT 16 "i_divisor";
    .port_info 2 /INPUT 16 "i_remainder";
    .port_info 3 /INPUT 16 "i_quotient";
    .port_info 4 /OUTPUT 16 "o_dividend";
    .port_info 5 /OUTPUT 16 "o_remainder";
    .port_info 6 /OUTPUT 16 "o_quotient";
L_0x7f5f5e813d10 .functor BUFT 1, C4<0000000000000001>, C4<0>, C4<0>, C4<0>;
L_0x1b042b0 .functor AND 16, L_0x1b05790, L_0x7f5f5e813d10, C4<1111111111111111>, C4<1111111111111111>;
L_0x1b05920 .functor OR 16, L_0x1b055c0, L_0x1b042b0, C4<0000000000000000>, C4<0000000000000000>;
L_0x7f5f5e813e78 .functor BUFT 1, C4<0000000000000001>, C4<0>, C4<0>, C4<0>;
L_0x1b06300 .functor OR 16, L_0x1b065e0, L_0x7f5f5e813e78, C4<0000000000000000>, C4<0000000000000000>;
v0x1ad1ba0_0 .net *"_ivl_10", 0 0, L_0x1b05660;  1 drivers
L_0x7f5f5e813cc8 .functor BUFT 1, C4<000000000000000>, C4<0>, C4<0>, C4<0>;
v0x1ad1ca0_0 .net *"_ivl_12", 14 0, L_0x7f5f5e813cc8;  1 drivers
v0x1ad1d80_0 .net/2u *"_ivl_14", 15 0, L_0x7f5f5e813d10;  1 drivers
v0x1ad1e70_0 .net *"_ivl_16", 15 0, L_0x1b042b0;  1 drivers
v0x1ad1f50_0 .net *"_ivl_2", 15 0, L_0x1b055c0;  1 drivers
L_0x7f5f5e813d58 .functor BUFT 1, C4<0000000000000000>, C4<0>, C4<0>, C4<0>;
v0x1ad2080_0 .net/2u *"_ivl_22", 15 0, L_0x7f5f5e813d58;  1 drivers
v0x1ad2160_0 .net *"_ivl_24", 0 0, L_0x1b05b90;  1 drivers
v0x1ad2220_0 .net *"_ivl_26", 0 0, L_0x1b05c80;  1 drivers
v0x1ad22e0_0 .net *"_ivl_28", 15 0, L_0x1b05d20;  1 drivers
L_0x7f5f5e813da0 .functor BUFT 1, C4<0000000000000000>, C4<0>, C4<0>, C4<0>;
v0x1ad23c0_0 .net/2u *"_ivl_32", 15 0, L_0x7f5f5e813da0;  1 drivers
v0x1ad24a0_0 .net *"_ivl_34", 0 0, L_0x1b06080;  1 drivers
v0x1ad2560_0 .net *"_ivl_36", 15 0, L_0x1b06210;  1 drivers
v0x1ad2640_0 .net *"_ivl_38", 14 0, L_0x1b06170;  1 drivers
v0x1ad2720_0 .net *"_ivl_4", 14 0, L_0x1b05490;  1 drivers
L_0x7f5f5e813de8 .functor BUFT 1, C4<0>, C4<0>, C4<0>, C4<0>;
v0x1ad2800_0 .net *"_ivl_40", 0 0, L_0x7f5f5e813de8;  1 drivers
v0x1ad28e0_0 .net *"_ivl_46", 14 0, L_0x1b064b0;  1 drivers
L_0x7f5f5e813e30 .functor BUFT 1, C4<0>, C4<0>, C4<0>, C4<0>;
v0x1ad29c0_0 .net *"_ivl_48", 0 0, L_0x7f5f5e813e30;  1 drivers
v0x1ad2aa0_0 .net/2u *"_ivl_50", 15 0, L_0x7f5f5e813e78;  1 drivers
L_0x7f5f5e813ec0 .functor BUFT 1, C4<0000000000000000>, C4<0>, C4<0>, C4<0>;
v0x1ad2b80_0 .net/2u *"_ivl_54", 15 0, L_0x7f5f5e813ec0;  1 drivers
v0x1ad2c60_0 .net *"_ivl_56", 0 0, L_0x1b06770;  1 drivers
v0x1ad2d20_0 .net *"_ivl_58", 0 0, L_0x1b068f0;  1 drivers
L_0x7f5f5e813c80 .functor BUFT 1, C4<0>, C4<0>, C4<0>, C4<0>;
v0x1ad2de0_0 .net *"_ivl_6", 0 0, L_0x7f5f5e813c80;  1 drivers
v0x1ad2ec0_0 .net *"_ivl_60", 15 0, L_0x1b06990;  1 drivers
v0x1ad2fa0_0 .net *"_ivl_8", 15 0, L_0x1b05790;  1 drivers
v0x1ad3080_0 .net "i_dividend", 15 0, L_0x1b04b50;  alias, 1 drivers
v0x1ad3140_0 .net "i_divisor", 15 0, v0x1ae4840_0;  alias, 1 drivers
v0x1ad31e0_0 .net "i_quotient", 15 0, L_0x1b05350;  alias, 1 drivers
v0x1ad32d0_0 .net "i_remainder", 15 0, L_0x1b04720;  alias, 1 drivers
v0x1ad33a0_0 .net "o_dividend", 15 0, L_0x1b06370;  alias, 1 drivers
v0x1ad3460_0 .net "o_quotient", 15 0, L_0x1b06b70;  alias, 1 drivers
v0x1ad3540_0 .net "o_remainder", 15 0, L_0x1b05f40;  alias, 1 drivers
v0x1ad3620_0 .net "p_quotient", 15 0, L_0x1b06300;  1 drivers
v0x1ad3700_0 .net "p_reminder", 15 0, L_0x1b05a30;  1 drivers
v0x1ad39f0_0 .net "s_quotient", 15 0, L_0x1b065e0;  1 drivers
v0x1ad3ad0_0 .net "s_reminder", 15 0, L_0x1b05920;  1 drivers
L_0x7f5f5e813c38 .functor BUFT 1, C4<0000000000000000>, C4<0>, C4<0>, C4<0>;
v0x1ad3bb0_0 .net "w", 15 0, L_0x7f5f5e813c38;  1 drivers
L_0x1b05490 .part L_0x1b04720, 0, 15;
L_0x1b055c0 .concat [ 1 15 0 0], L_0x7f5f5e813c80, L_0x1b05490;
L_0x1b05660 .part L_0x1b04b50, 15, 1;
L_0x1b05790 .concat [ 1 15 0 0], L_0x1b05660, L_0x7f5f5e813cc8;
L_0x1b05a30 .arith/sub 16, L_0x1b05920, v0x1ae4840_0;
L_0x1b05b90 .cmp/eq 16, v0x1ae4840_0, L_0x7f5f5e813d58;
L_0x1b05c80 .cmp/gt 16, v0x1ae4840_0, L_0x1b05920;
L_0x1b05d20 .functor MUXZ 16, L_0x1b05a30, L_0x1b05920, L_0x1b05c80, C4<>;
L_0x1b05f40 .functor MUXZ 16, L_0x1b05d20, L_0x7f5f5e813c38, L_0x1b05b90, C4<>;
L_0x1b06080 .cmp/eq 16, v0x1ae4840_0, L_0x7f5f5e813da0;
L_0x1b06170 .part L_0x1b04b50, 0, 15;
L_0x1b06210 .concat [ 1 15 0 0], L_0x7f5f5e813de8, L_0x1b06170;
L_0x1b06370 .functor MUXZ 16, L_0x1b06210, L_0x7f5f5e813c38, L_0x1b06080, C4<>;
L_0x1b064b0 .part L_0x1b05350, 0, 15;
L_0x1b065e0 .concat [ 1 15 0 0], L_0x7f5f5e813e30, L_0x1b064b0;
L_0x1b06770 .cmp/eq 16, v0x1ae4840_0, L_0x7f5f5e813ec0;
L_0x1b068f0 .cmp/gt 16, v0x1ae4840_0, L_0x1b05920;
L_0x1b06990 .functor MUXZ 16, L_0x1b06300, L_0x1b065e0, L_0x1b068f0, C4<>;
L_0x1b06b70 .functor MUXZ 16, L_0x1b06990, L_0x7f5f5e813c38, L_0x1b06770, C4<>;
S_0x1ad3db0 .scope generate, "genblk1[11]" "genblk1[11]" 3 23, 3 23 0, S_0x1aa91f0;
 .timescale -9 -12;
P_0x1ad3f60 .param/l "i" 0 3 23, +C4<01011>;
S_0x1ad4040 .scope module, "lc4d" "lc4_divider_one_iter" 3 24, 3 56 0, S_0x1ad3db0;
 .timescale -9 -12;
    .port_info 0 /INPUT 16 "i_dividend";
    .port_info 1 /INPUT 16 "i_divisor";
    .port_info 2 /INPUT 16 "i_remainder";
    .port_info 3 /INPUT 16 "i_quotient";
    .port_info 4 /OUTPUT 16 "o_dividend";
    .port_info 5 /OUTPUT 16 "o_remainder";
    .port_info 6 /OUTPUT 16 "o_quotient";
L_0x7f5f5e813fe0 .functor BUFT 1, C4<0000000000000001>, C4<0>, C4<0>, C4<0>;
L_0x1b05ad0 .functor AND 16, L_0x1b06fb0, L_0x7f5f5e813fe0, C4<1111111111111111>, C4<1111111111111111>;
L_0x1b07140 .functor OR 16, L_0x1b06de0, L_0x1b05ad0, C4<0000000000000000>, C4<0000000000000000>;
L_0x7f5f5e814148 .functor BUFT 1, C4<0000000000000001>, C4<0>, C4<0>, C4<0>;
L_0x1b07b20 .functor OR 16, L_0x1b07e00, L_0x7f5f5e814148, C4<0000000000000000>, C4<0000000000000000>;
v0x1ad42d0_0 .net *"_ivl_10", 0 0, L_0x1b06e80;  1 drivers
L_0x7f5f5e813f98 .functor BUFT 1, C4<000000000000000>, C4<0>, C4<0>, C4<0>;
v0x1ad43d0_0 .net *"_ivl_12", 14 0, L_0x7f5f5e813f98;  1 drivers
v0x1ad44b0_0 .net/2u *"_ivl_14", 15 0, L_0x7f5f5e813fe0;  1 drivers
v0x1ad45a0_0 .net *"_ivl_16", 15 0, L_0x1b05ad0;  1 drivers
v0x1ad4680_0 .net *"_ivl_2", 15 0, L_0x1b06de0;  1 drivers
L_0x7f5f5e814028 .functor BUFT 1, C4<0000000000000000>, C4<0>, C4<0>, C4<0>;
v0x1ad47b0_0 .net/2u *"_ivl_22", 15 0, L_0x7f5f5e814028;  1 drivers
v0x1ad4890_0 .net *"_ivl_24", 0 0, L_0x1b073b0;  1 drivers
v0x1ad4950_0 .net *"_ivl_26", 0 0, L_0x1b074a0;  1 drivers
v0x1ad4a10_0 .net *"_ivl_28", 15 0, L_0x1b07540;  1 drivers
L_0x7f5f5e814070 .functor BUFT 1, C4<0000000000000000>, C4<0>, C4<0>, C4<0>;
v0x1ad4af0_0 .net/2u *"_ivl_32", 15 0, L_0x7f5f5e814070;  1 drivers
v0x1ad4bd0_0 .net *"_ivl_34", 0 0, L_0x1b078a0;  1 drivers
v0x1ad4c90_0 .net *"_ivl_36", 15 0, L_0x1b07a30;  1 drivers
v0x1ad4d70_0 .net *"_ivl_38", 14 0, L_0x1b07990;  1 drivers
v0x1ad4e50_0 .net *"_ivl_4", 14 0, L_0x1b06cb0;  1 drivers
L_0x7f5f5e8140b8 .functor BUFT 1, C4<0>, C4<0>, C4<0>, C4<0>;
v0x1ad4f30_0 .net *"_ivl_40", 0 0, L_0x7f5f5e8140b8;  1 drivers
v0x1ad5010_0 .net *"_ivl_46", 14 0, L_0x1b07cd0;  1 drivers
L_0x7f5f5e814100 .functor BUFT 1, C4<0>, C4<0>, C4<0>, C4<0>;
v0x1ad50f0_0 .net *"_ivl_48", 0 0, L_0x7f5f5e814100;  1 drivers
v0x1ad51d0_0 .net/2u *"_ivl_50", 15 0, L_0x7f5f5e814148;  1 drivers
L_0x7f5f5e814190 .functor BUFT 1, C4<0000000000000000>, C4<0>, C4<0>, C4<0>;
v0x1ad52b0_0 .net/2u *"_ivl_54", 15 0, L_0x7f5f5e814190;  1 drivers
v0x1ad5390_0 .net *"_ivl_56", 0 0, L_0x1b07f90;  1 drivers
v0x1ad5450_0 .net *"_ivl_58", 0 0, L_0x1b08110;  1 drivers
L_0x7f5f5e813f50 .functor BUFT 1, C4<0>, C4<0>, C4<0>, C4<0>;
v0x1ad5510_0 .net *"_ivl_6", 0 0, L_0x7f5f5e813f50;  1 drivers
v0x1ad55f0_0 .net *"_ivl_60", 15 0, L_0x1b081b0;  1 drivers
v0x1ad56d0_0 .net *"_ivl_8", 15 0, L_0x1b06fb0;  1 drivers
v0x1ad57b0_0 .net "i_dividend", 15 0, L_0x1b06370;  alias, 1 drivers
v0x1ad5870_0 .net "i_divisor", 15 0, v0x1ae4840_0;  alias, 1 drivers
v0x1ad5910_0 .net "i_quotient", 15 0, L_0x1b06b70;  alias, 1 drivers
v0x1ad5a00_0 .net "i_remainder", 15 0, L_0x1b05f40;  alias, 1 drivers
v0x1ad5ad0_0 .net "o_dividend", 15 0, L_0x1b07b90;  alias, 1 drivers
v0x1ad5b90_0 .net "o_quotient", 15 0, L_0x1b08390;  alias, 1 drivers
v0x1ad5c70_0 .net "o_remainder", 15 0, L_0x1b07760;  alias, 1 drivers
v0x1ad5d50_0 .net "p_quotient", 15 0, L_0x1b07b20;  1 drivers
v0x1ad5e30_0 .net "p_reminder", 15 0, L_0x1b07250;  1 drivers
v0x1ad6120_0 .net "s_quotient", 15 0, L_0x1b07e00;  1 drivers
v0x1ad6200_0 .net "s_reminder", 15 0, L_0x1b07140;  1 drivers
L_0x7f5f5e813f08 .functor BUFT 1, C4<0000000000000000>, C4<0>, C4<0>, C4<0>;
v0x1ad62e0_0 .net "w", 15 0, L_0x7f5f5e813f08;  1 drivers
L_0x1b06cb0 .part L_0x1b05f40, 0, 15;
L_0x1b06de0 .concat [ 1 15 0 0], L_0x7f5f5e813f50, L_0x1b06cb0;
L_0x1b06e80 .part L_0x1b06370, 15, 1;
L_0x1b06fb0 .concat [ 1 15 0 0], L_0x1b06e80, L_0x7f5f5e813f98;
L_0x1b07250 .arith/sub 16, L_0x1b07140, v0x1ae4840_0;
L_0x1b073b0 .cmp/eq 16, v0x1ae4840_0, L_0x7f5f5e814028;
L_0x1b074a0 .cmp/gt 16, v0x1ae4840_0, L_0x1b07140;
L_0x1b07540 .functor MUXZ 16, L_0x1b07250, L_0x1b07140, L_0x1b074a0, C4<>;
L_0x1b07760 .functor MUXZ 16, L_0x1b07540, L_0x7f5f5e813f08, L_0x1b073b0, C4<>;
L_0x1b078a0 .cmp/eq 16, v0x1ae4840_0, L_0x7f5f5e814070;
L_0x1b07990 .part L_0x1b06370, 0, 15;
L_0x1b07a30 .concat [ 1 15 0 0], L_0x7f5f5e8140b8, L_0x1b07990;
L_0x1b07b90 .functor MUXZ 16, L_0x1b07a30, L_0x7f5f5e813f08, L_0x1b078a0, C4<>;
L_0x1b07cd0 .part L_0x1b06b70, 0, 15;
L_0x1b07e00 .concat [ 1 15 0 0], L_0x7f5f5e814100, L_0x1b07cd0;
L_0x1b07f90 .cmp/eq 16, v0x1ae4840_0, L_0x7f5f5e814190;
L_0x1b08110 .cmp/gt 16, v0x1ae4840_0, L_0x1b07140;
L_0x1b081b0 .functor MUXZ 16, L_0x1b07b20, L_0x1b07e00, L_0x1b08110, C4<>;
L_0x1b08390 .functor MUXZ 16, L_0x1b081b0, L_0x7f5f5e813f08, L_0x1b07f90, C4<>;
S_0x1ad64e0 .scope generate, "genblk1[12]" "genblk1[12]" 3 23, 3 23 0, S_0x1aa91f0;
 .timescale -9 -12;
P_0x1ad6690 .param/l "i" 0 3 23, +C4<01100>;
S_0x1ad6770 .scope module, "lc4d" "lc4_divider_one_iter" 3 24, 3 56 0, S_0x1ad64e0;
 .timescale -9 -12;
    .port_info 0 /INPUT 16 "i_dividend";
    .port_info 1 /INPUT 16 "i_divisor";
    .port_info 2 /INPUT 16 "i_remainder";
    .port_info 3 /INPUT 16 "i_quotient";
    .port_info 4 /OUTPUT 16 "o_dividend";
    .port_info 5 /OUTPUT 16 "o_remainder";
    .port_info 6 /OUTPUT 16 "o_quotient";
L_0x7f5f5e8142b0 .functor BUFT 1, C4<0000000000000001>, C4<0>, C4<0>, C4<0>;
L_0x1b072f0 .functor AND 16, L_0x1b087d0, L_0x7f5f5e8142b0, C4<1111111111111111>, C4<1111111111111111>;
L_0x1b08960 .functor OR 16, L_0x1b08600, L_0x1b072f0, C4<0000000000000000>, C4<0000000000000000>;
L_0x7f5f5e814418 .functor BUFT 1, C4<0000000000000001>, C4<0>, C4<0>, C4<0>;
L_0x1b09340 .functor OR 16, L_0x1b09620, L_0x7f5f5e814418, C4<0000000000000000>, C4<0000000000000000>;
v0x1ad6a00_0 .net *"_ivl_10", 0 0, L_0x1b086a0;  1 drivers
L_0x7f5f5e814268 .functor BUFT 1, C4<000000000000000>, C4<0>, C4<0>, C4<0>;
v0x1ad6b00_0 .net *"_ivl_12", 14 0, L_0x7f5f5e814268;  1 drivers
v0x1ad6be0_0 .net/2u *"_ivl_14", 15 0, L_0x7f5f5e8142b0;  1 drivers
v0x1ad6cd0_0 .net *"_ivl_16", 15 0, L_0x1b072f0;  1 drivers
v0x1ad6db0_0 .net *"_ivl_2", 15 0, L_0x1b08600;  1 drivers
L_0x7f5f5e8142f8 .functor BUFT 1, C4<0000000000000000>, C4<0>, C4<0>, C4<0>;
v0x1ad6ee0_0 .net/2u *"_ivl_22", 15 0, L_0x7f5f5e8142f8;  1 drivers
v0x1ad6fc0_0 .net *"_ivl_24", 0 0, L_0x1b08bd0;  1 drivers
v0x1ad7080_0 .net *"_ivl_26", 0 0, L_0x1b08cc0;  1 drivers
v0x1ad7140_0 .net *"_ivl_28", 15 0, L_0x1b08d60;  1 drivers
L_0x7f5f5e814340 .functor BUFT 1, C4<0000000000000000>, C4<0>, C4<0>, C4<0>;
v0x1ad7220_0 .net/2u *"_ivl_32", 15 0, L_0x7f5f5e814340;  1 drivers
v0x1ad7300_0 .net *"_ivl_34", 0 0, L_0x1b090c0;  1 drivers
v0x1ad73c0_0 .net *"_ivl_36", 15 0, L_0x1b09250;  1 drivers
v0x1ad74a0_0 .net *"_ivl_38", 14 0, L_0x1b091b0;  1 drivers
v0x1ad7580_0 .net *"_ivl_4", 14 0, L_0x1b084d0;  1 drivers
L_0x7f5f5e814388 .functor BUFT 1, C4<0>, C4<0>, C4<0>, C4<0>;
v0x1ad7660_0 .net *"_ivl_40", 0 0, L_0x7f5f5e814388;  1 drivers
v0x1ad7740_0 .net *"_ivl_46", 14 0, L_0x1b094f0;  1 drivers
L_0x7f5f5e8143d0 .functor BUFT 1, C4<0>, C4<0>, C4<0>, C4<0>;
v0x1ad7820_0 .net *"_ivl_48", 0 0, L_0x7f5f5e8143d0;  1 drivers
v0x1ad7900_0 .net/2u *"_ivl_50", 15 0, L_0x7f5f5e814418;  1 drivers
L_0x7f5f5e814460 .functor BUFT 1, C4<0000000000000000>, C4<0>, C4<0>, C4<0>;
v0x1ad79e0_0 .net/2u *"_ivl_54", 15 0, L_0x7f5f5e814460;  1 drivers
v0x1ad7ac0_0 .net *"_ivl_56", 0 0, L_0x1b09f20;  1 drivers
v0x1ad7b80_0 .net *"_ivl_58", 0 0, L_0x1b0a050;  1 drivers
L_0x7f5f5e814220 .functor BUFT 1, C4<0>, C4<0>, C4<0>, C4<0>;
v0x1ad7c40_0 .net *"_ivl_6", 0 0, L_0x7f5f5e814220;  1 drivers
v0x1ad7d20_0 .net *"_ivl_60", 15 0, L_0x1b0a0f0;  1 drivers
v0x1ad7e00_0 .net *"_ivl_8", 15 0, L_0x1b087d0;  1 drivers
v0x1ad7ee0_0 .net "i_dividend", 15 0, L_0x1b07b90;  alias, 1 drivers
v0x1ad7fa0_0 .net "i_divisor", 15 0, v0x1ae4840_0;  alias, 1 drivers
v0x1ad8040_0 .net "i_quotient", 15 0, L_0x1b08390;  alias, 1 drivers
v0x1ad8130_0 .net "i_remainder", 15 0, L_0x1b07760;  alias, 1 drivers
v0x1ad8200_0 .net "o_dividend", 15 0, L_0x1b093b0;  alias, 1 drivers
v0x1ad82c0_0 .net "o_quotient", 15 0, L_0x1b0a230;  alias, 1 drivers
v0x1ad83a0_0 .net "o_remainder", 15 0, L_0x1b08f80;  alias, 1 drivers
v0x1ad8480_0 .net "p_quotient", 15 0, L_0x1b09340;  1 drivers
v0x1ad8560_0 .net "p_reminder", 15 0, L_0x1b08a70;  1 drivers
v0x1ad8850_0 .net "s_quotient", 15 0, L_0x1b09620;  1 drivers
v0x1ad8930_0 .net "s_reminder", 15 0, L_0x1b08960;  1 drivers
L_0x7f5f5e8141d8 .functor BUFT 1, C4<0000000000000000>, C4<0>, C4<0>, C4<0>;
v0x1ad8a10_0 .net "w", 15 0, L_0x7f5f5e8141d8;  1 drivers
L_0x1b084d0 .part L_0x1b07760, 0, 15;
L_0x1b08600 .concat [ 1 15 0 0], L_0x7f5f5e814220, L_0x1b084d0;
L_0x1b086a0 .part L_0x1b07b90, 15, 1;
L_0x1b087d0 .concat [ 1 15 0 0], L_0x1b086a0, L_0x7f5f5e814268;
L_0x1b08a70 .arith/sub 16, L_0x1b08960, v0x1ae4840_0;
L_0x1b08bd0 .cmp/eq 16, v0x1ae4840_0, L_0x7f5f5e8142f8;
L_0x1b08cc0 .cmp/gt 16, v0x1ae4840_0, L_0x1b08960;
L_0x1b08d60 .functor MUXZ 16, L_0x1b08a70, L_0x1b08960, L_0x1b08cc0, C4<>;
L_0x1b08f80 .functor MUXZ 16, L_0x1b08d60, L_0x7f5f5e8141d8, L_0x1b08bd0, C4<>;
L_0x1b090c0 .cmp/eq 16, v0x1ae4840_0, L_0x7f5f5e814340;
L_0x1b091b0 .part L_0x1b07b90, 0, 15;
L_0x1b09250 .concat [ 1 15 0 0], L_0x7f5f5e814388, L_0x1b091b0;
L_0x1b093b0 .functor MUXZ 16, L_0x1b09250, L_0x7f5f5e8141d8, L_0x1b090c0, C4<>;
L_0x1b094f0 .part L_0x1b08390, 0, 15;
L_0x1b09620 .concat [ 1 15 0 0], L_0x7f5f5e8143d0, L_0x1b094f0;
L_0x1b09f20 .cmp/eq 16, v0x1ae4840_0, L_0x7f5f5e814460;
L_0x1b0a050 .cmp/gt 16, v0x1ae4840_0, L_0x1b08960;
L_0x1b0a0f0 .functor MUXZ 16, L_0x1b09340, L_0x1b09620, L_0x1b0a050, C4<>;
L_0x1b0a230 .functor MUXZ 16, L_0x1b0a0f0, L_0x7f5f5e8141d8, L_0x1b09f20, C4<>;
S_0x1ad8c10 .scope generate, "genblk1[13]" "genblk1[13]" 3 23, 3 23 0, S_0x1aa91f0;
 .timescale -9 -12;
P_0x1ad8dc0 .param/l "i" 0 3 23, +C4<01101>;
S_0x1ad8ea0 .scope module, "lc4d" "lc4_divider_one_iter" 3 24, 3 56 0, S_0x1ad8c10;
 .timescale -9 -12;
    .port_info 0 /INPUT 16 "i_dividend";
    .port_info 1 /INPUT 16 "i_divisor";
    .port_info 2 /INPUT 16 "i_remainder";
    .port_info 3 /INPUT 16 "i_quotient";
    .port_info 4 /OUTPUT 16 "o_dividend";
    .port_info 5 /OUTPUT 16 "o_remainder";
    .port_info 6 /OUTPUT 16 "o_quotient";
L_0x7f5f5e814580 .functor BUFT 1, C4<0000000000000001>, C4<0>, C4<0>, C4<0>;
L_0x1b08b10 .functor AND 16, L_0x1b0a620, L_0x7f5f5e814580, C4<1111111111111111>, C4<1111111111111111>;
L_0x1b0a7b0 .functor OR 16, L_0x1b0a450, L_0x1b08b10, C4<0000000000000000>, C4<0000000000000000>;
L_0x7f5f5e8146e8 .functor BUFT 1, C4<0000000000000001>, C4<0>, C4<0>, C4<0>;
L_0x1b0b1f0 .functor OR 16, L_0x1b0b4d0, L_0x7f5f5e8146e8, C4<0000000000000000>, C4<0000000000000000>;
v0x1ad9130_0 .net *"_ivl_10", 0 0, L_0x1b0a4f0;  1 drivers
L_0x7f5f5e814538 .functor BUFT 1, C4<000000000000000>, C4<0>, C4<0>, C4<0>;
v0x1ad9230_0 .net *"_ivl_12", 14 0, L_0x7f5f5e814538;  1 drivers
v0x1ad9310_0 .net/2u *"_ivl_14", 15 0, L_0x7f5f5e814580;  1 drivers
v0x1ad9400_0 .net *"_ivl_16", 15 0, L_0x1b08b10;  1 drivers
v0x1ad94e0_0 .net *"_ivl_2", 15 0, L_0x1b0a450;  1 drivers
L_0x7f5f5e8145c8 .functor BUFT 1, C4<0000000000000000>, C4<0>, C4<0>, C4<0>;
v0x1ad9610_0 .net/2u *"_ivl_22", 15 0, L_0x7f5f5e8145c8;  1 drivers
v0x1ad96f0_0 .net *"_ivl_24", 0 0, L_0x1b0aa20;  1 drivers
v0x1ad97b0_0 .net *"_ivl_26", 0 0, L_0x1b0ab10;  1 drivers
v0x1ad9870_0 .net *"_ivl_28", 15 0, L_0x1b0abb0;  1 drivers
L_0x7f5f5e814610 .functor BUFT 1, C4<0000000000000000>, C4<0>, C4<0>, C4<0>;
v0x1ad9950_0 .net/2u *"_ivl_32", 15 0, L_0x7f5f5e814610;  1 drivers
v0x1ad9a30_0 .net *"_ivl_34", 0 0, L_0x1b0af10;  1 drivers
v0x1ad9af0_0 .net *"_ivl_36", 15 0, L_0x1b0b100;  1 drivers
v0x1ad9bd0_0 .net *"_ivl_38", 14 0, L_0x1b0b060;  1 drivers
v0x1ad9cb0_0 .net *"_ivl_4", 14 0, L_0x1b0a320;  1 drivers
L_0x7f5f5e814658 .functor BUFT 1, C4<0>, C4<0>, C4<0>, C4<0>;
v0x1ad9d90_0 .net *"_ivl_40", 0 0, L_0x7f5f5e814658;  1 drivers
v0x1ad9e70_0 .net *"_ivl_46", 14 0, L_0x1b0b3a0;  1 drivers
L_0x7f5f5e8146a0 .functor BUFT 1, C4<0>, C4<0>, C4<0>, C4<0>;
v0x1ad9f50_0 .net *"_ivl_48", 0 0, L_0x7f5f5e8146a0;  1 drivers
v0x1ada030_0 .net/2u *"_ivl_50", 15 0, L_0x7f5f5e8146e8;  1 drivers
L_0x7f5f5e814730 .functor BUFT 1, C4<0000000000000000>, C4<0>, C4<0>, C4<0>;
v0x1ada110_0 .net/2u *"_ivl_54", 15 0, L_0x7f5f5e814730;  1 drivers
v0x1ada1f0_0 .net *"_ivl_56", 0 0, L_0x1b0b660;  1 drivers
v0x1ada2b0_0 .net *"_ivl_58", 0 0, L_0x1b0b7e0;  1 drivers
L_0x7f5f5e8144f0 .functor BUFT 1, C4<0>, C4<0>, C4<0>, C4<0>;
v0x1ada370_0 .net *"_ivl_6", 0 0, L_0x7f5f5e8144f0;  1 drivers
v0x1ada450_0 .net *"_ivl_60", 15 0, L_0x1b0b880;  1 drivers
v0x1ada530_0 .net *"_ivl_8", 15 0, L_0x1b0a620;  1 drivers
v0x1ada610_0 .net "i_dividend", 15 0, L_0x1b093b0;  alias, 1 drivers
v0x1ada6d0_0 .net "i_divisor", 15 0, v0x1ae4840_0;  alias, 1 drivers
v0x1ada770_0 .net "i_quotient", 15 0, L_0x1b0a230;  alias, 1 drivers
v0x1ada860_0 .net "i_remainder", 15 0, L_0x1b08f80;  alias, 1 drivers
v0x1ada930_0 .net "o_dividend", 15 0, L_0x1b0b260;  alias, 1 drivers
v0x1ada9f0_0 .net "o_quotient", 15 0, L_0x1b0ba60;  alias, 1 drivers
v0x1adaad0_0 .net "o_remainder", 15 0, L_0x1b0add0;  alias, 1 drivers
v0x1adabb0_0 .net "p_quotient", 15 0, L_0x1b0b1f0;  1 drivers
v0x1adac90_0 .net "p_reminder", 15 0, L_0x1b0a8c0;  1 drivers
v0x1adaf80_0 .net "s_quotient", 15 0, L_0x1b0b4d0;  1 drivers
v0x1adb060_0 .net "s_reminder", 15 0, L_0x1b0a7b0;  1 drivers
L_0x7f5f5e8144a8 .functor BUFT 1, C4<0000000000000000>, C4<0>, C4<0>, C4<0>;
v0x1adb140_0 .net "w", 15 0, L_0x7f5f5e8144a8;  1 drivers
L_0x1b0a320 .part L_0x1b08f80, 0, 15;
L_0x1b0a450 .concat [ 1 15 0 0], L_0x7f5f5e8144f0, L_0x1b0a320;
L_0x1b0a4f0 .part L_0x1b093b0, 15, 1;
L_0x1b0a620 .concat [ 1 15 0 0], L_0x1b0a4f0, L_0x7f5f5e814538;
L_0x1b0a8c0 .arith/sub 16, L_0x1b0a7b0, v0x1ae4840_0;
L_0x1b0aa20 .cmp/eq 16, v0x1ae4840_0, L_0x7f5f5e8145c8;
L_0x1b0ab10 .cmp/gt 16, v0x1ae4840_0, L_0x1b0a7b0;
L_0x1b0abb0 .functor MUXZ 16, L_0x1b0a8c0, L_0x1b0a7b0, L_0x1b0ab10, C4<>;
L_0x1b0add0 .functor MUXZ 16, L_0x1b0abb0, L_0x7f5f5e8144a8, L_0x1b0aa20, C4<>;
L_0x1b0af10 .cmp/eq 16, v0x1ae4840_0, L_0x7f5f5e814610;
L_0x1b0b060 .part L_0x1b093b0, 0, 15;
L_0x1b0b100 .concat [ 1 15 0 0], L_0x7f5f5e814658, L_0x1b0b060;
L_0x1b0b260 .functor MUXZ 16, L_0x1b0b100, L_0x7f5f5e8144a8, L_0x1b0af10, C4<>;
L_0x1b0b3a0 .part L_0x1b0a230, 0, 15;
L_0x1b0b4d0 .concat [ 1 15 0 0], L_0x7f5f5e8146a0, L_0x1b0b3a0;
L_0x1b0b660 .cmp/eq 16, v0x1ae4840_0, L_0x7f5f5e814730;
L_0x1b0b7e0 .cmp/gt 16, v0x1ae4840_0, L_0x1b0a7b0;
L_0x1b0b880 .functor MUXZ 16, L_0x1b0b1f0, L_0x1b0b4d0, L_0x1b0b7e0, C4<>;
L_0x1b0ba60 .functor MUXZ 16, L_0x1b0b880, L_0x7f5f5e8144a8, L_0x1b0b660, C4<>;
S_0x1adb340 .scope generate, "genblk1[14]" "genblk1[14]" 3 23, 3 23 0, S_0x1aa91f0;
 .timescale -9 -12;
P_0x1adb4f0 .param/l "i" 0 3 23, +C4<01110>;
S_0x1adb5d0 .scope module, "lc4d" "lc4_divider_one_iter" 3 24, 3 56 0, S_0x1adb340;
 .timescale -9 -12;
    .port_info 0 /INPUT 16 "i_dividend";
    .port_info 1 /INPUT 16 "i_divisor";
    .port_info 2 /INPUT 16 "i_remainder";
    .port_info 3 /INPUT 16 "i_quotient";
    .port_info 4 /OUTPUT 16 "o_dividend";
    .port_info 5 /OUTPUT 16 "o_remainder";
    .port_info 6 /OUTPUT 16 "o_quotient";
L_0x7f5f5e814850 .functor BUFT 1, C4<0000000000000001>, C4<0>, C4<0>, C4<0>;
L_0x1b0a960 .functor AND 16, L_0x1b0bea0, L_0x7f5f5e814850, C4<1111111111111111>, C4<1111111111111111>;
L_0x1b0c030 .functor OR 16, L_0x1b0bcd0, L_0x1b0a960, C4<0000000000000000>, C4<0000000000000000>;
L_0x7f5f5e8149b8 .functor BUFT 1, C4<0000000000000001>, C4<0>, C4<0>, C4<0>;
L_0x1b0ca60 .functor OR 16, L_0x1b0cd90, L_0x7f5f5e8149b8, C4<0000000000000000>, C4<0000000000000000>;
v0x1adb860_0 .net *"_ivl_10", 0 0, L_0x1b0bd70;  1 drivers
L_0x7f5f5e814808 .functor BUFT 1, C4<000000000000000>, C4<0>, C4<0>, C4<0>;
v0x1adb960_0 .net *"_ivl_12", 14 0, L_0x7f5f5e814808;  1 drivers
v0x1adba40_0 .net/2u *"_ivl_14", 15 0, L_0x7f5f5e814850;  1 drivers
v0x1adbb30_0 .net *"_ivl_16", 15 0, L_0x1b0a960;  1 drivers
v0x1adbc10_0 .net *"_ivl_2", 15 0, L_0x1b0bcd0;  1 drivers
L_0x7f5f5e814898 .functor BUFT 1, C4<0000000000000000>, C4<0>, C4<0>, C4<0>;
v0x1adbd40_0 .net/2u *"_ivl_22", 15 0, L_0x7f5f5e814898;  1 drivers
v0x1adbe20_0 .net *"_ivl_24", 0 0, L_0x1b0c2a0;  1 drivers
v0x1adbee0_0 .net *"_ivl_26", 0 0, L_0x1b0c390;  1 drivers
v0x1adbfa0_0 .net *"_ivl_28", 15 0, L_0x1b0c430;  1 drivers
L_0x7f5f5e8148e0 .functor BUFT 1, C4<0000000000000000>, C4<0>, C4<0>, C4<0>;
v0x1adc080_0 .net/2u *"_ivl_32", 15 0, L_0x7f5f5e8148e0;  1 drivers
v0x1adc160_0 .net *"_ivl_34", 0 0, L_0x1b0c7e0;  1 drivers
v0x1adc220_0 .net *"_ivl_36", 15 0, L_0x1b0c970;  1 drivers
v0x1adc300_0 .net *"_ivl_38", 14 0, L_0x1b0c8d0;  1 drivers
v0x1adc3e0_0 .net *"_ivl_4", 14 0, L_0x1b0bba0;  1 drivers
L_0x7f5f5e814928 .functor BUFT 1, C4<0>, C4<0>, C4<0>, C4<0>;
v0x1adc4c0_0 .net *"_ivl_40", 0 0, L_0x7f5f5e814928;  1 drivers
v0x1adc5a0_0 .net *"_ivl_46", 14 0, L_0x1b0cc60;  1 drivers
L_0x7f5f5e814970 .functor BUFT 1, C4<0>, C4<0>, C4<0>, C4<0>;
v0x1adc680_0 .net *"_ivl_48", 0 0, L_0x7f5f5e814970;  1 drivers
v0x1adc760_0 .net/2u *"_ivl_50", 15 0, L_0x7f5f5e8149b8;  1 drivers
L_0x7f5f5e814a00 .functor BUFT 1, C4<0000000000000000>, C4<0>, C4<0>, C4<0>;
v0x1adc840_0 .net/2u *"_ivl_54", 15 0, L_0x7f5f5e814a00;  1 drivers
v0x1adc920_0 .net *"_ivl_56", 0 0, L_0x1b0cf20;  1 drivers
v0x1adc9e0_0 .net *"_ivl_58", 0 0, L_0x1b0d0a0;  1 drivers
L_0x7f5f5e8147c0 .functor BUFT 1, C4<0>, C4<0>, C4<0>, C4<0>;
v0x1adcaa0_0 .net *"_ivl_6", 0 0, L_0x7f5f5e8147c0;  1 drivers
v0x1adcb80_0 .net *"_ivl_60", 15 0, L_0x1b0d140;  1 drivers
v0x1adcc60_0 .net *"_ivl_8", 15 0, L_0x1b0bea0;  1 drivers
v0x1adcd40_0 .net "i_dividend", 15 0, L_0x1b0b260;  alias, 1 drivers
v0x1adce00_0 .net "i_divisor", 15 0, v0x1ae4840_0;  alias, 1 drivers
v0x1adcea0_0 .net "i_quotient", 15 0, L_0x1b0ba60;  alias, 1 drivers
v0x1adcf90_0 .net "i_remainder", 15 0, L_0x1b0add0;  alias, 1 drivers
v0x1add060_0 .net "o_dividend", 15 0, L_0x1b0cad0;  alias, 1 drivers
v0x1add120_0 .net "o_quotient", 15 0, L_0x1b0d320;  alias, 1 drivers
v0x1add200_0 .net "o_remainder", 15 0, L_0x1b0c650;  alias, 1 drivers
v0x1add2e0_0 .net "p_quotient", 15 0, L_0x1b0ca60;  1 drivers
v0x1add3c0_0 .net "p_reminder", 15 0, L_0x1b0c140;  1 drivers
v0x1add6b0_0 .net "s_quotient", 15 0, L_0x1b0cd90;  1 drivers
v0x1add790_0 .net "s_reminder", 15 0, L_0x1b0c030;  1 drivers
L_0x7f5f5e814778 .functor BUFT 1, C4<0000000000000000>, C4<0>, C4<0>, C4<0>;
v0x1add870_0 .net "w", 15 0, L_0x7f5f5e814778;  1 drivers
L_0x1b0bba0 .part L_0x1b0add0, 0, 15;
L_0x1b0bcd0 .concat [ 1 15 0 0], L_0x7f5f5e8147c0, L_0x1b0bba0;
L_0x1b0bd70 .part L_0x1b0b260, 15, 1;
L_0x1b0bea0 .concat [ 1 15 0 0], L_0x1b0bd70, L_0x7f5f5e814808;
L_0x1b0c140 .arith/sub 16, L_0x1b0c030, v0x1ae4840_0;
L_0x1b0c2a0 .cmp/eq 16, v0x1ae4840_0, L_0x7f5f5e814898;
L_0x1b0c390 .cmp/gt 16, v0x1ae4840_0, L_0x1b0c030;
L_0x1b0c430 .functor MUXZ 16, L_0x1b0c140, L_0x1b0c030, L_0x1b0c390, C4<>;
L_0x1b0c650 .functor MUXZ 16, L_0x1b0c430, L_0x7f5f5e814778, L_0x1b0c2a0, C4<>;
L_0x1b0c7e0 .cmp/eq 16, v0x1ae4840_0, L_0x7f5f5e8148e0;
L_0x1b0c8d0 .part L_0x1b0b260, 0, 15;
L_0x1b0c970 .concat [ 1 15 0 0], L_0x7f5f5e814928, L_0x1b0c8d0;
L_0x1b0cad0 .functor MUXZ 16, L_0x1b0c970, L_0x7f5f5e814778, L_0x1b0c7e0, C4<>;
L_0x1b0cc60 .part L_0x1b0ba60, 0, 15;
L_0x1b0cd90 .concat [ 1 15 0 0], L_0x7f5f5e814970, L_0x1b0cc60;
L_0x1b0cf20 .cmp/eq 16, v0x1ae4840_0, L_0x7f5f5e814a00;
L_0x1b0d0a0 .cmp/gt 16, v0x1ae4840_0, L_0x1b0c030;
L_0x1b0d140 .functor MUXZ 16, L_0x1b0ca60, L_0x1b0cd90, L_0x1b0d0a0, C4<>;
L_0x1b0d320 .functor MUXZ 16, L_0x1b0d140, L_0x7f5f5e814778, L_0x1b0cf20, C4<>;
S_0x1adda70 .scope module, "lc4d0" "lc4_divider_one_iter" 3 19, 3 56 0, S_0x1aa91f0;
 .timescale -9 -12;
    .port_info 0 /INPUT 16 "i_dividend";
    .port_info 1 /INPUT 16 "i_divisor";
    .port_info 2 /INPUT 16 "i_remainder";
    .port_info 3 /INPUT 16 "i_quotient";
    .port_info 4 /OUTPUT 16 "o_dividend";
    .port_info 5 /OUTPUT 16 "o_remainder";
    .port_info 6 /OUTPUT 16 "o_quotient";
L_0x7f5f5e814b20 .functor BUFT 1, C4<0000000000000001>, C4<0>, C4<0>, C4<0>;
L_0x1b0c1e0 .functor AND 16, L_0x1b0d770, L_0x7f5f5e814b20, C4<1111111111111111>, C4<1111111111111111>;
L_0x1b0d900 .functor OR 16, L_0x1b0d550, L_0x1b0c1e0, C4<0000000000000000>, C4<0000000000000000>;
L_0x7f5f5e814c88 .functor BUFT 1, C4<0000000000000001>, C4<0>, C4<0>, C4<0>;
L_0x1b0e320 .functor OR 16, L_0x1b0e570, L_0x7f5f5e814c88, C4<0000000000000000>, C4<0000000000000000>;
v0x1addcb0_0 .net *"_ivl_10", 0 0, L_0x1b0d640;  1 drivers
L_0x7f5f5e814ad8 .functor BUFT 1, C4<000000000000000>, C4<0>, C4<0>, C4<0>;
v0x1adddb0_0 .net *"_ivl_12", 14 0, L_0x7f5f5e814ad8;  1 drivers
v0x1adde90_0 .net/2u *"_ivl_14", 15 0, L_0x7f5f5e814b20;  1 drivers
v0x1addf80_0 .net *"_ivl_16", 15 0, L_0x1b0c1e0;  1 drivers
v0x1ade060_0 .net *"_ivl_2", 15 0, L_0x1b0d550;  1 drivers
L_0x7f5f5e814b68 .functor BUFT 1, C4<0000000000000000>, C4<0>, C4<0>, C4<0>;
v0x1ade190_0 .net/2u *"_ivl_22", 15 0, L_0x7f5f5e814b68;  1 drivers
v0x1ade270_0 .net *"_ivl_24", 0 0, L_0x1b0db70;  1 drivers
v0x1ade330_0 .net *"_ivl_26", 0 0, L_0x1b0dc60;  1 drivers
v0x1ade3f0_0 .net *"_ivl_28", 15 0, L_0x1b0dd00;  1 drivers
L_0x7f5f5e814bb0 .functor BUFT 1, C4<0000000000000000>, C4<0>, C4<0>, C4<0>;
v0x1ade4d0_0 .net/2u *"_ivl_32", 15 0, L_0x7f5f5e814bb0;  1 drivers
v0x1ade5b0_0 .net *"_ivl_34", 0 0, L_0x1b0e0a0;  1 drivers
v0x1ade670_0 .net *"_ivl_36", 15 0, L_0x1b0e230;  1 drivers
v0x1ade750_0 .net *"_ivl_38", 14 0, L_0x1b0e190;  1 drivers
v0x1ade830_0 .net *"_ivl_4", 14 0, L_0x1b0d4b0;  1 drivers
L_0x7f5f5e814bf8 .functor BUFT 1, C4<0>, C4<0>, C4<0>, C4<0>;
v0x1ade910_0 .net *"_ivl_40", 0 0, L_0x7f5f5e814bf8;  1 drivers
v0x1ade9f0_0 .net *"_ivl_46", 14 0, L_0x1b0e4d0;  1 drivers
L_0x7f5f5e814c40 .functor BUFT 1, C4<0>, C4<0>, C4<0>, C4<0>;
v0x1adead0_0 .net *"_ivl_48", 0 0, L_0x7f5f5e814c40;  1 drivers
v0x1adebb0_0 .net/2u *"_ivl_50", 15 0, L_0x7f5f5e814c88;  1 drivers
L_0x7f5f5e814cd0 .functor BUFT 1, C4<0000000000000000>, C4<0>, C4<0>, C4<0>;
v0x1adec90_0 .net/2u *"_ivl_54", 15 0, L_0x7f5f5e814cd0;  1 drivers
v0x1aded70_0 .net *"_ivl_56", 0 0, L_0x1b0e750;  1 drivers
v0x1adee30_0 .net *"_ivl_58", 0 0, L_0x1b0e8d0;  1 drivers
L_0x7f5f5e814a90 .functor BUFT 1, C4<0>, C4<0>, C4<0>, C4<0>;
v0x1adeef0_0 .net *"_ivl_6", 0 0, L_0x7f5f5e814a90;  1 drivers
v0x1adefd0_0 .net *"_ivl_60", 15 0, L_0x1b0e970;  1 drivers
v0x1adf0b0_0 .net *"_ivl_8", 15 0, L_0x1b0d770;  1 drivers
v0x1adf190_0 .net "i_dividend", 15 0, v0x1ae4780_0;  alias, 1 drivers
v0x1adf270_0 .net "i_divisor", 15 0, v0x1ae4840_0;  alias, 1 drivers
L_0x7f5f5e814d60 .functor BUFT 1, C4<0000000000000000>, C4<0>, C4<0>, C4<0>;
v0x1adf330_0 .net "i_quotient", 15 0, L_0x7f5f5e814d60;  1 drivers
L_0x7f5f5e814d18 .functor BUFT 1, C4<0000000000000000>, C4<0>, C4<0>, C4<0>;
v0x1adf410_0 .net "i_remainder", 15 0, L_0x7f5f5e814d18;  1 drivers
v0x1adf4f0_0 .net "o_dividend", 15 0, L_0x1b0e390;  alias, 1 drivers
v0x1adf5b0_0 .net "o_quotient", 15 0, L_0x1b0eb50;  alias, 1 drivers
v0x1adf680_0 .net "o_remainder", 15 0, L_0x1b0df20;  alias, 1 drivers
v0x1adf750_0 .net "p_quotient", 15 0, L_0x1b0e320;  1 drivers
v0x1adf810_0 .net "p_reminder", 15 0, L_0x1b0da10;  1 drivers
v0x1adfb00_0 .net "s_quotient", 15 0, L_0x1b0e570;  1 drivers
v0x1adfbe0_0 .net "s_reminder", 15 0, L_0x1b0d900;  1 drivers
L_0x7f5f5e814a48 .functor BUFT 1, C4<0000000000000000>, C4<0>, C4<0>, C4<0>;
v0x1adfcc0_0 .net "w", 15 0, L_0x7f5f5e814a48;  1 drivers
L_0x1b0d4b0 .part L_0x7f5f5e814d18, 0, 15;
L_0x1b0d550 .concat [ 1 15 0 0], L_0x7f5f5e814a90, L_0x1b0d4b0;
L_0x1b0d640 .part v0x1ae4780_0, 15, 1;
L_0x1b0d770 .concat [ 1 15 0 0], L_0x1b0d640, L_0x7f5f5e814ad8;
L_0x1b0da10 .arith/sub 16, L_0x1b0d900, v0x1ae4840_0;
L_0x1b0db70 .cmp/eq 16, v0x1ae4840_0, L_0x7f5f5e814b68;
L_0x1b0dc60 .cmp/gt 16, v0x1ae4840_0, L_0x1b0d900;
L_0x1b0dd00 .functor MUXZ 16, L_0x1b0da10, L_0x1b0d900, L_0x1b0dc60, C4<>;
L_0x1b0df20 .functor MUXZ 16, L_0x1b0dd00, L_0x7f5f5e814a48, L_0x1b0db70, C4<>;
L_0x1b0e0a0 .cmp/eq 16, v0x1ae4840_0, L_0x7f5f5e814bb0;
L_0x1b0e190 .part v0x1ae4780_0, 0, 15;
L_0x1b0e230 .concat [ 1 15 0 0], L_0x7f5f5e814bf8, L_0x1b0e190;
L_0x1b0e390 .functor MUXZ 16, L_0x1b0e230, L_0x7f5f5e814a48, L_0x1b0e0a0, C4<>;
L_0x1b0e4d0 .part L_0x7f5f5e814d60, 0, 15;
L_0x1b0e570 .concat [ 1 15 0 0], L_0x7f5f5e814c40, L_0x1b0e4d0;
L_0x1b0e750 .cmp/eq 16, v0x1ae4840_0, L_0x7f5f5e814cd0;
L_0x1b0e8d0 .cmp/gt 16, v0x1ae4840_0, L_0x1b0d900;
L_0x1b0e970 .functor MUXZ 16, L_0x1b0e320, L_0x1b0e570, L_0x1b0e8d0, C4<>;
L_0x1b0eb50 .functor MUXZ 16, L_0x1b0e970, L_0x7f5f5e814a48, L_0x1b0e750, C4<>;
S_0x1ae1830 .scope module, "divider_iter" "lc4_divider_one_iter" 2 65, 3 56 0, S_0x1aa9060;
 .timescale -9 -12;
    .port_info 0 /INPUT 16 "i_dividend";
    .port_info 1 /INPUT 16 "i_divisor";
    .port_info 2 /INPUT 16 "i_remainder";
    .port_info 3 /INPUT 16 "i_quotient";
    .port_info 4 /OUTPUT 16 "o_dividend";
    .port_info 5 /OUTPUT 16 "o_remainder";
    .port_info 6 /OUTPUT 16 "o_quotient";
L_0x7f5f5e814e80 .functor BUFT 1, C4<0000000000000001>, C4<0>, C4<0>, C4<0>;
L_0x1b0f2b0 .functor AND 16, L_0x1b0f170, L_0x7f5f5e814e80, C4<1111111111111111>, C4<1111111111111111>;
L_0x1b0f3c0 .functor OR 16, L_0x1b0ef90, L_0x1b0f2b0, C4<0000000000000000>, C4<0000000000000000>;
L_0x7f5f5e814fe8 .functor BUFT 1, C4<0000000000000001>, C4<0>, C4<0>, C4<0>;
L_0x1b0fdf0 .functor OR 16, L_0x1b100e0, L_0x7f5f5e814fe8, C4<0000000000000000>, C4<0000000000000000>;
v0x1ae1ae0_0 .net *"_ivl_10", 0 0, L_0x1b0f0d0;  1 drivers
L_0x7f5f5e814e38 .functor BUFT 1, C4<000000000000000>, C4<0>, C4<0>, C4<0>;
v0x1ae1bc0_0 .net *"_ivl_12", 14 0, L_0x7f5f5e814e38;  1 drivers
v0x1ae1ca0_0 .net/2u *"_ivl_14", 15 0, L_0x7f5f5e814e80;  1 drivers
v0x1ae1d60_0 .net *"_ivl_16", 15 0, L_0x1b0f2b0;  1 drivers
v0x1ae1e40_0 .net *"_ivl_2", 15 0, L_0x1b0ef90;  1 drivers
L_0x7f5f5e814ec8 .functor BUFT 1, C4<0000000000000000>, C4<0>, C4<0>, C4<0>;
v0x1ae1f70_0 .net/2u *"_ivl_22", 15 0, L_0x7f5f5e814ec8;  1 drivers
v0x1ae2050_0 .net *"_ivl_24", 0 0, L_0x1b0f630;  1 drivers
v0x1ae2110_0 .net *"_ivl_26", 0 0, L_0x1b0f720;  1 drivers
v0x1ae21d0_0 .net *"_ivl_28", 15 0, L_0x1b0f7c0;  1 drivers
L_0x7f5f5e814f10 .functor BUFT 1, C4<0000000000000000>, C4<0>, C4<0>, C4<0>;
v0x1ae2340_0 .net/2u *"_ivl_32", 15 0, L_0x7f5f5e814f10;  1 drivers
v0x1ae2420_0 .net *"_ivl_34", 0 0, L_0x1b0fb70;  1 drivers
v0x1ae24e0_0 .net *"_ivl_36", 15 0, L_0x1b0fd00;  1 drivers
v0x1ae25c0_0 .net *"_ivl_38", 14 0, L_0x1b0fc60;  1 drivers
v0x1ae26a0_0 .net *"_ivl_4", 14 0, L_0x1b0eea0;  1 drivers
L_0x7f5f5e814f58 .functor BUFT 1, C4<0>, C4<0>, C4<0>, C4<0>;
v0x1ae2780_0 .net *"_ivl_40", 0 0, L_0x7f5f5e814f58;  1 drivers
v0x1ae2860_0 .net *"_ivl_46", 14 0, L_0x1b0fff0;  1 drivers
L_0x7f5f5e814fa0 .functor BUFT 1, C4<0>, C4<0>, C4<0>, C4<0>;
v0x1ae2940_0 .net *"_ivl_48", 0 0, L_0x7f5f5e814fa0;  1 drivers
v0x1ae2a20_0 .net/2u *"_ivl_50", 15 0, L_0x7f5f5e814fe8;  1 drivers
L_0x7f5f5e815030 .functor BUFT 1, C4<0000000000000000>, C4<0>, C4<0>, C4<0>;
v0x1ae2b00_0 .net/2u *"_ivl_54", 15 0, L_0x7f5f5e815030;  1 drivers
v0x1ae2be0_0 .net *"_ivl_56", 0 0, L_0x1b102c0;  1 drivers
v0x1ae2ca0_0 .net *"_ivl_58", 0 0, L_0x1b10440;  1 drivers
L_0x7f5f5e814df0 .functor BUFT 1, C4<0>, C4<0>, C4<0>, C4<0>;
v0x1ae2d60_0 .net *"_ivl_6", 0 0, L_0x7f5f5e814df0;  1 drivers
v0x1ae2e40_0 .net *"_ivl_60", 15 0, L_0x1b104e0;  1 drivers
v0x1ae2f20_0 .net *"_ivl_8", 15 0, L_0x1b0f170;  1 drivers
v0x1ae3000_0 .net "i_dividend", 15 0, v0x1ae4780_0;  alias, 1 drivers
v0x1ae30c0_0 .net "i_divisor", 15 0, v0x1ae4840_0;  alias, 1 drivers
v0x1ae3180_0 .net "i_quotient", 15 0, v0x1ae4900_0;  1 drivers
v0x1ae3260_0 .net "i_remainder", 15 0, v0x1ae49c0_0;  1 drivers
v0x1ae3340_0 .net "o_dividend", 15 0, L_0x1b0fe60;  alias, 1 drivers
v0x1ae3420_0 .net "o_quotient", 15 0, L_0x1b106c0;  alias, 1 drivers
v0x1ae3500_0 .net "o_remainder", 15 0, L_0x1b0f9e0;  alias, 1 drivers
v0x1ae35e0_0 .net "p_quotient", 15 0, L_0x1b0fdf0;  1 drivers
v0x1ae36c0_0 .net "p_reminder", 15 0, L_0x1b0f4d0;  1 drivers
v0x1ae39b0_0 .net "s_quotient", 15 0, L_0x1b100e0;  1 drivers
v0x1ae3a90_0 .net "s_reminder", 15 0, L_0x1b0f3c0;  1 drivers
L_0x7f5f5e814da8 .functor BUFT 1, C4<0000000000000000>, C4<0>, C4<0>, C4<0>;
v0x1ae3b70_0 .net "w", 15 0, L_0x7f5f5e814da8;  1 drivers
L_0x1b0eea0 .part v0x1ae49c0_0, 0, 15;
L_0x1b0ef90 .concat [ 1 15 0 0], L_0x7f5f5e814df0, L_0x1b0eea0;
L_0x1b0f0d0 .part v0x1ae4780_0, 15, 1;
L_0x1b0f170 .concat [ 1 15 0 0], L_0x1b0f0d0, L_0x7f5f5e814e38;
L_0x1b0f4d0 .arith/sub 16, L_0x1b0f3c0, v0x1ae4840_0;
L_0x1b0f630 .cmp/eq 16, v0x1ae4840_0, L_0x7f5f5e814ec8;
L_0x1b0f720 .cmp/gt 16, v0x1ae4840_0, L_0x1b0f3c0;
L_0x1b0f7c0 .functor MUXZ 16, L_0x1b0f4d0, L_0x1b0f3c0, L_0x1b0f720, C4<>;
L_0x1b0f9e0 .functor MUXZ 16, L_0x1b0f7c0, L_0x7f5f5e814da8, L_0x1b0f630, C4<>;
L_0x1b0fb70 .cmp/eq 16, v0x1ae4840_0, L_0x7f5f5e814f10;
L_0x1b0fc60 .part v0x1ae4780_0, 0, 15;
L_0x1b0fd00 .concat [ 1 15 0 0], L_0x7f5f5e814f58, L_0x1b0fc60;
L_0x1b0fe60 .functor MUXZ 16, L_0x1b0fd00, L_0x7f5f5e814da8, L_0x1b0fb70, C4<>;
L_0x1b0fff0 .part v0x1ae4900_0, 0, 15;
L_0x1b100e0 .concat [ 1 15 0 0], L_0x7f5f5e814fa0, L_0x1b0fff0;
L_0x1b102c0 .cmp/eq 16, v0x1ae4840_0, L_0x7f5f5e815030;
L_0x1b10440 .cmp/gt 16, v0x1ae4840_0, L_0x1b0f3c0;
L_0x1b104e0 .functor MUXZ 16, L_0x1b0fdf0, L_0x1b100e0, L_0x1b10440, C4<>;
L_0x1b106c0 .functor MUXZ 16, L_0x1b104e0, L_0x7f5f5e814da8, L_0x1b102c0, C4<>;
S_0x1ae3d70 .scope task, "printPoints" "printPoints" 4 1, 4 1 0, S_0x1aa9060;
 .timescale -9 -12;
v0x1ae3f50_0 .var "actual", 31 0;
v0x1ae4030_0 .var "possible", 31 0;
TD_test_divider.printPoints ;
    %vpi_call 4 4 "$display", "<scorePossible>%d</scorePossible>", v0x1ae4030_0 {0 0 0};
    %vpi_call 4 5 "$display", "<scoreActual>%d</scoreActual>", v0x1ae3f50_0 {0 0 0};
    %end;
    .scope S_0x1aa9060;
T_1 ;
    %vpi_call 2 74 "$dumpfile", "divider.vcd" {0 0 0};
    %vpi_call 2 75 "$dumpvars" {0 0 0};
    %pushi/vec4 42, 0, 32;
    %store/vec4 v0x1ae4e60_0, 0, 32;
    %vpi_func 2 81 "$random" 32, v0x1ae4e60_0 {0 0 0};
    %store/vec4 v0x1ae4e60_0, 0, 32;
    %pushi/vec4 0, 0, 16;
    %store/vec4 v0x1ae4780_0, 0, 16;
    %pushi/vec4 0, 0, 16;
    %store/vec4 v0x1ae4840_0, 0, 16;
    %pushi/vec4 0, 0, 16;
    %store/vec4 v0x1ae49c0_0, 0, 16;
    %pushi/vec4 0, 0, 16;
    %store/vec4 v0x1ae4900_0, 0, 16;
    %pushi/vec4 0, 0, 32;
    %store/vec4 v0x1ae43b0_0, 0, 32;
    %pushi/vec4 0, 0, 32;
    %store/vec4 v0x1ae4210_0, 0, 32;
    %vpi_func 2 96 "$fopen" 32, "test_lc4_divider_one_iter.input", "r" {0 0 0};
    %store/vec4 v0x1ae4a60_0, 0, 32;
    %load/vec4 v0x1ae4a60_0;
    %cmpi/e 0, 0, 32;
    %jmp/0xz  T_1.0, 4;
    %vpi_call 2 98 "$display", "Error opening file: ", "test_lc4_divider_one_iter.input" {0 0 0};
    %vpi_call 2 99 "$finish" {0 0 0};
T_1.0 ;
    %delay 100000, 0;
    %delay 2000, 0;
T_1.2 ;
    %vpi_func 2 108 "$fscanf" 32, v0x1ae4a60_0, "%d:%b %b %b %b %b %b %b", v0x1ae4110_0, v0x1ae4780_0, v0x1ae4840_0, v0x1ae49c0_0, v0x1ae4900_0, v0x1ae4490_0, v0x1ae46a0_0, v0x1ae45c0_0 {0 0 0};
    %cmpi/e 8, 0, 32;
    %jmp/0xz T_1.3, 4;
    %delay 8000, 0;
    %load/vec4 v0x1ae4210_0;
    %addi 1, 0, 32;
    %store/vec4 v0x1ae4210_0, 0, 32;
    %load/vec4 v0x1ae4b20_0;
    %load/vec4 v0x1ae4490_0;
    %cmp/ne;
    %flag_mov 8, 6;
    %load/vec4 v0x1ae4c80_0;
    %load/vec4 v0x1ae46a0_0;
    %cmp/ne;
    %flag_or 6, 8;
    %flag_mov 8, 6;
    %load/vec4 v0x1ae4be0_0;
    %load/vec4 v0x1ae45c0_0;
    %cmp/ne;
    %flag_or 6, 8;
    %jmp/0xz  T_1.4, 6;
    %load/vec4 v0x1ae43b0_0;
    %addi 1, 0, 32;
    %store/vec4 v0x1ae43b0_0, 0, 32;
    %load/vec4 v0x1ae43b0_0;
    %cmpi/s 15, 0, 32;
    %jmp/0xz  T_1.6, 5;
    %vpi_call 2 119 "$display", "[lc4_divider_one_iter] Error at test %04d: i_dividend = %b %b %b %b (0x%H), i_divisor = %b %b %b %b (0x%H), i_remainder = %b %b %b %b (0x%H), i_quotient = %b %b %b %b (0x%H)", v0x1ae4210_0, &PV<v0x1ae4780_0, 12, 4>, &PV<v0x1ae4780_0, 8, 4>, &PV<v0x1ae4780_0, 4, 4>, &PV<v0x1ae4780_0, 0, 4>, v0x1ae4780_0, &PV<v0x1ae4840_0, 12, 4>, &PV<v0x1ae4840_0, 8, 4>, &PV<v0x1ae4840_0, 4, 4>, &PV<v0x1ae4840_0, 0, 4>, v0x1ae4840_0, &PV<v0x1ae49c0_0, 12, 4>, &PV<v0x1ae49c0_0, 8, 4>, &PV<v0x1ae49c0_0, 4, 4>, &PV<v0x1ae49c0_0, 0, 4>, v0x1ae49c0_0, &PV<v0x1ae4900_0, 12, 4>, &PV<v0x1ae4900_0, 8, 4>, &PV<v0x1ae4900_0, 4, 4>, &PV<v0x1ae4900_0, 0, 4>, v0x1ae4900_0 {0 0 0};
    %load/vec4 v0x1ae4b20_0;
    %load/vec4 v0x1ae4490_0;
    %cmp/ne;
    %jmp/0xz  T_1.8, 6;
    %vpi_call 2 126 "$display", "   o_dividend should have been %b %b %b %b (0x%H), but was %b %b %b %b (0x%H) instead", &PV<v0x1ae4490_0, 12, 4>, &PV<v0x1ae4490_0, 8, 4>, &PV<v0x1ae4490_0, 4, 4>, &PV<v0x1ae4490_0, 0, 4>, v0x1ae4490_0, &PV<v0x1ae4b20_0, 12, 4>, &PV<v0x1ae4b20_0, 8, 4>, &PV<v0x1ae4b20_0, 4, 4>, &PV<v0x1ae4b20_0, 0, 4>, v0x1ae4b20_0 {0 0 0};
T_1.8 ;
    %load/vec4 v0x1ae4c80_0;
    %load/vec4 v0x1ae46a0_0;
    %cmp/ne;
    %jmp/0xz  T_1.10, 6;
    %vpi_call 2 131 "$display", "   o_remainder should have been %b %b %b %b (0x%H), but was %b %b %b %b (0x%H) instead", &PV<v0x1ae46a0_0, 12, 4>, &PV<v0x1ae46a0_0, 8, 4>, &PV<v0x1ae46a0_0, 4, 4>, &PV<v0x1ae46a0_0, 0, 4>, v0x1ae46a0_0, &PV<v0x1ae4c80_0, 12, 4>, &PV<v0x1ae4c80_0, 8, 4>, &PV<v0x1ae4c80_0, 4, 4>, &PV<v0x1ae4c80_0, 0, 4>, v0x1ae4c80_0 {0 0 0};
T_1.10 ;
    %load/vec4 v0x1ae4be0_0;
    %load/vec4 v0x1ae45c0_0;
    %cmp/ne;
    %jmp/0xz  T_1.12, 6;
    %vpi_call 2 136 "$display", "   o_quotient should have been %b %b %b %b (0x%H), but was %b %b %b %b (0x%H) instead", &PV<v0x1ae45c0_0, 12, 4>, &PV<v0x1ae45c0_0, 8, 4>, &PV<v0x1ae45c0_0, 4, 4>, &PV<v0x1ae45c0_0, 0, 4>, v0x1ae45c0_0, &PV<v0x1ae4be0_0, 12, 4>, &PV<v0x1ae4be0_0, 8, 4>, &PV<v0x1ae4be0_0, 4, 4>, &PV<v0x1ae4be0_0, 0, 4>, v0x1ae4be0_0 {0 0 0};
T_1.12 ;
T_1.6 ;
T_1.4 ;
    %delay 2000, 0;
    %jmp T_1.2;
T_1.3 ;
    %load/vec4 v0x1ae4a60_0;
    %cmpi/ne 0, 0, 32;
    %jmp/0xz  T_1.14, 4;
    %vpi_call 2 153 "$fclose", v0x1ae4a60_0 {0 0 0};
T_1.14 ;
    %vpi_func 2 158 "$random" 32 {0 0 0};
    %pad/s 16;
    %store/vec4 v0x1ae4780_0, 0, 16;
    %pushi/vec4 0, 0, 16;
    %store/vec4 v0x1ae4840_0, 0, 16;
    %delay 8000, 0;
    %load/vec4 v0x1ae4d20_0;
    %pad/u 32;
    %cmpi/ne 0, 0, 32;
    %flag_mov 8, 6;
    %load/vec4 v0x1ae4dc0_0;
    %pad/u 32;
    %cmpi/ne 0, 0, 32;
    %flag_or 6, 8;
    %jmp/0xz  T_1.16, 6;
    %load/vec4 v0x1ae43b0_0;
    %cmpi/s 15, 0, 32;
    %jmp/0xz  T_1.18, 5;
    %vpi_call 2 163 "$display", "[lc4_divider] Error at test %d: i_dividend = 0x%H, i_divisor = 0x%H, o_quotient and o_remainder should both be 0, but o_quotient was %b %b %b %b (0x%H) and o_remainder was %b %b %b %b (0x%H) instead", v0x1ae42f0_0, v0x1ae4780_0, v0x1ae4840_0, &PV<v0x1ae4d20_0, 12, 4>, &PV<v0x1ae4d20_0, 8, 4>, &PV<v0x1ae4d20_0, 4, 4>, &PV<v0x1ae4d20_0, 0, 4>, v0x1ae4d20_0, &PV<v0x1ae4dc0_0, 12, 4>, &PV<v0x1ae4dc0_0, 8, 4>, &PV<v0x1ae4dc0_0, 4, 4>, &PV<v0x1ae4dc0_0, 0, 4>, v0x1ae4dc0_0 {0 0 0};
T_1.18 ;
    %load/vec4 v0x1ae43b0_0;
    %addi 1, 0, 32;
    %store/vec4 v0x1ae43b0_0, 0, 32;
T_1.16 ;
    %load/vec4 v0x1ae42f0_0;
    %addi 1, 0, 32;
    %store/vec4 v0x1ae42f0_0, 0, 32;
    %load/vec4 v0x1ae4210_0;
    %addi 1, 0, 32;
    %store/vec4 v0x1ae4210_0, 0, 32;
    %pushi/vec4 0, 0, 32;
    %store/vec4 v0x1ae42f0_0, 0, 32;
T_1.20 ;
    %load/vec4 v0x1ae42f0_0;
    %cmpi/s 4000, 0, 32;
    %jmp/0xz T_1.21, 5;
    %vpi_func 2 184 "$random" 32 {0 0 0};
    %pad/s 16;
    %store/vec4 v0x1ae4780_0, 0, 16;
    %vpi_func 2 185 "$random" 32 {0 0 0};
    %pad/s 16;
    %store/vec4 v0x1ae4840_0, 0, 16;
    %delay 8000, 0;
    %pushi/vec4 0, 0, 16;
    %store/vec4 v0x1ae45c0_0, 0, 16;
    %pushi/vec4 0, 0, 16;
    %store/vec4 v0x1ae46a0_0, 0, 16;
    %load/vec4 v0x1ae4840_0;
    %cmpi/ne 0, 0, 16;
    %jmp/0xz  T_1.22, 6;
    %load/vec4 v0x1ae4780_0;
    %load/vec4 v0x1ae4840_0;
    %div;
    %store/vec4 v0x1ae45c0_0, 0, 16;
    %load/vec4 v0x1ae4780_0;
    %load/vec4 v0x1ae4840_0;
    %mod;
    %store/vec4 v0x1ae46a0_0, 0, 16;
T_1.22 ;
    %load/vec4 v0x1ae45c0_0;
    %load/vec4 v0x1ae4d20_0;
    %cmp/ne;
    %jmp/0xz  T_1.24, 6;
    %load/vec4 v0x1ae43b0_0;
    %cmpi/s 15, 0, 32;
    %jmp/0xz  T_1.26, 5;
    %vpi_call 2 205 "$display", "[lc4_divider] Error at test %d: i_dividend = %b %b %b %b (0x%H), i_divisor = %b %b %b %b (0x%H), o_quotient should have been %b %b %b %b (0x%H), but was %b %b %b %b (0x%H) instead", v0x1ae42f0_0, &PV<v0x1ae4780_0, 12, 4>, &PV<v0x1ae4780_0, 8, 4>, &PV<v0x1ae4780_0, 4, 4>, &PV<v0x1ae4780_0, 0, 4>, v0x1ae4780_0, &PV<v0x1ae4840_0, 12, 4>, &PV<v0x1ae4840_0, 8, 4>, &PV<v0x1ae4840_0, 4, 4>, &PV<v0x1ae4840_0, 0, 4>, v0x1ae4840_0, &PV<v0x1ae45c0_0, 12, 4>, &PV<v0x1ae45c0_0, 8, 4>, &PV<v0x1ae45c0_0, 4, 4>, &PV<v0x1ae45c0_0, 0, 4>, v0x1ae45c0_0, &PV<v0x1ae4d20_0, 12, 4>, &PV<v0x1ae4d20_0, 8, 4>, &PV<v0x1ae4d20_0, 4, 4>, &PV<v0x1ae4d20_0, 0, 4>, v0x1ae4d20_0 {0 0 0};
T_1.26 ;
    %load/vec4 v0x1ae43b0_0;
    %addi 1, 0, 32;
    %store/vec4 v0x1ae43b0_0, 0, 32;
T_1.24 ;
    %load/vec4 v0x1ae42f0_0;
    %addi 1, 0, 32;
    %store/vec4 v0x1ae42f0_0, 0, 32;
    %load/vec4 v0x1ae4210_0;
    %addi 1, 0, 32;
    %store/vec4 v0x1ae4210_0, 0, 32;
    %load/vec4 v0x1ae46a0_0;
    %load/vec4 v0x1ae4dc0_0;
    %cmp/ne;
    %jmp/0xz  T_1.28, 6;
    %load/vec4 v0x1ae43b0_0;
    %cmpi/s 15, 0, 32;
    %jmp/0xz  T_1.30, 5;
    %vpi_call 2 224 "$display", "[lc4_divider] Error at test %d: i_dividend = %b %b %b %b (0x%H), i_divisor = %b %b %b %b (0x%H), o_remainder should have been %b %b %b %b (0x%H), but was %b %b %b %b (0x%H) instead", v0x1ae42f0_0, &PV<v0x1ae4780_0, 12, 4>, &PV<v0x1ae4780_0, 8, 4>, &PV<v0x1ae4780_0, 4, 4>, &PV<v0x1ae4780_0, 0, 4>, v0x1ae4780_0, &PV<v0x1ae4840_0, 12, 4>, &PV<v0x1ae4840_0, 8, 4>, &PV<v0x1ae4840_0, 4, 4>, &PV<v0x1ae4840_0, 0, 4>, v0x1ae4840_0, &PV<v0x1ae46a0_0, 12, 4>, &PV<v0x1ae46a0_0, 8, 4>, &PV<v0x1ae46a0_0, 4, 4>, &PV<v0x1ae46a0_0, 0, 4>, v0x1ae46a0_0, &PV<v0x1ae4dc0_0, 12, 4>, &PV<v0x1ae4dc0_0, 8, 4>, &PV<v0x1ae4dc0_0, 4, 4>, &PV<v0x1ae4dc0_0, 0, 4>, v0x1ae4dc0_0 {0 0 0};
T_1.30 ;
    %load/vec4 v0x1ae43b0_0;
    %addi 1, 0, 32;
    %store/vec4 v0x1ae43b0_0, 0, 32;
T_1.28 ;
    %load/vec4 v0x1ae42f0_0;
    %addi 1, 0, 32;
    %store/vec4 v0x1ae42f0_0, 0, 32;
    %load/vec4 v0x1ae4210_0;
    %addi 1, 0, 32;
    %store/vec4 v0x1ae4210_0, 0, 32;
    %delay 2000, 0;
    %load/vec4 v0x1ae4110_0;
    %addi 1, 0, 32;
    %store/vec4 v0x1ae4110_0, 0, 32;
    %jmp T_1.20;
T_1.21 ;
    %load/vec4 v0x1ae43b0_0;
    %cmpi/s 15, 0, 32;
    %flag_or 5, 4; GT is !LE
    %flag_inv 5;
    %jmp/0xz  T_1.32, 5;
    %load/vec4 v0x1ae43b0_0;
    %subi 15, 0, 32;
    %vpi_call 2 244 "$display", "Additional %d errors NOT printed.", S<0,vec4,s32> {1 0 0};
T_1.32 ;
    %vpi_call 2 246 "$display", "Simulation finished: %d test cases %d errors", v0x1ae4210_0, v0x1ae43b0_0 {0 0 0};
    %load/vec4 v0x1ae4210_0;
    %store/vec4 v0x1ae4030_0, 0, 32;
    %load/vec4 v0x1ae4210_0;
    %load/vec4 v0x1ae43b0_0;
    %sub;
    %store/vec4 v0x1ae3f50_0, 0, 32;
    %fork TD_test_divider.printPoints, S_0x1ae3d70;
    %join;
    %vpi_call 2 248 "$finish" {0 0 0};
    %end;
    .thread T_1;
# The file index is used to find the file name in the following table.
:file_names 5;
    "N/A";
    "<interactive>";
    "testbench_lc4_divider.v";
    "lc4_divider.v";
    "./print_points.v";
