#! /home1/c/cis5710/tools/bin/vvp
:ivl_version "11.0 (stable)" "(v11_0)";
:ivl_delay_selection "TYPICAL";
:vpi_time_precision - 12;
:vpi_module "/home1/c/cis5710/tools/lib/ivl/system.vpi";
:vpi_module "/home1/c/cis5710/tools/lib/ivl/vhdl_sys.vpi";
:vpi_module "/home1/c/cis5710/tools/lib/ivl/vhdl_textio.vpi";
:vpi_module "/home1/c/cis5710/tools/lib/ivl/v2005_math.vpi";
:vpi_module "/home1/c/cis5710/tools/lib/ivl/va_math.vpi";
S_0x1f6f7e0 .scope module, "test_adders" "test_adders" 2 14;
 .timescale -9 -12;
L_0x7f5f0c8e3060 .functor BUFT 1, C4<0>, C4<0>, C4<0>, C4<0>;
v0x1fa5030_0 .net *"_ivl_10", 0 0, L_0x7f5f0c8e3060;  1 drivers
v0x1fa5110_0 .net *"_ivl_11", 1 0, L_0x1fa7c70;  1 drivers
v0x1fa51f0_0 .net *"_ivl_13", 1 0, L_0x1fa7e20;  1 drivers
L_0x7f5f0c8e30a8 .functor BUFT 1, C4<0>, C4<0>, C4<0>, C4<0>;
v0x1fa52e0_0 .net *"_ivl_16", 0 0, L_0x7f5f0c8e30a8;  1 drivers
v0x1fa53c0_0 .net *"_ivl_17", 1 0, L_0x1fa7f50;  1 drivers
v0x1fa54f0_0 .net *"_ivl_22", 2 0, L_0x1fa8ee0;  1 drivers
L_0x7f5f0c8e30f0 .functor BUFT 1, C4<0>, C4<0>, C4<0>, C4<0>;
v0x1fa55d0_0 .net *"_ivl_25", 0 0, L_0x7f5f0c8e30f0;  1 drivers
v0x1fa56b0_0 .net *"_ivl_26", 2 0, L_0x1fa9070;  1 drivers
L_0x7f5f0c8e3138 .functor BUFT 1, C4<0>, C4<0>, C4<0>, C4<0>;
v0x1fa5790_0 .net *"_ivl_29", 0 0, L_0x7f5f0c8e3138;  1 drivers
v0x1fa5900_0 .net *"_ivl_3", 1 0, L_0x1fa7a60;  1 drivers
v0x1fa59e0_0 .net *"_ivl_30", 2 0, L_0x1fa91a0;  1 drivers
v0x1fa5ac0_0 .net *"_ivl_32", 2 0, L_0x1fa93c0;  1 drivers
L_0x7f5f0c8e3180 .functor BUFT 1, C4<00>, C4<0>, C4<0>, C4<0>;
v0x1fa5ba0_0 .net *"_ivl_35", 1 0, L_0x7f5f0c8e3180;  1 drivers
v0x1fa5c80_0 .net *"_ivl_36", 2 0, L_0x1fa94b0;  1 drivers
v0x1fa5d60_0 .net *"_ivl_42", 3 0, L_0x1faba20;  1 drivers
L_0x7f5f0c8e3018 .functor BUFT 1, C4<0>, C4<0>, C4<0>, C4<0>;
v0x1fa5e40_0 .net *"_ivl_6", 0 0, L_0x7f5f0c8e3018;  1 drivers
v0x1fa5f20_0 .net *"_ivl_7", 1 0, L_0x1fa7b50;  1 drivers
v0x1fa6000_0 .var "a", 0 0;
v0x1fa60a0_0 .var "a2", 1 0;
v0x1fa6160_0 .var "a4", 3 0;
v0x1fa6220_0 .net "actual_fa2_cout", 0 0, L_0x1fa89a0;  1 drivers
v0x1fa62c0_0 .net "actual_fa2_sum", 1 0, L_0x1fa8cb0;  1 drivers
v0x1fa6380_0 .net "actual_fa_cout", 0 0, L_0x1fa77d0;  1 drivers
v0x1fa6450_0 .net "actual_fa_sum", 0 0, L_0x1fa7600;  1 drivers
v0x1fa6540_0 .net "actual_ha_cout", 0 0, L_0x1fa7430;  1 drivers
v0x1fa65e0_0 .net "actual_ha_sum", 0 0, L_0x1fa72a0;  1 drivers
v0x1fa66b0_0 .net "actual_rca4_sum", 7 0, L_0x1fab6c0;  1 drivers
v0x1fa6780_0 .var "b", 0 0;
v0x1fa6820_0 .var "b2", 1 0;
v0x1fa68f0_0 .var "b4", 3 0;
v0x1fa6990_0 .var "cin", 0 0;
v0x1fa6a30_0 .var/i "errors", 31 0;
v0x1fa6ad0_0 .net "exp_fa2_cout", 0 0, L_0x1fa8d50;  1 drivers
v0x1fa6da0_0 .net "exp_fa2_sum", 1 0, L_0x1fa8e40;  1 drivers
v0x1fa6e80_0 .net "exp_fa_cout", 0 0, L_0x1fa78d0;  1 drivers
v0x1fa6f40_0 .net "exp_fa_sum", 0 0, L_0x1fa7970;  1 drivers
v0x1fa7000_0 .net "exp_rca4_sum", 3 0, L_0x1fab8f0;  1 drivers
v0x1fa70e0_0 .var/i "i", 31 0;
v0x1fa71c0_0 .var/i "tests", 31 0;
L_0x1fa78d0 .part L_0x1fa7f50, 1, 1;
L_0x1fa7970 .part L_0x1fa7f50, 0, 1;
L_0x1fa7a60 .concat [ 1 1 0 0], v0x1fa6000_0, L_0x7f5f0c8e3018;
L_0x1fa7b50 .concat [ 1 1 0 0], v0x1fa6780_0, L_0x7f5f0c8e3060;
L_0x1fa7c70 .arith/sum 2, L_0x1fa7a60, L_0x1fa7b50;
L_0x1fa7e20 .concat [ 1 1 0 0], v0x1fa6990_0, L_0x7f5f0c8e30a8;
L_0x1fa7f50 .arith/sum 2, L_0x1fa7c70, L_0x1fa7e20;
L_0x1fa8d50 .part L_0x1fa94b0, 2, 1;
L_0x1fa8e40 .part L_0x1fa94b0, 0, 2;
L_0x1fa8ee0 .concat [ 2 1 0 0], v0x1fa60a0_0, L_0x7f5f0c8e30f0;
L_0x1fa9070 .concat [ 2 1 0 0], v0x1fa6820_0, L_0x7f5f0c8e3138;
L_0x1fa91a0 .arith/sum 3, L_0x1fa8ee0, L_0x1fa9070;
L_0x1fa93c0 .concat [ 1 2 0 0], v0x1fa6990_0, L_0x7f5f0c8e3180;
L_0x1fa94b0 .arith/sum 3, L_0x1fa91a0, L_0x1fa93c0;
L_0x1fab850 .concat [ 4 4 0 0], v0x1fa6160_0, v0x1fa68f0_0;
L_0x1fab8f0 .part L_0x1faba20, 0, 4;
L_0x1faba20 .arith/sum 4, v0x1fa6160_0, v0x1fa68f0_0;
S_0x1f6a590 .scope module, "fa" "fulladder" 2 31, 3 20 0, S_0x1f6f7e0;
 .timescale -9 -12;
    .port_info 0 /INPUT 1 "cin";
    .port_info 1 /INPUT 1 "a";
    .port_info 2 /INPUT 1 "b";
    .port_info 3 /OUTPUT 1 "s";
    .port_info 4 /OUTPUT 1 "cout";
L_0x1fa77d0 .functor OR 1, L_0x1fa7570, L_0x1fa7740, C4<0>, C4<0>;
v0x1f9a290_0 .net "a", 0 0, v0x1fa6000_0;  1 drivers
v0x1f9a350_0 .net "b", 0 0, v0x1fa6780_0;  1 drivers
v0x1f9a420_0 .net "cin", 0 0, v0x1fa6990_0;  1 drivers
v0x1f9a520_0 .net "cout", 0 0, L_0x1fa77d0;  alias, 1 drivers
v0x1f9a5c0_0 .net "cout_tmp1", 0 0, L_0x1fa7570;  1 drivers
v0x1f9a6b0_0 .net "cout_tmp2", 0 0, L_0x1fa7740;  1 drivers
v0x1f9a780_0 .net "s", 0 0, L_0x1fa7600;  alias, 1 drivers
v0x1f9a850_0 .net "s_tmp", 0 0, L_0x1fa74c0;  1 drivers
S_0x1f701c0 .scope module, "h0" "halfadder" 3 27, 3 10 0, S_0x1f6a590;
 .timescale -9 -12;
    .port_info 0 /INPUT 1 "a";
    .port_info 1 /INPUT 1 "b";
    .port_info 2 /OUTPUT 1 "s";
    .port_info 3 /OUTPUT 1 "cout";
L_0x1fa74c0 .functor XOR 1, v0x1fa6000_0, v0x1fa6780_0, C4<0>, C4<0>;
L_0x1fa7570 .functor AND 1, v0x1fa6000_0, v0x1fa6780_0, C4<1>, C4<1>;
v0x1f6b5b0_0 .net "a", 0 0, v0x1fa6000_0;  alias, 1 drivers
v0x1f99a70_0 .net "b", 0 0, v0x1fa6780_0;  alias, 1 drivers
v0x1f99b30_0 .net "cout", 0 0, L_0x1fa7570;  alias, 1 drivers
v0x1f99bd0_0 .net "s", 0 0, L_0x1fa74c0;  alias, 1 drivers
S_0x1f99d10 .scope module, "h1" "halfadder" 3 28, 3 10 0, S_0x1f6a590;
 .timescale -9 -12;
    .port_info 0 /INPUT 1 "a";
    .port_info 1 /INPUT 1 "b";
    .port_info 2 /OUTPUT 1 "s";
    .port_info 3 /OUTPUT 1 "cout";
L_0x1fa7600 .functor XOR 1, L_0x1fa74c0, v0x1fa6990_0, C4<0>, C4<0>;
L_0x1fa7740 .functor AND 1, L_0x1fa74c0, v0x1fa6990_0, C4<1>, C4<1>;
v0x1f99f10_0 .net "a", 0 0, L_0x1fa74c0;  alias, 1 drivers
v0x1f99fb0_0 .net "b", 0 0, v0x1fa6990_0;  alias, 1 drivers
v0x1f9a050_0 .net "cout", 0 0, L_0x1fa7740;  alias, 1 drivers
v0x1f9a120_0 .net "s", 0 0, L_0x1fa7600;  alias, 1 drivers
S_0x1f9a940 .scope module, "fa2" "fulladder2" 2 39, 3 33 0, S_0x1f6f7e0;
 .timescale -9 -12;
    .port_info 0 /INPUT 1 "cin";
    .port_info 1 /INPUT 2 "a";
    .port_info 2 /INPUT 2 "b";
    .port_info 3 /OUTPUT 2 "s";
    .port_info 4 /OUTPUT 1 "cout";
v0x1f9d4a0_0 .net "a", 1 0, v0x1fa60a0_0;  1 drivers
v0x1f9d5a0_0 .net "b", 1 0, v0x1fa6820_0;  1 drivers
v0x1f9d680_0 .net "cin", 0 0, v0x1fa6990_0;  alias, 1 drivers
v0x1f9d720_0 .net "cout", 0 0, L_0x1fa89a0;  alias, 1 drivers
v0x1f9d7f0_0 .net "cout_tmp", 0 0, L_0x1fa8320;  1 drivers
v0x1f9d890_0 .net "s", 1 0, L_0x1fa8cb0;  alias, 1 drivers
L_0x1fa83b0 .part v0x1fa60a0_0, 0, 1;
L_0x1fa8470 .part v0x1fa6820_0, 0, 1;
L_0x1fa8a50 .part v0x1fa60a0_0, 1, 1;
L_0x1fa8b80 .part v0x1fa6820_0, 1, 1;
L_0x1fa8cb0 .concat8 [ 1 1 0 0], L_0x1fa81f0, L_0x1fa8780;
S_0x1f9ab20 .scope module, "a0" "fulladder" 3 40, 3 20 0, S_0x1f9a940;
 .timescale -9 -12;
    .port_info 0 /INPUT 1 "cin";
    .port_info 1 /INPUT 1 "a";
    .port_info 2 /INPUT 1 "b";
    .port_info 3 /OUTPUT 1 "s";
    .port_info 4 /OUTPUT 1 "cout";
L_0x1fa8320 .functor OR 1, L_0x1fa8130, L_0x1fa82b0, C4<0>, C4<0>;
v0x1f9b970_0 .net "a", 0 0, L_0x1fa83b0;  1 drivers
v0x1f9ba30_0 .net "b", 0 0, L_0x1fa8470;  1 drivers
v0x1f9bb00_0 .net "cin", 0 0, v0x1fa6990_0;  alias, 1 drivers
v0x1f9bbd0_0 .net "cout", 0 0, L_0x1fa8320;  alias, 1 drivers
v0x1f9bc70_0 .net "cout_tmp1", 0 0, L_0x1fa8130;  1 drivers
v0x1f9bd60_0 .net "cout_tmp2", 0 0, L_0x1fa82b0;  1 drivers
v0x1f9be30_0 .net "s", 0 0, L_0x1fa81f0;  1 drivers
v0x1f9bf00_0 .net "s_tmp", 0 0, L_0x1fa7d10;  1 drivers
S_0x1f9adb0 .scope module, "h0" "halfadder" 3 27, 3 10 0, S_0x1f9ab20;
 .timescale -9 -12;
    .port_info 0 /INPUT 1 "a";
    .port_info 1 /INPUT 1 "b";
    .port_info 2 /OUTPUT 1 "s";
    .port_info 3 /OUTPUT 1 "cout";
L_0x1fa7d10 .functor XOR 1, L_0x1fa83b0, L_0x1fa8470, C4<0>, C4<0>;
L_0x1fa8130 .functor AND 1, L_0x1fa83b0, L_0x1fa8470, C4<1>, C4<1>;
v0x1f9afe0_0 .net "a", 0 0, L_0x1fa83b0;  alias, 1 drivers
v0x1f9b0c0_0 .net "b", 0 0, L_0x1fa8470;  alias, 1 drivers
v0x1f9b180_0 .net "cout", 0 0, L_0x1fa8130;  alias, 1 drivers
v0x1f9b250_0 .net "s", 0 0, L_0x1fa7d10;  alias, 1 drivers
S_0x1f9b3c0 .scope module, "h1" "halfadder" 3 28, 3 10 0, S_0x1f9ab20;
 .timescale -9 -12;
    .port_info 0 /INPUT 1 "a";
    .port_info 1 /INPUT 1 "b";
    .port_info 2 /OUTPUT 1 "s";
    .port_info 3 /OUTPUT 1 "cout";
L_0x1fa81f0 .functor XOR 1, L_0x1fa7d10, v0x1fa6990_0, C4<0>, C4<0>;
L_0x1fa82b0 .functor AND 1, L_0x1fa7d10, v0x1fa6990_0, C4<1>, C4<1>;
v0x1f9b5c0_0 .net "a", 0 0, L_0x1fa7d10;  alias, 1 drivers
v0x1f9b690_0 .net "b", 0 0, v0x1fa6990_0;  alias, 1 drivers
v0x1f9b780_0 .net "cout", 0 0, L_0x1fa82b0;  alias, 1 drivers
v0x1f9b820_0 .net "s", 0 0, L_0x1fa81f0;  alias, 1 drivers
S_0x1f9bff0 .scope module, "a1" "fulladder" 3 41, 3 20 0, S_0x1f9a940;
 .timescale -9 -12;
    .port_info 0 /INPUT 1 "cin";
    .port_info 1 /INPUT 1 "a";
    .port_info 2 /INPUT 1 "b";
    .port_info 3 /OUTPUT 1 "s";
    .port_info 4 /OUTPUT 1 "cout";
L_0x1fa89a0 .functor OR 1, L_0x1fa86a0, L_0x1fa8910, C4<0>, C4<0>;
v0x1f9ce00_0 .net "a", 0 0, L_0x1fa8a50;  1 drivers
v0x1f9cec0_0 .net "b", 0 0, L_0x1fa8b80;  1 drivers
v0x1f9cf90_0 .net "cin", 0 0, L_0x1fa8320;  alias, 1 drivers
v0x1f9d0b0_0 .net "cout", 0 0, L_0x1fa89a0;  alias, 1 drivers
v0x1f9d150_0 .net "cout_tmp1", 0 0, L_0x1fa86a0;  1 drivers
v0x1f9d240_0 .net "cout_tmp2", 0 0, L_0x1fa8910;  1 drivers
v0x1f9d2e0_0 .net "s", 0 0, L_0x1fa8780;  1 drivers
v0x1f9d3b0_0 .net "s_tmp", 0 0, L_0x1fa85a0;  1 drivers
S_0x1f9c270 .scope module, "h0" "halfadder" 3 27, 3 10 0, S_0x1f9bff0;
 .timescale -9 -12;
    .port_info 0 /INPUT 1 "a";
    .port_info 1 /INPUT 1 "b";
    .port_info 2 /OUTPUT 1 "s";
    .port_info 3 /OUTPUT 1 "cout";
L_0x1fa85a0 .functor XOR 1, L_0x1fa8a50, L_0x1fa8b80, C4<0>, C4<0>;
L_0x1fa86a0 .functor AND 1, L_0x1fa8a50, L_0x1fa8b80, C4<1>, C4<1>;
v0x1f9c480_0 .net "a", 0 0, L_0x1fa8a50;  alias, 1 drivers
v0x1f9c560_0 .net "b", 0 0, L_0x1fa8b80;  alias, 1 drivers
v0x1f9c620_0 .net "cout", 0 0, L_0x1fa86a0;  alias, 1 drivers
v0x1f9c6f0_0 .net "s", 0 0, L_0x1fa85a0;  alias, 1 drivers
S_0x1f9c860 .scope module, "h1" "halfadder" 3 28, 3 10 0, S_0x1f9bff0;
 .timescale -9 -12;
    .port_info 0 /INPUT 1 "a";
    .port_info 1 /INPUT 1 "b";
    .port_info 2 /OUTPUT 1 "s";
    .port_info 3 /OUTPUT 1 "cout";
L_0x1fa8780 .functor XOR 1, L_0x1fa85a0, L_0x1fa8320, C4<0>, C4<0>;
L_0x1fa8910 .functor AND 1, L_0x1fa85a0, L_0x1fa8320, C4<1>, C4<1>;
v0x1f9ca60_0 .net "a", 0 0, L_0x1fa85a0;  alias, 1 drivers
v0x1f9cb30_0 .net "b", 0 0, L_0x1fa8320;  alias, 1 drivers
v0x1f9cc00_0 .net "cout", 0 0, L_0x1fa8910;  alias, 1 drivers
v0x1f9ccd0_0 .net "s", 0 0, L_0x1fa8780;  alias, 1 drivers
S_0x1f9d9d0 .scope module, "ha" "halfadder" 2 26, 3 10 0, S_0x1f6f7e0;
 .timescale -9 -12;
    .port_info 0 /INPUT 1 "a";
    .port_info 1 /INPUT 1 "b";
    .port_info 2 /OUTPUT 1 "s";
    .port_info 3 /OUTPUT 1 "cout";
L_0x1fa72a0 .functor XOR 1, v0x1fa6000_0, v0x1fa6780_0, C4<0>, C4<0>;
L_0x1fa7430 .functor AND 1, v0x1fa6000_0, v0x1fa6780_0, C4<1>, C4<1>;
v0x1f9dbe0_0 .net "a", 0 0, v0x1fa6000_0;  alias, 1 drivers
v0x1f9dcd0_0 .net "b", 0 0, v0x1fa6780_0;  alias, 1 drivers
v0x1f9dde0_0 .net "cout", 0 0, L_0x1fa7430;  alias, 1 drivers
v0x1f9de80_0 .net "s", 0 0, L_0x1fa72a0;  alias, 1 drivers
S_0x1f9dfa0 .scope task, "printPoints" "printPoints" 4 1, 4 1 0, S_0x1f6f7e0;
 .timescale -9 -12;
v0x1f9e180_0 .var "actual", 31 0;
v0x1f9e280_0 .var "possible", 31 0;
TD_test_adders.printPoints ;
    %vpi_call 4 4 "$display", "<scorePossible>%d</scorePossible>", v0x1f9e280_0 {0 0 0};
    %vpi_call 4 5 "$display", "<scoreActual>%d</scoreActual>", v0x1f9e180_0 {0 0 0};
    %end;
S_0x1f9e360 .scope module, "r0" "rca4" 2 45, 3 47 0, S_0x1f6f7e0;
 .timescale -9 -12;
    .port_info 0 /INPUT 8 "SWITCH";
    .port_info 1 /OUTPUT 8 "LED";
v0x1fa4c90_0 .net "LED", 7 0, L_0x1fab6c0;  alias, 1 drivers
v0x1fa4d90_0 .net "SWITCH", 7 0, L_0x1fab850;  1 drivers
L_0x7f5f0c8e3210 .functor BUFT 1, C4<0000>, C4<0>, C4<0>, C4<0>;
v0x1fa4e70_0 .net/2u *"_ivl_17", 3 0, L_0x7f5f0c8e3210;  1 drivers
v0x1fa4f30_0 .net "cout0", 0 0, L_0x1faa020;  1 drivers
L_0x1faa3d0 .part L_0x1fab850, 0, 2;
L_0x1faa470 .part L_0x1fab850, 4, 2;
L_0x1fab4f0 .part L_0x1fab850, 2, 2;
L_0x1fab590 .part L_0x1fab850, 6, 2;
L_0x1fab6c0 .concat8 [ 2 2 4 0], L_0x1faa330, L_0x1fab450, L_0x7f5f0c8e3210;
S_0x1f9e5b0 .scope module, "a0" "fulladder2" 3 50, 3 33 0, S_0x1f9e360;
 .timescale -9 -12;
    .port_info 0 /INPUT 1 "cin";
    .port_info 1 /INPUT 2 "a";
    .port_info 2 /INPUT 2 "b";
    .port_info 3 /OUTPUT 2 "s";
    .port_info 4 /OUTPUT 1 "cout";
v0x1fa1370_0 .net "a", 1 0, L_0x1faa3d0;  1 drivers
v0x1fa1470_0 .net "b", 1 0, L_0x1faa470;  1 drivers
L_0x7f5f0c8e31c8 .functor BUFT 1, C4<0>, C4<0>, C4<0>, C4<0>;
v0x1fa1550_0 .net "cin", 0 0, L_0x7f5f0c8e31c8;  1 drivers
v0x1fa1640_0 .net "cout", 0 0, L_0x1faa020;  alias, 1 drivers
v0x1fa16e0_0 .net "cout_tmp", 0 0, L_0x1fa99b0;  1 drivers
v0x1fa17d0_0 .net "s", 1 0, L_0x1faa330;  1 drivers
L_0x1fa9ad0 .part L_0x1faa3d0, 0, 1;
L_0x1fa9c00 .part L_0x1faa470, 0, 1;
L_0x1faa0d0 .part L_0x1faa3d0, 1, 1;
L_0x1faa200 .part L_0x1faa470, 1, 1;
L_0x1faa330 .concat8 [ 1 1 0 0], L_0x1fa9760, L_0x1fa9e50;
S_0x1f9e830 .scope module, "a0" "fulladder" 3 40, 3 20 0, S_0x1f9e5b0;
 .timescale -9 -12;
    .port_info 0 /INPUT 1 "cin";
    .port_info 1 /INPUT 1 "a";
    .port_info 2 /INPUT 1 "b";
    .port_info 3 /OUTPUT 1 "s";
    .port_info 4 /OUTPUT 1 "cout";
L_0x1fa99b0 .functor OR 1, L_0x1fa9240, L_0x1fa98b0, C4<0>, C4<0>;
v0x1f9f750_0 .net "a", 0 0, L_0x1fa9ad0;  1 drivers
v0x1f9f810_0 .net "b", 0 0, L_0x1fa9c00;  1 drivers
v0x1f9f8e0_0 .net "cin", 0 0, L_0x7f5f0c8e31c8;  alias, 1 drivers
v0x1f9f9e0_0 .net "cout", 0 0, L_0x1fa99b0;  alias, 1 drivers
v0x1f9fa80_0 .net "cout_tmp1", 0 0, L_0x1fa9240;  1 drivers
v0x1f9fb70_0 .net "cout_tmp2", 0 0, L_0x1fa98b0;  1 drivers
v0x1f9fc40_0 .net "s", 0 0, L_0x1fa9760;  1 drivers
v0x1f9fd10_0 .net "s_tmp", 0 0, L_0x1fa9350;  1 drivers
S_0x1f9eab0 .scope module, "h0" "halfadder" 3 27, 3 10 0, S_0x1f9e830;
 .timescale -9 -12;
    .port_info 0 /INPUT 1 "a";
    .port_info 1 /INPUT 1 "b";
    .port_info 2 /OUTPUT 1 "s";
    .port_info 3 /OUTPUT 1 "cout";
L_0x1fa9350 .functor XOR 1, L_0x1fa9ad0, L_0x1fa9c00, C4<0>, C4<0>;
L_0x1fa9240 .functor AND 1, L_0x1fa9ad0, L_0x1fa9c00, C4<1>, C4<1>;
v0x1f9ed50_0 .net "a", 0 0, L_0x1fa9ad0;  alias, 1 drivers
v0x1f9ee30_0 .net "b", 0 0, L_0x1fa9c00;  alias, 1 drivers
v0x1f9eef0_0 .net "cout", 0 0, L_0x1fa9240;  alias, 1 drivers
v0x1f9efc0_0 .net "s", 0 0, L_0x1fa9350;  alias, 1 drivers
S_0x1f9f130 .scope module, "h1" "halfadder" 3 28, 3 10 0, S_0x1f9e830;
 .timescale -9 -12;
    .port_info 0 /INPUT 1 "a";
    .port_info 1 /INPUT 1 "b";
    .port_info 2 /OUTPUT 1 "s";
    .port_info 3 /OUTPUT 1 "cout";
L_0x1fa9760 .functor XOR 1, L_0x1fa9350, L_0x7f5f0c8e31c8, C4<0>, C4<0>;
L_0x1fa98b0 .functor AND 1, L_0x1fa9350, L_0x7f5f0c8e31c8, C4<1>, C4<1>;
v0x1f9f3a0_0 .net "a", 0 0, L_0x1fa9350;  alias, 1 drivers
v0x1f9f470_0 .net "b", 0 0, L_0x7f5f0c8e31c8;  alias, 1 drivers
v0x1f9f510_0 .net "cout", 0 0, L_0x1fa98b0;  alias, 1 drivers
v0x1f9f5e0_0 .net "s", 0 0, L_0x1fa9760;  alias, 1 drivers
S_0x1f9fe00 .scope module, "a1" "fulladder" 3 41, 3 20 0, S_0x1f9e5b0;
 .timescale -9 -12;
    .port_info 0 /INPUT 1 "cin";
    .port_info 1 /INPUT 1 "a";
    .port_info 2 /INPUT 1 "b";
    .port_info 3 /OUTPUT 1 "s";
    .port_info 4 /OUTPUT 1 "cout";
L_0x1faa020 .functor OR 1, L_0x1fa9dc0, L_0x1fa9f90, C4<0>, C4<0>;
v0x1fa0cd0_0 .net "a", 0 0, L_0x1faa0d0;  1 drivers
v0x1fa0d90_0 .net "b", 0 0, L_0x1faa200;  1 drivers
v0x1fa0e60_0 .net "cin", 0 0, L_0x1fa99b0;  alias, 1 drivers
v0x1fa0f80_0 .net "cout", 0 0, L_0x1faa020;  alias, 1 drivers
v0x1fa1020_0 .net "cout_tmp1", 0 0, L_0x1fa9dc0;  1 drivers
v0x1fa1110_0 .net "cout_tmp2", 0 0, L_0x1fa9f90;  1 drivers
v0x1fa11b0_0 .net "s", 0 0, L_0x1fa9e50;  1 drivers
v0x1fa1280_0 .net "s_tmp", 0 0, L_0x1fa9d30;  1 drivers
S_0x1fa0060 .scope module, "h0" "halfadder" 3 27, 3 10 0, S_0x1f9fe00;
 .timescale -9 -12;
    .port_info 0 /INPUT 1 "a";
    .port_info 1 /INPUT 1 "b";
    .port_info 2 /OUTPUT 1 "s";
    .port_info 3 /OUTPUT 1 "cout";
L_0x1fa9d30 .functor XOR 1, L_0x1faa0d0, L_0x1faa200, C4<0>, C4<0>;
L_0x1fa9dc0 .functor AND 1, L_0x1faa0d0, L_0x1faa200, C4<1>, C4<1>;
v0x1fa02e0_0 .net "a", 0 0, L_0x1faa0d0;  alias, 1 drivers
v0x1fa03c0_0 .net "b", 0 0, L_0x1faa200;  alias, 1 drivers
v0x1fa0480_0 .net "cout", 0 0, L_0x1fa9dc0;  alias, 1 drivers
v0x1fa0550_0 .net "s", 0 0, L_0x1fa9d30;  alias, 1 drivers
S_0x1fa06c0 .scope module, "h1" "halfadder" 3 28, 3 10 0, S_0x1f9fe00;
 .timescale -9 -12;
    .port_info 0 /INPUT 1 "a";
    .port_info 1 /INPUT 1 "b";
    .port_info 2 /OUTPUT 1 "s";
    .port_info 3 /OUTPUT 1 "cout";
L_0x1fa9e50 .functor XOR 1, L_0x1fa9d30, L_0x1fa99b0, C4<0>, C4<0>;
L_0x1fa9f90 .functor AND 1, L_0x1fa9d30, L_0x1fa99b0, C4<1>, C4<1>;
v0x1fa0930_0 .net "a", 0 0, L_0x1fa9d30;  alias, 1 drivers
v0x1fa0a00_0 .net "b", 0 0, L_0x1fa99b0;  alias, 1 drivers
v0x1fa0ad0_0 .net "cout", 0 0, L_0x1fa9f90;  alias, 1 drivers
v0x1fa0ba0_0 .net "s", 0 0, L_0x1fa9e50;  alias, 1 drivers
S_0x1fa1910 .scope module, "a3" "fulladder2" 3 57, 3 33 0, S_0x1f9e360;
 .timescale -9 -12;
    .port_info 0 /INPUT 1 "cin";
    .port_info 1 /INPUT 2 "a";
    .port_info 2 /INPUT 2 "b";
    .port_info 3 /OUTPUT 2 "s";
    .port_info 4 /OUTPUT 1 "cout";
v0x1fa46d0_0 .net "a", 1 0, L_0x1fab4f0;  1 drivers
v0x1fa47d0_0 .net "b", 1 0, L_0x1fab590;  1 drivers
v0x1fa48b0_0 .net "cin", 0 0, L_0x1faa020;  alias, 1 drivers
v0x1fa49e0_0 .net "cout", 0 0, L_0x1fab0f0;  1 drivers
v0x1fa4ab0_0 .net "cout_tmp", 0 0, L_0x1faaaa0;  1 drivers
v0x1fa4b50_0 .net "s", 1 0, L_0x1fab450;  1 drivers
L_0x1faab50 .part L_0x1fab4f0, 0, 1;
L_0x1faac80 .part L_0x1fab590, 0, 1;
L_0x1fab1f0 .part L_0x1fab4f0, 1, 1;
L_0x1fab320 .part L_0x1fab590, 1, 1;
L_0x1fab450 .concat8 [ 1 1 0 0], L_0x1faa770, L_0x1faaed0;
S_0x1fa1b90 .scope module, "a0" "fulladder" 3 40, 3 20 0, S_0x1fa1910;
 .timescale -9 -12;
    .port_info 0 /INPUT 1 "cin";
    .port_info 1 /INPUT 1 "a";
    .port_info 2 /INPUT 1 "b";
    .port_info 3 /OUTPUT 1 "s";
    .port_info 4 /OUTPUT 1 "cout";
L_0x1faaaa0 .functor OR 1, L_0x1faa690, L_0x1faa900, C4<0>, C4<0>;
v0x1fa2ac0_0 .net "a", 0 0, L_0x1faab50;  1 drivers
v0x1fa2b80_0 .net "b", 0 0, L_0x1faac80;  1 drivers
v0x1fa2c50_0 .net "cin", 0 0, L_0x1faa020;  alias, 1 drivers
v0x1fa2d20_0 .net "cout", 0 0, L_0x1faaaa0;  alias, 1 drivers
v0x1fa2dc0_0 .net "cout_tmp1", 0 0, L_0x1faa690;  1 drivers
v0x1fa2eb0_0 .net "cout_tmp2", 0 0, L_0x1faa900;  1 drivers
v0x1fa2f80_0 .net "s", 0 0, L_0x1faa770;  1 drivers
v0x1fa3050_0 .net "s_tmp", 0 0, L_0x1faa560;  1 drivers
S_0x1fa1e20 .scope module, "h0" "halfadder" 3 27, 3 10 0, S_0x1fa1b90;
 .timescale -9 -12;
    .port_info 0 /INPUT 1 "a";
    .port_info 1 /INPUT 1 "b";
    .port_info 2 /OUTPUT 1 "s";
    .port_info 3 /OUTPUT 1 "cout";
L_0x1faa560 .functor XOR 1, L_0x1faab50, L_0x1faac80, C4<0>, C4<0>;
L_0x1faa690 .functor AND 1, L_0x1faab50, L_0x1faac80, C4<1>, C4<1>;
v0x1fa20c0_0 .net "a", 0 0, L_0x1faab50;  alias, 1 drivers
v0x1fa21a0_0 .net "b", 0 0, L_0x1faac80;  alias, 1 drivers
v0x1fa2260_0 .net "cout", 0 0, L_0x1faa690;  alias, 1 drivers
v0x1fa2330_0 .net "s", 0 0, L_0x1faa560;  alias, 1 drivers
S_0x1fa24a0 .scope module, "h1" "halfadder" 3 28, 3 10 0, S_0x1fa1b90;
 .timescale -9 -12;
    .port_info 0 /INPUT 1 "a";
    .port_info 1 /INPUT 1 "b";
    .port_info 2 /OUTPUT 1 "s";
    .port_info 3 /OUTPUT 1 "cout";
L_0x1faa770 .functor XOR 1, L_0x1faa560, L_0x1faa020, C4<0>, C4<0>;
L_0x1faa900 .functor AND 1, L_0x1faa560, L_0x1faa020, C4<1>, C4<1>;
v0x1fa2710_0 .net "a", 0 0, L_0x1faa560;  alias, 1 drivers
v0x1fa27e0_0 .net "b", 0 0, L_0x1faa020;  alias, 1 drivers
v0x1fa28d0_0 .net "cout", 0 0, L_0x1faa900;  alias, 1 drivers
v0x1fa2970_0 .net "s", 0 0, L_0x1faa770;  alias, 1 drivers
S_0x1fa3140 .scope module, "a1" "fulladder" 3 41, 3 20 0, S_0x1fa1910;
 .timescale -9 -12;
    .port_info 0 /INPUT 1 "cin";
    .port_info 1 /INPUT 1 "a";
    .port_info 2 /INPUT 1 "b";
    .port_info 3 /OUTPUT 1 "s";
    .port_info 4 /OUTPUT 1 "cout";
L_0x1fab0f0 .functor OR 1, L_0x1faae40, L_0x1fab060, C4<0>, C4<0>;
v0x1fa4030_0 .net "a", 0 0, L_0x1fab1f0;  1 drivers
v0x1fa40f0_0 .net "b", 0 0, L_0x1fab320;  1 drivers
v0x1fa41c0_0 .net "cin", 0 0, L_0x1faaaa0;  alias, 1 drivers
v0x1fa42e0_0 .net "cout", 0 0, L_0x1fab0f0;  alias, 1 drivers
v0x1fa4380_0 .net "cout_tmp1", 0 0, L_0x1faae40;  1 drivers
v0x1fa4470_0 .net "cout_tmp2", 0 0, L_0x1fab060;  1 drivers
v0x1fa4510_0 .net "s", 0 0, L_0x1faaed0;  1 drivers
v0x1fa45e0_0 .net "s_tmp", 0 0, L_0x1faadb0;  1 drivers
S_0x1fa33c0 .scope module, "h0" "halfadder" 3 27, 3 10 0, S_0x1fa3140;
 .timescale -9 -12;
    .port_info 0 /INPUT 1 "a";
    .port_info 1 /INPUT 1 "b";
    .port_info 2 /OUTPUT 1 "s";
    .port_info 3 /OUTPUT 1 "cout";
L_0x1faadb0 .functor XOR 1, L_0x1fab1f0, L_0x1fab320, C4<0>, C4<0>;
L_0x1faae40 .functor AND 1, L_0x1fab1f0, L_0x1fab320, C4<1>, C4<1>;
v0x1fa3640_0 .net "a", 0 0, L_0x1fab1f0;  alias, 1 drivers
v0x1fa3720_0 .net "b", 0 0, L_0x1fab320;  alias, 1 drivers
v0x1fa37e0_0 .net "cout", 0 0, L_0x1faae40;  alias, 1 drivers
v0x1fa38b0_0 .net "s", 0 0, L_0x1faadb0;  alias, 1 drivers
S_0x1fa3a20 .scope module, "h1" "halfadder" 3 28, 3 10 0, S_0x1fa3140;
 .timescale -9 -12;
    .port_info 0 /INPUT 1 "a";
    .port_info 1 /INPUT 1 "b";
    .port_info 2 /OUTPUT 1 "s";
    .port_info 3 /OUTPUT 1 "cout";
L_0x1faaed0 .functor XOR 1, L_0x1faadb0, L_0x1faaaa0, C4<0>, C4<0>;
L_0x1fab060 .functor AND 1, L_0x1faadb0, L_0x1faaaa0, C4<1>, C4<1>;
v0x1fa3c90_0 .net "a", 0 0, L_0x1faadb0;  alias, 1 drivers
v0x1fa3d60_0 .net "b", 0 0, L_0x1faaaa0;  alias, 1 drivers
v0x1fa3e30_0 .net "cout", 0 0, L_0x1fab060;  alias, 1 drivers
v0x1fa3f00_0 .net "s", 0 0, L_0x1faaed0;  alias, 1 drivers
    .scope S_0x1f6f7e0;
T_1 ;
    %vpi_call 2 52 "$dumpfile", "rca.vcd" {0 0 0};
    %vpi_call 2 53 "$dumpvars" {0 0 0};
    %pushi/vec4 0, 0, 1;
    %store/vec4 v0x1fa6000_0, 0, 1;
    %pushi/vec4 0, 0, 1;
    %store/vec4 v0x1fa6780_0, 0, 1;
    %pushi/vec4 0, 0, 32;
    %store/vec4 v0x1fa6a30_0, 0, 32;
    %pushi/vec4 0, 0, 32;
    %store/vec4 v0x1fa71c0_0, 0, 32;
    %delay 100000, 0;
    %pushi/vec4 0, 0, 32;
    %store/vec4 v0x1fa70e0_0, 0, 32;
T_1.0 ;
    %load/vec4 v0x1fa70e0_0;
    %cmpi/s 3, 0, 32;
    %flag_or 5, 4;
    %jmp/0xz T_1.1, 5;
    %load/vec4 v0x1fa70e0_0;
    %parti/s 1, 0, 2;
    %store/vec4 v0x1fa6000_0, 0, 1;
    %load/vec4 v0x1fa70e0_0;
    %parti/s 1, 1, 2;
    %store/vec4 v0x1fa6780_0, 0, 1;
    %delay 6000, 0;
    %load/vec4 v0x1fa71c0_0;
    %addi 2, 0, 32;
    %store/vec4 v0x1fa71c0_0, 0, 32;
    %load/vec4 v0x1fa70e0_0;
    %dup/vec4;
    %pushi/vec4 0, 0, 32;
    %cmp/u;
    %jmp/1 T_1.2, 6;
    %dup/vec4;
    %pushi/vec4 3, 0, 32;
    %cmp/u;
    %jmp/1 T_1.3, 6;
    %dup/vec4;
    %pushi/vec4 1, 0, 32;
    %cmp/u;
    %jmp/1 T_1.4, 6;
    %dup/vec4;
    %pushi/vec4 2, 0, 32;
    %cmp/u;
    %jmp/1 T_1.5, 6;
    %jmp T_1.6;
T_1.2 ;
    %load/vec4 v0x1fa65e0_0;
    %pad/u 32;
    %cmpi/ne 0, 0, 32;
    %jmp/0xz  T_1.7, 6;
    %load/vec4 v0x1fa6a30_0;
    %cmpi/s 15, 0, 32;
    %jmp/0xz  T_1.9, 5;
    %vpi_call 2 78 "$display", "[halfadder] ERROR: %b + %b should produce sum=0 but was %b instead", v0x1fa6000_0, v0x1fa6780_0, v0x1fa65e0_0 {0 0 0};
T_1.9 ;
    %load/vec4 v0x1fa6a30_0;
    %addi 1, 0, 32;
    %store/vec4 v0x1fa6a30_0, 0, 32;
T_1.7 ;
    %jmp T_1.6;
T_1.3 ;
    %load/vec4 v0x1fa65e0_0;
    %pad/u 32;
    %cmpi/ne 0, 0, 32;
    %jmp/0xz  T_1.11, 6;
    %load/vec4 v0x1fa6a30_0;
    %cmpi/s 15, 0, 32;
    %jmp/0xz  T_1.13, 5;
    %vpi_call 2 78 "$display", "[halfadder] ERROR: %b + %b should produce sum=0 but was %b instead", v0x1fa6000_0, v0x1fa6780_0, v0x1fa65e0_0 {0 0 0};
T_1.13 ;
    %load/vec4 v0x1fa6a30_0;
    %addi 1, 0, 32;
    %store/vec4 v0x1fa6a30_0, 0, 32;
T_1.11 ;
    %jmp T_1.6;
T_1.4 ;
    %load/vec4 v0x1fa65e0_0;
    %pad/u 32;
    %cmpi/ne 1, 0, 32;
    %jmp/0xz  T_1.15, 6;
    %load/vec4 v0x1fa6a30_0;
    %cmpi/s 15, 0, 32;
    %jmp/0xz  T_1.17, 5;
    %vpi_call 2 85 "$display", "[halfadder] ERROR: %b + %b should produce sum=1 but was %b instead", v0x1fa6000_0, v0x1fa6780_0, v0x1fa65e0_0 {0 0 0};
T_1.17 ;
    %load/vec4 v0x1fa6a30_0;
    %addi 1, 0, 32;
    %store/vec4 v0x1fa6a30_0, 0, 32;
T_1.15 ;
    %jmp T_1.6;
T_1.5 ;
    %load/vec4 v0x1fa65e0_0;
    %pad/u 32;
    %cmpi/ne 1, 0, 32;
    %jmp/0xz  T_1.19, 6;
    %load/vec4 v0x1fa6a30_0;
    %cmpi/s 15, 0, 32;
    %jmp/0xz  T_1.21, 5;
    %vpi_call 2 85 "$display", "[halfadder] ERROR: %b + %b should produce sum=1 but was %b instead", v0x1fa6000_0, v0x1fa6780_0, v0x1fa65e0_0 {0 0 0};
T_1.21 ;
    %load/vec4 v0x1fa6a30_0;
    %addi 1, 0, 32;
    %store/vec4 v0x1fa6a30_0, 0, 32;
T_1.19 ;
    %jmp T_1.6;
T_1.6 ;
    %pop/vec4 1;
    %load/vec4 v0x1fa70e0_0;
    %cmpi/s 3, 0, 32;
    %flag_get/vec4 5;
    %pushi/vec4 0, 0, 32;
    %load/vec4 v0x1fa6540_0;
    %pad/u 32;
    %cmp/ne;
    %flag_get/vec4 6;
    %and;
    %flag_set/vec4 8;
    %jmp/0xz  T_1.23, 8;
    %load/vec4 v0x1fa6a30_0;
    %cmpi/s 15, 0, 32;
    %jmp/0xz  T_1.25, 5;
    %vpi_call 2 94 "$display", "[halfadder] ERROR: %b + %b should produce cout=0 but was %b instead", v0x1fa6000_0, v0x1fa6780_0, v0x1fa6540_0 {0 0 0};
T_1.25 ;
    %load/vec4 v0x1fa6a30_0;
    %addi 1, 0, 32;
    %store/vec4 v0x1fa6a30_0, 0, 32;
T_1.23 ;
    %load/vec4 v0x1fa70e0_0;
    %pushi/vec4 3, 0, 32;
    %cmp/e;
    %flag_get/vec4 4;
    %pushi/vec4 1, 0, 32;
    %load/vec4 v0x1fa6540_0;
    %pad/u 32;
    %cmp/ne;
    %flag_get/vec4 6;
    %and;
    %flag_set/vec4 8;
    %jmp/0xz  T_1.27, 8;
    %load/vec4 v0x1fa6a30_0;
    %cmpi/s 15, 0, 32;
    %jmp/0xz  T_1.29, 5;
    %vpi_call 2 100 "$display", "[halfadder] ERROR: %b + %b should produce cout=1 but was %b instead", v0x1fa6000_0, v0x1fa6780_0, v0x1fa6540_0 {0 0 0};
T_1.29 ;
    %load/vec4 v0x1fa6a30_0;
    %addi 1, 0, 32;
    %store/vec4 v0x1fa6a30_0, 0, 32;
T_1.27 ;
    %load/vec4 v0x1fa70e0_0;
    %addi 1, 0, 32;
    %store/vec4 v0x1fa70e0_0, 0, 32;
    %jmp T_1.0;
T_1.1 ;
    %pushi/vec4 0, 0, 32;
    %store/vec4 v0x1fa70e0_0, 0, 32;
T_1.31 ;
    %load/vec4 v0x1fa70e0_0;
    %cmpi/s 7, 0, 32;
    %flag_or 5, 4;
    %jmp/0xz T_1.32, 5;
    %load/vec4 v0x1fa70e0_0;
    %parti/s 1, 0, 2;
    %store/vec4 v0x1fa6000_0, 0, 1;
    %load/vec4 v0x1fa70e0_0;
    %parti/s 1, 1, 2;
    %store/vec4 v0x1fa6780_0, 0, 1;
    %load/vec4 v0x1fa70e0_0;
    %parti/s 1, 2, 3;
    %store/vec4 v0x1fa6990_0, 0, 1;
    %delay 6000, 0;
    %load/vec4 v0x1fa71c0_0;
    %addi 2, 0, 32;
    %store/vec4 v0x1fa71c0_0, 0, 32;
    %load/vec4 v0x1fa6e80_0;
    %load/vec4 v0x1fa6380_0;
    %cmp/ne;
    %jmp/0xz  T_1.33, 6;
    %load/vec4 v0x1fa6a30_0;
    %cmpi/s 15, 0, 32;
    %jmp/0xz  T_1.35, 5;
    %vpi_call 2 120 "$display", "[fulladder] ERROR: %b + %b should produce cout=%b but was %b instead", v0x1fa6000_0, v0x1fa6780_0, v0x1fa6e80_0, v0x1fa6380_0 {0 0 0};
T_1.35 ;
    %load/vec4 v0x1fa6a30_0;
    %addi 1, 0, 32;
    %store/vec4 v0x1fa6a30_0, 0, 32;
T_1.33 ;
    %load/vec4 v0x1fa6f40_0;
    %load/vec4 v0x1fa6450_0;
    %cmp/ne;
    %jmp/0xz  T_1.37, 6;
    %load/vec4 v0x1fa6a30_0;
    %cmpi/s 15, 0, 32;
    %jmp/0xz  T_1.39, 5;
    %vpi_call 2 126 "$display", "[fulladder] ERROR: %b + %b should produce sum=%b but was %b instead", v0x1fa6000_0, v0x1fa6780_0, v0x1fa6f40_0, v0x1fa6450_0 {0 0 0};
T_1.39 ;
    %load/vec4 v0x1fa6a30_0;
    %addi 1, 0, 32;
    %store/vec4 v0x1fa6a30_0, 0, 32;
T_1.37 ;
    %load/vec4 v0x1fa70e0_0;
    %addi 1, 0, 32;
    %store/vec4 v0x1fa70e0_0, 0, 32;
    %jmp T_1.31;
T_1.32 ;
    %pushi/vec4 0, 0, 32;
    %store/vec4 v0x1fa70e0_0, 0, 32;
T_1.41 ;
    %load/vec4 v0x1fa70e0_0;
    %cmpi/s 31, 0, 32;
    %flag_or 5, 4;
    %jmp/0xz T_1.42, 5;
    %load/vec4 v0x1fa70e0_0;
    %parti/s 2, 0, 2;
    %store/vec4 v0x1fa60a0_0, 0, 2;
    %load/vec4 v0x1fa70e0_0;
    %parti/s 2, 2, 3;
    %store/vec4 v0x1fa6820_0, 0, 2;
    %load/vec4 v0x1fa70e0_0;
    %parti/s 1, 4, 4;
    %store/vec4 v0x1fa6990_0, 0, 1;
    %delay 6000, 0;
    %load/vec4 v0x1fa71c0_0;
    %addi 2, 0, 32;
    %store/vec4 v0x1fa71c0_0, 0, 32;
    %load/vec4 v0x1fa6ad0_0;
    %load/vec4 v0x1fa6220_0;
    %cmp/ne;
    %jmp/0xz  T_1.43, 6;
    %load/vec4 v0x1fa6a30_0;
    %cmpi/s 15, 0, 32;
    %jmp/0xz  T_1.45, 5;
    %vpi_call 2 145 "$display", "[fulladder2] ERROR: %b + %b should produce cout=%b but was %b instead", v0x1fa60a0_0, v0x1fa6820_0, v0x1fa6ad0_0, v0x1fa6220_0 {0 0 0};
T_1.45 ;
    %load/vec4 v0x1fa6a30_0;
    %addi 1, 0, 32;
    %store/vec4 v0x1fa6a30_0, 0, 32;
T_1.43 ;
    %load/vec4 v0x1fa6da0_0;
    %load/vec4 v0x1fa62c0_0;
    %cmp/ne;
    %jmp/0xz  T_1.47, 6;
    %load/vec4 v0x1fa6a30_0;
    %cmpi/s 15, 0, 32;
    %jmp/0xz  T_1.49, 5;
    %vpi_call 2 151 "$display", "[fulladder2] ERROR: %b + %b should produce sum=%b but was %b instead", v0x1fa60a0_0, v0x1fa6820_0, v0x1fa6da0_0, v0x1fa62c0_0 {0 0 0};
T_1.49 ;
    %load/vec4 v0x1fa6a30_0;
    %addi 1, 0, 32;
    %store/vec4 v0x1fa6a30_0, 0, 32;
T_1.47 ;
    %load/vec4 v0x1fa70e0_0;
    %addi 1, 0, 32;
    %store/vec4 v0x1fa70e0_0, 0, 32;
    %jmp T_1.41;
T_1.42 ;
    %pushi/vec4 0, 0, 32;
    %store/vec4 v0x1fa70e0_0, 0, 32;
T_1.51 ;
    %load/vec4 v0x1fa70e0_0;
    %cmpi/s 255, 0, 32;
    %flag_or 5, 4;
    %jmp/0xz T_1.52, 5;
    %load/vec4 v0x1fa70e0_0;
    %parti/s 4, 0, 2;
    %store/vec4 v0x1fa6160_0, 0, 4;
    %load/vec4 v0x1fa70e0_0;
    %parti/s 4, 4, 4;
    %store/vec4 v0x1fa68f0_0, 0, 4;
    %delay 6000, 0;
    %load/vec4 v0x1fa71c0_0;
    %addi 1, 0, 32;
    %store/vec4 v0x1fa71c0_0, 0, 32;
    %load/vec4 v0x1fa7000_0;
    %pad/u 8;
    %load/vec4 v0x1fa66b0_0;
    %cmp/ne;
    %jmp/0xz  T_1.53, 6;
    %load/vec4 v0x1fa6a30_0;
    %cmpi/s 15, 0, 32;
    %jmp/0xz  T_1.55, 5;
    %vpi_call 2 170 "$display", "[rca4] ERROR: %b + %b should produce sum=%b but was %b instead", v0x1fa6160_0, v0x1fa68f0_0, v0x1fa7000_0, v0x1fa66b0_0 {0 0 0};
T_1.55 ;
    %load/vec4 v0x1fa6a30_0;
    %addi 1, 0, 32;
    %store/vec4 v0x1fa6a30_0, 0, 32;
T_1.53 ;
    %load/vec4 v0x1fa70e0_0;
    %addi 1, 0, 32;
    %store/vec4 v0x1fa70e0_0, 0, 32;
    %jmp T_1.51;
T_1.52 ;
    %load/vec4 v0x1fa6a30_0;
    %cmpi/s 15, 0, 32;
    %flag_or 5, 4; GT is !LE
    %flag_inv 5;
    %jmp/0xz  T_1.57, 5;
    %load/vec4 v0x1fa6a30_0;
    %subi 15, 0, 32;
    %vpi_call 2 177 "$display", "Additional %d errors NOT printed.", S<0,vec4,s32> {1 0 0};
T_1.57 ;
    %vpi_call 2 179 "$display", "Simulation finished: %d test cases %d errors", v0x1fa71c0_0, v0x1fa6a30_0 {0 0 0};
    %load/vec4 v0x1fa71c0_0;
    %store/vec4 v0x1f9e280_0, 0, 32;
    %load/vec4 v0x1fa71c0_0;
    %load/vec4 v0x1fa6a30_0;
    %sub;
    %store/vec4 v0x1f9e180_0, 0, 32;
    %fork TD_test_adders.printPoints, S_0x1f9dfa0;
    %join;
    %vpi_call 2 181 "$finish" {0 0 0};
    %end;
    .thread T_1;
# The file index is used to find the file name in the following table.
:file_names 5;
    "N/A";
    "<interactive>";
    "rca_testbench.v";
    "rca.v";
    "./print_points.v";
